ARM GAS  C:\Users\jupac\AppData\Local\Temp\ccO2skXL.s 			page 1


   1              		.syntax unified
   2              		.cpu cortex-m0
   3              		.fpu softvfp
   4              		.eabi_attribute 20, 1
   5              		.eabi_attribute 21, 1
   6              		.eabi_attribute 23, 3
   7              		.eabi_attribute 24, 1
   8              		.eabi_attribute 25, 1
   9              		.eabi_attribute 26, 1
  10              		.eabi_attribute 30, 1
  11              		.eabi_attribute 34, 0
  12              		.eabi_attribute 18, 4
  13              		.thumb
  14              		.syntax unified
  15              		.file	"main.c"
  16              		.text
  17              	.Ltext0:
  18              		.cfi_sections	.debug_frame
  19              		.section	.text.AppCallBack,"ax",%progbits
  20              		.align	2
  21              		.global	AppCallBack
  22              		.code	16
  23              		.thumb_func
  24              		.type	AppCallBack, %function
  25              	AppCallBack:
  26              	.LFB36:
  27              		.file 1 "main.c"
   1:main.c        **** /* ========================================
   2:main.c        ****  *
   3:main.c        ****  * Copyright YOUR COMPANY, THE YEAR
   4:main.c        ****  * All Rights Reserved
   5:main.c        ****  * UNPUBLISHED, LICENSED SOFTWARE.
   6:main.c        ****  *a+
   7:main.c        ****  * CONFIDENTIAL AND PROPRIETARY INFORMATION
   8:main.c        ****  * WHICH IS THE PROPERTY OF your company.
   9:main.c        ****  *Juan Pablo Cano López
  10:main.c        ****  * ========================================
  11:main.c        **** */
  12:main.c        **** #include "project.h"
  13:main.c        **** #include <stdio.h>
  14:main.c        **** #include <stdlib.h>
  15:main.c        **** 
  16:main.c        **** uint16_t contador=0; //Contador utilizado para controlar cuando el dispositivo detiene el envío de
  17:main.c        **** char PrintBuffer[255]={0};//String utilizado para mostrar información por la UART
  18:main.c        **** extern CYBLE_GAPP_DISC_MODE_INFO_T cyBle_discoveryModeInfo; //Variable definida externamente utiliz
  19:main.c        ****                                                             //en la orden CyBle_GappSetNumOfAdvPkts
  20:main.c        **** 
  21:main.c        **** /**
  22:main.c        ****  *FUNCIÓN DE CALLBACK
  23:main.c        ****  *Esta función establece las acciones que debe realizar el dispositivo en respuesta a diferentes e
  24:main.c        ****  * @brief                   BLE module application callback.
  25:main.c        ****  * @param[in] event         Type of BLE event as defined in the BLE Stack.
  26:main.c        ****  * @param[in] eventParam    Parameters associated with the specific BLE event.
  27:main.c        ****  */
  28:main.c        **** void AppCallBack(uint32 event, void *eventParam)
  29:main.c        **** {
  28              		.loc 1 29 0
ARM GAS  C:\Users\jupac\AppData\Local\Temp\ccO2skXL.s 			page 2


  29              		.cfi_startproc
  30              		@ args = 0, pretend = 0, frame = 0
  31              		@ frame_needed = 0, uses_anonymous_args = 0
  32              	.LVL0:
  33 0000 10B5     		push	{r4, lr}
  34              		.cfi_def_cfa_offset 8
  35              		.cfi_offset 4, -8
  36              		.cfi_offset 14, -4
  30:main.c        ****     (void) eventParam;
  31:main.c        **** 
  32:main.c        ****     switch (event)
  37              		.loc 1 32 0
  38 0002 0128     		cmp	r0, #1
  39 0004 02D0     		beq	.L3
  40 0006 2628     		cmp	r0, #38
  41 0008 0FD0     		beq	.L4
  42 000a 1AE0     		b	.L1
  43              	.L3:
  33:main.c        ****     {
  34:main.c        ****   
  35:main.c        ****     //Evento que sucede al iniciar el dispositivo
  36:main.c        ****     case CYBLE_EVT_STACK_ON:
  37:main.c        ****         
  38:main.c        ****         //Se fija una cantidad total de 600 paquetes (200 paquetes en cada uno de los canales) 
  39:main.c        ****         CyBle_GappSetNumOfAdvPkts(&cyBle_discoveryModeInfo,600);
  44              		.loc 1 39 0
  45 000c 9621     		movs	r1, #150
  46              	.LVL1:
  47 000e 8900     		lsls	r1, r1, #2
  48 0010 0C48     		ldr	r0, .L5
  49              	.LVL2:
  50 0012 FFF7FEFF 		bl	CyBle_GappSetNumOfAdvPkts
  51              	.LVL3:
  40:main.c        ****         //Espera de 5s antes de iniciar a transmitir
  41:main.c        ****         CyDelay(5000);
  52              		.loc 1 41 0
  53 0016 0C48     		ldr	r0, .L5+4
  54 0018 FFF7FEFF 		bl	CyDelay
  55              	.LVL4:
  42:main.c        ****         //Encender led para indicar que se comienza a transmitir tramas
  43:main.c        ****         LED1_Write(1);
  56              		.loc 1 43 0
  57 001c 0120     		movs	r0, #1
  58 001e FFF7FEFF 		bl	LED1_Write
  59              	.LVL5:
  44:main.c        ****         //Comenzar a enviar tramas de anuncio
  45:main.c        ****         CyBle_GappStartAdvertisement(CYBLE_ADVERTISING_FAST);
  60              		.loc 1 45 0
  61 0022 0020     		movs	r0, #0
  62 0024 FFF7FEFF 		bl	CyBle_GappStartAdvertisement
  63              	.LVL6:
  46:main.c        ****         
  47:main.c        ****         break;
  64              		.loc 1 47 0
  65 0028 0BE0     		b	.L1
  66              	.LVL7:
  67              	.L4:
ARM GAS  C:\Users\jupac\AppData\Local\Temp\ccO2skXL.s 			page 3


  48:main.c        ****         
  49:main.c        ****     //Evento que sucede cuando se inicia el advertisement o se detiene
  50:main.c        ****     //Cuando el anunciador termina de anunciar los paquetes entra en este estado
  51:main.c        ****     //con valor de contador = 1, se le suma 1 a este valor, detiene el advertising y apaga el led d
  52:main.c        ****     case CYBLE_EVT_GAPP_ADVERTISEMENT_START_STOP:
  53:main.c        ****         
  54:main.c        ****     contador++;
  68              		.loc 1 54 0
  69 002a 084A     		ldr	r2, .L5+8
  70 002c 1388     		ldrh	r3, [r2]
  71 002e 0133     		adds	r3, r3, #1
  72 0030 9BB2     		uxth	r3, r3
  73 0032 1380     		strh	r3, [r2]
  55:main.c        ****         
  56:main.c        ****     //Sección que sirve para visualizar el contador, tendrá 2, como valor al finalizar el program
  57:main.c        ****         
  58:main.c        ****     //snprintf(PrintBuffer, 255,"%u", contador);
  59:main.c        ****     //UART_PutString(PrintBuffer);
  60:main.c        ****     //UART_PutString("\r\n");
  61:main.c        ****         
  62:main.c        ****     //Fin sección de visualización del contador
  63:main.c        ****     
  64:main.c        ****     //Cuando el contador toma el valor 2 el dispositivo cesa de enviar tramas de anuncio y apaga el
  65:main.c        ****     if(contador==2){
  74              		.loc 1 65 0
  75 0034 022B     		cmp	r3, #2
  76 0036 04D1     		bne	.L1
  66:main.c        ****         //Detener anuncios
  67:main.c        ****         CyBle_GappStopAdvertisement();
  77              		.loc 1 67 0
  78 0038 FFF7FEFF 		bl	CyBle_GappStopAdvertisement
  79              	.LVL8:
  68:main.c        ****         //Apagar led de control
  69:main.c        ****         LED1_Write(0);
  80              		.loc 1 69 0
  81 003c 0020     		movs	r0, #0
  82 003e FFF7FEFF 		bl	LED1_Write
  83              	.LVL9:
  84              	.L1:
  70:main.c        ****     }
  71:main.c        ****     
  72:main.c        ****     break;    
  73:main.c        ****    
  74:main.c        ****     default:
  75:main.c        ****         break;
  76:main.c        ****     }
  77:main.c        **** }
  85              		.loc 1 77 0
  86              		@ sp needed
  87 0042 10BD     		pop	{r4, pc}
  88              	.L6:
  89              		.align	2
  90              	.L5:
  91 0044 00000000 		.word	cyBle_discoveryModeInfo
  92 0048 88130000 		.word	5000
  93 004c 00000000 		.word	.LANCHOR0
  94              		.cfi_endproc
ARM GAS  C:\Users\jupac\AppData\Local\Temp\ccO2skXL.s 			page 4


  95              	.LFE36:
  96              		.size	AppCallBack, .-AppCallBack
  97              		.section	.text.main,"ax",%progbits
  98              		.align	2
  99              		.global	main
 100              		.code	16
 101              		.thumb_func
 102              		.type	main, %function
 103              	main:
 104              	.LFB37:
  78:main.c        **** 
  79:main.c        **** int main(void)
  80:main.c        **** {
 105              		.loc 1 80 0
 106              		.cfi_startproc
 107              		@ Volatile: function does not return.
 108              		@ args = 0, pretend = 0, frame = 0
 109              		@ frame_needed = 0, uses_anonymous_args = 0
 110 0000 10B5     		push	{r4, lr}
 111              		.cfi_def_cfa_offset 8
 112              		.cfi_offset 4, -8
 113              		.cfi_offset 14, -4
  81:main.c        **** 
  82:main.c        ****     CyGlobalIntEnable; /* Enable global interrupts. */
 114              		.loc 1 82 0
 115              		.syntax divided
 116              	@ 82 "main.c" 1
 117 0002 62B6     		CPSIE   i
 118              	@ 0 "" 2
  83:main.c        ****     CyBle_Start(AppCallBack);// Iniciamos el dispositivo a través de la función de callback
 119              		.loc 1 83 0
 120              		.thumb
 121              		.syntax unified
 122 0004 0548     		ldr	r0, .L9
 123 0006 FFF7FEFF 		bl	CyBle_Start
 124              	.LVL10:
  84:main.c        ****     UART_Start();//Iniciamos la UART para poder visualizar datos
 125              		.loc 1 84 0
 126 000a FFF7FEFF 		bl	UART_Start
 127              	.LVL11:
 128              	.L8:
  85:main.c        **** 
  86:main.c        ****     for(;;)
  87:main.c        ****     {    
  88:main.c        ****         //El dispositivo procesa las órdenes enviadas
  89:main.c        ****         CyBle_ProcessEvents();
 129              		.loc 1 89 0 discriminator 1
 130 000e FFF7FEFF 		bl	CyBle_ProcessEvents
 131              	.LVL12:
  90:main.c        ****         //Espera de un tiempo pequeño debe ser la mitad del advertising interval o menos
  91:main.c        ****         CyDelay(50);
 132              		.loc 1 91 0 discriminator 1
 133 0012 3220     		movs	r0, #50
 134 0014 FFF7FEFF 		bl	CyDelay
 135              	.LVL13:
 136 0018 F9E7     		b	.L8
 137              	.L10:
ARM GAS  C:\Users\jupac\AppData\Local\Temp\ccO2skXL.s 			page 5


 138 001a C046     		.align	2
 139              	.L9:
 140 001c 00000000 		.word	AppCallBack
 141              		.cfi_endproc
 142              	.LFE37:
 143              		.size	main, .-main
 144              		.global	PrintBuffer
 145              		.global	contador
 146              		.bss
 147              		.align	2
 148              		.set	.LANCHOR0,. + 0
 149              		.type	contador, %object
 150              		.size	contador, 2
 151              	contador:
 152 0000 0000     		.space	2
 153 0002 0000     		.space	2
 154              		.type	PrintBuffer, %object
 155              		.size	PrintBuffer, 255
 156              	PrintBuffer:
 157 0004 00000000 		.space	255
 157      00000000 
 157      00000000 
 157      00000000 
 157      00000000 
 158              		.text
 159              	.Letext0:
 160              		.file 2 "c:\\program files (x86)\\cypress\\psoc creator\\4.4\\psoc creator\\import\\gnu\\arm\\5.4.
 161              		.file 3 "c:\\program files (x86)\\cypress\\psoc creator\\4.4\\psoc creator\\import\\gnu\\arm\\5.4.
 162              		.file 4 "Generated_Source\\PSoC4/cytypes.h"
 163              		.file 5 "Generated_Source\\PSoC4/BLE_Stack.h"
 164              		.file 6 "Generated_Source\\PSoC4/BLE_StackGap.h"
 165              		.file 7 "Generated_Source\\PSoC4/CyLib.h"
 166              		.file 8 "Generated_Source\\PSoC4/LED1.h"
 167              		.file 9 "Generated_Source\\PSoC4/BLE.h"
 168              		.file 10 "Generated_Source\\PSoC4/UART.h"
 169              		.section	.debug_info,"",%progbits
 170              	.Ldebug_info0:
 171 0000 AB050000 		.4byte	0x5ab
 172 0004 0400     		.2byte	0x4
 173 0006 00000000 		.4byte	.Ldebug_abbrev0
 174 000a 04       		.byte	0x4
 175 000b 01       		.uleb128 0x1
 176 000c B2010000 		.4byte	.LASF129
 177 0010 0C       		.byte	0xc
 178 0011 17070000 		.4byte	.LASF130
 179 0015 70030000 		.4byte	.LASF131
 180 0019 00000000 		.4byte	.Ldebug_ranges0+0
 181 001d 00000000 		.4byte	0
 182 0021 00000000 		.4byte	.Ldebug_line0
 183 0025 02       		.uleb128 0x2
 184 0026 01       		.byte	0x1
 185 0027 06       		.byte	0x6
 186 0028 51030000 		.4byte	.LASF0
 187 002c 02       		.uleb128 0x2
 188 002d 01       		.byte	0x1
 189 002e 08       		.byte	0x8
 190 002f C2090000 		.4byte	.LASF1
ARM GAS  C:\Users\jupac\AppData\Local\Temp\ccO2skXL.s 			page 6


 191 0033 02       		.uleb128 0x2
 192 0034 02       		.byte	0x2
 193 0035 05       		.byte	0x5
 194 0036 F4090000 		.4byte	.LASF2
 195 003a 03       		.uleb128 0x3
 196 003b 690B0000 		.4byte	.LASF9
 197 003f 02       		.byte	0x2
 198 0040 2B       		.byte	0x2b
 199 0041 45000000 		.4byte	0x45
 200 0045 02       		.uleb128 0x2
 201 0046 02       		.byte	0x2
 202 0047 07       		.byte	0x7
 203 0048 73060000 		.4byte	.LASF3
 204 004c 02       		.uleb128 0x2
 205 004d 04       		.byte	0x4
 206 004e 05       		.byte	0x5
 207 004f A9010000 		.4byte	.LASF4
 208 0053 02       		.uleb128 0x2
 209 0054 04       		.byte	0x4
 210 0055 07       		.byte	0x7
 211 0056 A9050000 		.4byte	.LASF5
 212 005a 02       		.uleb128 0x2
 213 005b 08       		.byte	0x8
 214 005c 05       		.byte	0x5
 215 005d 43030000 		.4byte	.LASF6
 216 0061 02       		.uleb128 0x2
 217 0062 08       		.byte	0x8
 218 0063 07       		.byte	0x7
 219 0064 5C020000 		.4byte	.LASF7
 220 0068 04       		.uleb128 0x4
 221 0069 04       		.byte	0x4
 222 006a 05       		.byte	0x5
 223 006b 696E7400 		.ascii	"int\000"
 224 006f 02       		.uleb128 0x2
 225 0070 04       		.byte	0x4
 226 0071 07       		.byte	0x7
 227 0072 6E050000 		.4byte	.LASF8
 228 0076 03       		.uleb128 0x3
 229 0077 9A050000 		.4byte	.LASF10
 230 007b 03       		.byte	0x3
 231 007c 24       		.byte	0x24
 232 007d 3A000000 		.4byte	0x3a
 233 0081 05       		.uleb128 0x5
 234 0082 93040000 		.4byte	.LASF11
 235 0086 04       		.byte	0x4
 236 0087 FB01     		.2byte	0x1fb
 237 0089 2C000000 		.4byte	0x2c
 238 008d 05       		.uleb128 0x5
 239 008e 3F000000 		.4byte	.LASF12
 240 0092 04       		.byte	0x4
 241 0093 FC01     		.2byte	0x1fc
 242 0095 45000000 		.4byte	0x45
 243 0099 05       		.uleb128 0x5
 244 009a DC040000 		.4byte	.LASF13
 245 009e 04       		.byte	0x4
 246 009f FD01     		.2byte	0x1fd
 247 00a1 53000000 		.4byte	0x53
ARM GAS  C:\Users\jupac\AppData\Local\Temp\ccO2skXL.s 			page 7


 248 00a5 02       		.uleb128 0x2
 249 00a6 04       		.byte	0x4
 250 00a7 04       		.byte	0x4
 251 00a8 90090000 		.4byte	.LASF14
 252 00ac 02       		.uleb128 0x2
 253 00ad 08       		.byte	0x8
 254 00ae 04       		.byte	0x4
 255 00af C4040000 		.4byte	.LASF15
 256 00b3 02       		.uleb128 0x2
 257 00b4 01       		.byte	0x1
 258 00b5 08       		.byte	0x8
 259 00b6 420B0000 		.4byte	.LASF16
 260 00ba 02       		.uleb128 0x2
 261 00bb 08       		.byte	0x8
 262 00bc 04       		.byte	0x4
 263 00bd 040B0000 		.4byte	.LASF17
 264 00c1 02       		.uleb128 0x2
 265 00c2 04       		.byte	0x4
 266 00c3 07       		.byte	0x7
 267 00c4 63080000 		.4byte	.LASF18
 268 00c8 06       		.uleb128 0x6
 269 00c9 04       		.byte	0x4
 270 00ca 07       		.uleb128 0x7
 271 00cb 01       		.byte	0x1
 272 00cc 2C000000 		.4byte	0x2c
 273 00d0 05       		.byte	0x5
 274 00d1 3501     		.2byte	0x135
 275 00d3 88020000 		.4byte	0x288
 276 00d7 08       		.uleb128 0x8
 277 00d8 86060000 		.4byte	.LASF19
 278 00dc 00       		.byte	0
 279 00dd 08       		.uleb128 0x8
 280 00de 5D030000 		.4byte	.LASF20
 281 00e2 01       		.byte	0x1
 282 00e3 08       		.uleb128 0x8
 283 00e4 97010000 		.4byte	.LASF21
 284 00e8 02       		.byte	0x2
 285 00e9 08       		.uleb128 0x8
 286 00ea D80B0000 		.4byte	.LASF22
 287 00ee 03       		.byte	0x3
 288 00ef 08       		.uleb128 0x8
 289 00f0 73020000 		.4byte	.LASF23
 290 00f4 04       		.byte	0x4
 291 00f5 08       		.uleb128 0x8
 292 00f6 23000000 		.4byte	.LASF24
 293 00fa 05       		.byte	0x5
 294 00fb 08       		.uleb128 0x8
 295 00fc BB060000 		.4byte	.LASF25
 296 0100 06       		.byte	0x6
 297 0101 08       		.uleb128 0x8
 298 0102 A8070000 		.4byte	.LASF26
 299 0106 20       		.byte	0x20
 300 0107 08       		.uleb128 0x8
 301 0108 0D040000 		.4byte	.LASF27
 302 010c 21       		.byte	0x21
 303 010d 08       		.uleb128 0x8
 304 010e D4060000 		.4byte	.LASF28
ARM GAS  C:\Users\jupac\AppData\Local\Temp\ccO2skXL.s 			page 8


 305 0112 22       		.byte	0x22
 306 0113 08       		.uleb128 0x8
 307 0114 4B070000 		.4byte	.LASF29
 308 0118 23       		.byte	0x23
 309 0119 08       		.uleb128 0x8
 310 011a 0E090000 		.4byte	.LASF30
 311 011e 24       		.byte	0x24
 312 011f 08       		.uleb128 0x8
 313 0120 78080000 		.4byte	.LASF31
 314 0124 25       		.byte	0x25
 315 0125 08       		.uleb128 0x8
 316 0126 6B040000 		.4byte	.LASF32
 317 012a 26       		.byte	0x26
 318 012b 08       		.uleb128 0x8
 319 012c F8060000 		.4byte	.LASF33
 320 0130 27       		.byte	0x27
 321 0131 08       		.uleb128 0x8
 322 0132 470B0000 		.4byte	.LASF34
 323 0136 28       		.byte	0x28
 324 0137 08       		.uleb128 0x8
 325 0138 FD020000 		.4byte	.LASF35
 326 013c 29       		.byte	0x29
 327 013d 08       		.uleb128 0x8
 328 013e 88000000 		.4byte	.LASF36
 329 0142 2A       		.byte	0x2a
 330 0143 08       		.uleb128 0x8
 331 0144 E3030000 		.4byte	.LASF37
 332 0148 2B       		.byte	0x2b
 333 0149 08       		.uleb128 0x8
 334 014a C70C0000 		.4byte	.LASF38
 335 014e 2C       		.byte	0x2c
 336 014f 08       		.uleb128 0x8
 337 0150 1A030000 		.4byte	.LASF39
 338 0154 2D       		.byte	0x2d
 339 0155 08       		.uleb128 0x8
 340 0156 D0090000 		.4byte	.LASF40
 341 015a 2E       		.byte	0x2e
 342 015b 08       		.uleb128 0x8
 343 015c 0C010000 		.4byte	.LASF41
 344 0160 2F       		.byte	0x2f
 345 0161 08       		.uleb128 0x8
 346 0162 D9080000 		.4byte	.LASF42
 347 0166 30       		.byte	0x30
 348 0167 08       		.uleb128 0x8
 349 0168 370D0000 		.4byte	.LASF43
 350 016c 31       		.byte	0x31
 351 016d 08       		.uleb128 0x8
 352 016e B8080000 		.4byte	.LASF44
 353 0172 32       		.byte	0x32
 354 0173 08       		.uleb128 0x8
 355 0174 DD0A0000 		.4byte	.LASF45
 356 0178 33       		.byte	0x33
 357 0179 08       		.uleb128 0x8
 358 017a BB050000 		.4byte	.LASF46
 359 017e 34       		.byte	0x34
 360 017f 08       		.uleb128 0x8
 361 0180 2F050000 		.4byte	.LASF47
ARM GAS  C:\Users\jupac\AppData\Local\Temp\ccO2skXL.s 			page 9


 362 0184 35       		.byte	0x35
 363 0185 08       		.uleb128 0x8
 364 0186 1E070000 		.4byte	.LASF48
 365 018a 36       		.byte	0x36
 366 018b 08       		.uleb128 0x8
 367 018c CC070000 		.4byte	.LASF49
 368 0190 37       		.byte	0x37
 369 0191 08       		.uleb128 0x8
 370 0192 C30A0000 		.4byte	.LASF50
 371 0196 40       		.byte	0x40
 372 0197 08       		.uleb128 0x8
 373 0198 71070000 		.4byte	.LASF51
 374 019c 41       		.byte	0x41
 375 019d 08       		.uleb128 0x8
 376 019e 5B0D0000 		.4byte	.LASF52
 377 01a2 42       		.byte	0x42
 378 01a3 08       		.uleb128 0x8
 379 01a4 F90B0000 		.4byte	.LASF53
 380 01a8 43       		.byte	0x43
 381 01a9 08       		.uleb128 0x8
 382 01aa ED050000 		.4byte	.LASF54
 383 01ae 44       		.byte	0x44
 384 01af 08       		.uleb128 0x8
 385 01b0 69090000 		.4byte	.LASF55
 386 01b4 45       		.byte	0x45
 387 01b5 08       		.uleb128 0x8
 388 01b6 1F080000 		.4byte	.LASF56
 389 01ba 46       		.byte	0x46
 390 01bb 08       		.uleb128 0x8
 391 01bc 9D060000 		.4byte	.LASF57
 392 01c0 47       		.byte	0x47
 393 01c1 08       		.uleb128 0x8
 394 01c2 A00C0000 		.4byte	.LASF58
 395 01c6 48       		.byte	0x48
 396 01c7 08       		.uleb128 0x8
 397 01c8 24040000 		.4byte	.LASF59
 398 01cc 49       		.byte	0x49
 399 01cd 08       		.uleb128 0x8
 400 01ce 820C0000 		.4byte	.LASF60
 401 01d2 4A       		.byte	0x4a
 402 01d3 08       		.uleb128 0x8
 403 01d4 35010000 		.4byte	.LASF61
 404 01d8 4B       		.byte	0x4b
 405 01d9 08       		.uleb128 0x8
 406 01da D3050000 		.4byte	.LASF62
 407 01de 4C       		.byte	0x4c
 408 01df 08       		.uleb128 0x8
 409 01e0 92080000 		.4byte	.LASF63
 410 01e4 4D       		.byte	0x4d
 411 01e5 08       		.uleb128 0x8
 412 01e6 4D040000 		.4byte	.LASF64
 413 01ea 4E       		.byte	0x4e
 414 01eb 08       		.uleb128 0x8
 415 01ec 450A0000 		.4byte	.LASF65
 416 01f0 4F       		.byte	0x4f
 417 01f1 08       		.uleb128 0x8
 418 01f2 54010000 		.4byte	.LASF66
ARM GAS  C:\Users\jupac\AppData\Local\Temp\ccO2skXL.s 			page 10


 419 01f6 50       		.byte	0x50
 420 01f7 08       		.uleb128 0x8
 421 01f8 A5040000 		.4byte	.LASF67
 422 01fc 51       		.byte	0x51
 423 01fd 08       		.uleb128 0x8
 424 01fe 2A090000 		.4byte	.LASF68
 425 0202 52       		.byte	0x52
 426 0203 08       		.uleb128 0x8
 427 0204 070A0000 		.4byte	.LASF69
 428 0208 53       		.byte	0x53
 429 0209 08       		.uleb128 0x8
 430 020a A20A0000 		.4byte	.LASF70
 431 020e 54       		.byte	0x54
 432 020f 08       		.uleb128 0x8
 433 0210 0B060000 		.4byte	.LASF71
 434 0214 55       		.byte	0x55
 435 0215 08       		.uleb128 0x8
 436 0216 4C050000 		.4byte	.LASF72
 437 021a 56       		.byte	0x56
 438 021b 08       		.uleb128 0x8
 439 021c 740B0000 		.4byte	.LASF73
 440 0220 57       		.byte	0x57
 441 0221 08       		.uleb128 0x8
 442 0222 2F060000 		.4byte	.LASF74
 443 0226 58       		.byte	0x58
 444 0227 08       		.uleb128 0x8
 445 0228 D7020000 		.4byte	.LASF75
 446 022c 70       		.byte	0x70
 447 022d 08       		.uleb128 0x8
 448 022e 0C0D0000 		.4byte	.LASF76
 449 0232 71       		.byte	0x71
 450 0233 08       		.uleb128 0x8
 451 0234 8C070000 		.4byte	.LASF77
 452 0238 72       		.byte	0x72
 453 0239 08       		.uleb128 0x8
 454 023a 01080000 		.4byte	.LASF78
 455 023e 73       		.byte	0x73
 456 023f 08       		.uleb128 0x8
 457 0240 4B090000 		.4byte	.LASF79
 458 0244 74       		.byte	0x74
 459 0245 08       		.uleb128 0x8
 460 0246 EB0C0000 		.4byte	.LASF80
 461 024a 75       		.byte	0x75
 462 024b 08       		.uleb128 0x8
 463 024c BF000000 		.4byte	.LASF81
 464 0250 76       		.byte	0x76
 465 0251 08       		.uleb128 0x8
 466 0252 46000000 		.4byte	.LASF82
 467 0256 77       		.byte	0x77
 468 0257 08       		.uleb128 0x8
 469 0258 00000000 		.4byte	.LASF83
 470 025c 78       		.byte	0x78
 471 025d 08       		.uleb128 0x8
 472 025e B50B0000 		.4byte	.LASF84
 473 0262 79       		.byte	0x79
 474 0263 08       		.uleb128 0x8
 475 0264 00050000 		.4byte	.LASF85
ARM GAS  C:\Users\jupac\AppData\Local\Temp\ccO2skXL.s 			page 11


 476 0268 7A       		.byte	0x7a
 477 0269 08       		.uleb128 0x8
 478 026a 93020000 		.4byte	.LASF86
 479 026e FA       		.byte	0xfa
 480 026f 08       		.uleb128 0x8
 481 0270 7B050000 		.4byte	.LASF87
 482 0274 FB       		.byte	0xfb
 483 0275 08       		.uleb128 0x8
 484 0276 330A0000 		.4byte	.LASF88
 485 027a FC       		.byte	0xfc
 486 027b 08       		.uleb128 0x8
 487 027c 100B0000 		.4byte	.LASF89
 488 0280 FD       		.byte	0xfd
 489 0281 08       		.uleb128 0x8
 490 0282 E3040000 		.4byte	.LASF90
 491 0286 FF       		.byte	0xff
 492 0287 00       		.byte	0
 493 0288 09       		.uleb128 0x9
 494 0289 81000000 		.4byte	0x81
 495 028d 98020000 		.4byte	0x298
 496 0291 0A       		.uleb128 0xa
 497 0292 C1000000 		.4byte	0xc1
 498 0296 05       		.byte	0x5
 499 0297 00       		.byte	0
 500 0298 0B       		.uleb128 0xb
 501 0299 01       		.byte	0x1
 502 029a 2C000000 		.4byte	0x2c
 503 029e 06       		.byte	0x6
 504 029f E0       		.byte	0xe0
 505 02a0 C3020000 		.4byte	0x2c3
 506 02a4 08       		.uleb128 0x8
 507 02a5 B1020000 		.4byte	.LASF91
 508 02a9 00       		.byte	0
 509 02aa 08       		.uleb128 0x8
 510 02ab E0000000 		.4byte	.LASF92
 511 02af 01       		.byte	0x1
 512 02b0 08       		.uleb128 0x8
 513 02b1 73010000 		.4byte	.LASF93
 514 02b5 02       		.byte	0x2
 515 02b6 08       		.uleb128 0x8
 516 02b7 580C0000 		.4byte	.LASF94
 517 02bb 03       		.byte	0x3
 518 02bc 08       		.uleb128 0x8
 519 02bd 6F0A0000 		.4byte	.LASF95
 520 02c1 04       		.byte	0x4
 521 02c2 00       		.byte	0
 522 02c3 03       		.uleb128 0x3
 523 02c4 470C0000 		.4byte	.LASF96
 524 02c8 06       		.byte	0x6
 525 02c9 F0       		.byte	0xf0
 526 02ca 98020000 		.4byte	0x298
 527 02ce 0C       		.uleb128 0xc
 528 02cf 10       		.byte	0x10
 529 02d0 06       		.byte	0x6
 530 02d1 2102     		.2byte	0x221
 531 02d3 40030000 		.4byte	0x340
 532 02d7 0D       		.uleb128 0xd
ARM GAS  C:\Users\jupac\AppData\Local\Temp\ccO2skXL.s 			page 12


 533 02d8 640A0000 		.4byte	.LASF97
 534 02dc 06       		.byte	0x6
 535 02dd 2702     		.2byte	0x227
 536 02df 8D000000 		.4byte	0x8d
 537 02e3 00       		.byte	0
 538 02e4 0D       		.uleb128 0xd
 539 02e5 280A0000 		.4byte	.LASF98
 540 02e9 06       		.byte	0x6
 541 02ea 2D02     		.2byte	0x22d
 542 02ec 8D000000 		.4byte	0x8d
 543 02f0 02       		.byte	0x2
 544 02f1 0D       		.uleb128 0xd
 545 02f2 D4040000 		.4byte	.LASF99
 546 02f6 06       		.byte	0x6
 547 02f7 3602     		.2byte	0x236
 548 02f9 C3020000 		.4byte	0x2c3
 549 02fd 04       		.byte	0x4
 550 02fe 0D       		.uleb128 0xd
 551 02ff 6C080000 		.4byte	.LASF100
 552 0303 06       		.byte	0x6
 553 0304 3E02     		.2byte	0x23e
 554 0306 81000000 		.4byte	0x81
 555 030a 05       		.byte	0x5
 556 030b 0D       		.uleb128 0xd
 557 030c B3090000 		.4byte	.LASF101
 558 0310 06       		.byte	0x6
 559 0311 4502     		.2byte	0x245
 560 0313 81000000 		.4byte	0x81
 561 0317 06       		.byte	0x6
 562 0318 0D       		.uleb128 0xd
 563 0319 02040000 		.4byte	.LASF102
 564 031d 06       		.byte	0x6
 565 031e 4B02     		.2byte	0x24b
 566 0320 88020000 		.4byte	0x288
 567 0324 07       		.byte	0x7
 568 0325 0D       		.uleb128 0xd
 569 0326 B1000000 		.4byte	.LASF103
 570 032a 06       		.byte	0x6
 571 032b 5302     		.2byte	0x253
 572 032d 81000000 		.4byte	0x81
 573 0331 0D       		.byte	0xd
 574 0332 0D       		.uleb128 0xd
 575 0333 3D040000 		.4byte	.LASF104
 576 0337 06       		.byte	0x6
 577 0338 5F02     		.2byte	0x25f
 578 033a 81000000 		.4byte	0x81
 579 033e 0E       		.byte	0xe
 580 033f 00       		.byte	0
 581 0340 05       		.uleb128 0x5
 582 0341 9D0B0000 		.4byte	.LASF105
 583 0345 06       		.byte	0x6
 584 0346 6102     		.2byte	0x261
 585 0348 CE020000 		.4byte	0x2ce
 586 034c 0C       		.uleb128 0xc
 587 034d 20       		.byte	0x20
 588 034e 06       		.byte	0x6
 589 034f 6402     		.2byte	0x264
ARM GAS  C:\Users\jupac\AppData\Local\Temp\ccO2skXL.s 			page 13


 590 0351 70030000 		.4byte	0x370
 591 0355 0D       		.uleb128 0xd
 592 0356 9A0A0000 		.4byte	.LASF106
 593 035a 06       		.byte	0x6
 594 035b 6702     		.2byte	0x267
 595 035d 70030000 		.4byte	0x370
 596 0361 00       		.byte	0
 597 0362 0D       		.uleb128 0xd
 598 0363 24050000 		.4byte	.LASF107
 599 0367 06       		.byte	0x6
 600 0368 6A02     		.2byte	0x26a
 601 036a 81000000 		.4byte	0x81
 602 036e 1F       		.byte	0x1f
 603 036f 00       		.byte	0
 604 0370 09       		.uleb128 0x9
 605 0371 81000000 		.4byte	0x81
 606 0375 80030000 		.4byte	0x380
 607 0379 0A       		.uleb128 0xa
 608 037a C1000000 		.4byte	0xc1
 609 037e 1E       		.byte	0x1e
 610 037f 00       		.byte	0
 611 0380 05       		.uleb128 0x5
 612 0381 71000000 		.4byte	.LASF108
 613 0385 06       		.byte	0x6
 614 0386 6C02     		.2byte	0x26c
 615 0388 4C030000 		.4byte	0x34c
 616 038c 0C       		.uleb128 0xc
 617 038d 20       		.byte	0x20
 618 038e 06       		.byte	0x6
 619 038f 6F02     		.2byte	0x26f
 620 0391 B0030000 		.4byte	0x3b0
 621 0395 0D       		.uleb128 0xd
 622 0396 99040000 		.4byte	.LASF109
 623 039a 06       		.byte	0x6
 624 039b 7302     		.2byte	0x273
 625 039d 70030000 		.4byte	0x370
 626 03a1 00       		.byte	0
 627 03a2 0D       		.uleb128 0xd
 628 03a3 F1040000 		.4byte	.LASF110
 629 03a7 06       		.byte	0x6
 630 03a8 7602     		.2byte	0x276
 631 03aa 81000000 		.4byte	0x81
 632 03ae 1F       		.byte	0x1f
 633 03af 00       		.byte	0
 634 03b0 05       		.uleb128 0x5
 635 03b1 52060000 		.4byte	.LASF111
 636 03b5 06       		.byte	0x6
 637 03b6 7802     		.2byte	0x278
 638 03b8 8C030000 		.4byte	0x38c
 639 03bc 0C       		.uleb128 0xc
 640 03bd 14       		.byte	0x14
 641 03be 06       		.byte	0x6
 642 03bf 7B02     		.2byte	0x27b
 643 03c1 07040000 		.4byte	0x407
 644 03c5 0D       		.uleb128 0xd
 645 03c6 CB040000 		.4byte	.LASF112
 646 03ca 06       		.byte	0x6
ARM GAS  C:\Users\jupac\AppData\Local\Temp\ccO2skXL.s 			page 14


 647 03cb 8302     		.2byte	0x283
 648 03cd 81000000 		.4byte	0x81
 649 03d1 00       		.byte	0
 650 03d2 0D       		.uleb128 0xd
 651 03d3 3E0C0000 		.4byte	.LASF113
 652 03d7 06       		.byte	0x6
 653 03d8 8602     		.2byte	0x286
 654 03da 07040000 		.4byte	0x407
 655 03de 04       		.byte	0x4
 656 03df 0D       		.uleb128 0xd
 657 03e0 9A0A0000 		.4byte	.LASF106
 658 03e4 06       		.byte	0x6
 659 03e5 8802     		.2byte	0x288
 660 03e7 0D040000 		.4byte	0x40d
 661 03eb 08       		.byte	0x8
 662 03ec 0D       		.uleb128 0xd
 663 03ed 99040000 		.4byte	.LASF109
 664 03f1 06       		.byte	0x6
 665 03f2 8A02     		.2byte	0x28a
 666 03f4 13040000 		.4byte	0x413
 667 03f8 0C       		.byte	0xc
 668 03f9 0D       		.uleb128 0xd
 669 03fa A3050000 		.4byte	.LASF114
 670 03fe 06       		.byte	0x6
 671 03ff 9402     		.2byte	0x294
 672 0401 8D000000 		.4byte	0x8d
 673 0405 10       		.byte	0x10
 674 0406 00       		.byte	0
 675 0407 0E       		.uleb128 0xe
 676 0408 04       		.byte	0x4
 677 0409 40030000 		.4byte	0x340
 678 040d 0E       		.uleb128 0xe
 679 040e 04       		.byte	0x4
 680 040f 80030000 		.4byte	0x380
 681 0413 0E       		.uleb128 0xe
 682 0414 04       		.byte	0x4
 683 0415 B0030000 		.4byte	0x3b0
 684 0419 05       		.uleb128 0x5
 685 041a 170C0000 		.4byte	.LASF115
 686 041e 06       		.byte	0x6
 687 041f 9602     		.2byte	0x296
 688 0421 BC030000 		.4byte	0x3bc
 689 0425 0F       		.uleb128 0xf
 690 0426 AC080000 		.4byte	.LASF132
 691 042a 01       		.byte	0x1
 692 042b 1C       		.byte	0x1c
 693 042c 00000000 		.4byte	.LFB36
 694 0430 50000000 		.4byte	.LFE36-.LFB36
 695 0434 01       		.uleb128 0x1
 696 0435 9C       		.byte	0x9c
 697 0436 C1040000 		.4byte	0x4c1
 698 043a 10       		.uleb128 0x10
 699 043b 6D060000 		.4byte	.LASF116
 700 043f 01       		.byte	0x1
 701 0440 1C       		.byte	0x1c
 702 0441 99000000 		.4byte	0x99
 703 0445 00000000 		.4byte	.LLST0
ARM GAS  C:\Users\jupac\AppData\Local\Temp\ccO2skXL.s 			page 15


 704 0449 10       		.uleb128 0x10
 705 044a 330C0000 		.4byte	.LASF117
 706 044e 01       		.byte	0x1
 707 044f 1C       		.byte	0x1c
 708 0450 C8000000 		.4byte	0xc8
 709 0454 3A000000 		.4byte	.LLST1
 710 0458 11       		.uleb128 0x11
 711 0459 16000000 		.4byte	.LVL3
 712 045d 51050000 		.4byte	0x551
 713 0461 6D040000 		.4byte	0x46d
 714 0465 12       		.uleb128 0x12
 715 0466 01       		.uleb128 0x1
 716 0467 51       		.byte	0x51
 717 0468 03       		.uleb128 0x3
 718 0469 0A       		.byte	0xa
 719 046a 5802     		.2byte	0x258
 720 046c 00       		.byte	0
 721 046d 11       		.uleb128 0x11
 722 046e 1C000000 		.4byte	.LVL4
 723 0472 5D050000 		.4byte	0x55d
 724 0476 82040000 		.4byte	0x482
 725 047a 12       		.uleb128 0x12
 726 047b 01       		.uleb128 0x1
 727 047c 50       		.byte	0x50
 728 047d 03       		.uleb128 0x3
 729 047e 0A       		.byte	0xa
 730 047f 8813     		.2byte	0x1388
 731 0481 00       		.byte	0
 732 0482 11       		.uleb128 0x11
 733 0483 22000000 		.4byte	.LVL5
 734 0487 68050000 		.4byte	0x568
 735 048b 95040000 		.4byte	0x495
 736 048f 12       		.uleb128 0x12
 737 0490 01       		.uleb128 0x1
 738 0491 50       		.byte	0x50
 739 0492 01       		.uleb128 0x1
 740 0493 31       		.byte	0x31
 741 0494 00       		.byte	0
 742 0495 11       		.uleb128 0x11
 743 0496 28000000 		.4byte	.LVL6
 744 049a 73050000 		.4byte	0x573
 745 049e A8040000 		.4byte	0x4a8
 746 04a2 12       		.uleb128 0x12
 747 04a3 01       		.uleb128 0x1
 748 04a4 50       		.byte	0x50
 749 04a5 01       		.uleb128 0x1
 750 04a6 30       		.byte	0x30
 751 04a7 00       		.byte	0
 752 04a8 13       		.uleb128 0x13
 753 04a9 3C000000 		.4byte	.LVL8
 754 04ad 7F050000 		.4byte	0x57f
 755 04b1 14       		.uleb128 0x14
 756 04b2 42000000 		.4byte	.LVL9
 757 04b6 68050000 		.4byte	0x568
 758 04ba 12       		.uleb128 0x12
 759 04bb 01       		.uleb128 0x1
 760 04bc 50       		.byte	0x50
ARM GAS  C:\Users\jupac\AppData\Local\Temp\ccO2skXL.s 			page 16


 761 04bd 01       		.uleb128 0x1
 762 04be 30       		.byte	0x30
 763 04bf 00       		.byte	0
 764 04c0 00       		.byte	0
 765 04c1 15       		.uleb128 0x15
 766 04c2 320D0000 		.4byte	.LASF133
 767 04c6 01       		.byte	0x1
 768 04c7 4F       		.byte	0x4f
 769 04c8 68000000 		.4byte	0x68
 770 04cc 00000000 		.4byte	.LFB37
 771 04d0 20000000 		.4byte	.LFE37-.LFB37
 772 04d4 01       		.uleb128 0x1
 773 04d5 9C       		.byte	0x9c
 774 04d6 14050000 		.4byte	0x514
 775 04da 11       		.uleb128 0x11
 776 04db 0A000000 		.4byte	.LVL10
 777 04df 8B050000 		.4byte	0x58b
 778 04e3 F1040000 		.4byte	0x4f1
 779 04e7 12       		.uleb128 0x12
 780 04e8 01       		.uleb128 0x1
 781 04e9 50       		.byte	0x50
 782 04ea 05       		.uleb128 0x5
 783 04eb 03       		.byte	0x3
 784 04ec 00000000 		.4byte	AppCallBack
 785 04f0 00       		.byte	0
 786 04f1 13       		.uleb128 0x13
 787 04f2 0E000000 		.4byte	.LVL11
 788 04f6 97050000 		.4byte	0x597
 789 04fa 13       		.uleb128 0x13
 790 04fb 12000000 		.4byte	.LVL12
 791 04ff A2050000 		.4byte	0x5a2
 792 0503 14       		.uleb128 0x14
 793 0504 18000000 		.4byte	.LVL13
 794 0508 5D050000 		.4byte	0x55d
 795 050c 12       		.uleb128 0x12
 796 050d 01       		.uleb128 0x1
 797 050e 50       		.byte	0x50
 798 050f 02       		.uleb128 0x2
 799 0510 08       		.byte	0x8
 800 0511 32       		.byte	0x32
 801 0512 00       		.byte	0
 802 0513 00       		.byte	0
 803 0514 16       		.uleb128 0x16
 804 0515 4B080000 		.4byte	.LASF118
 805 0519 01       		.byte	0x1
 806 051a 12       		.byte	0x12
 807 051b 19040000 		.4byte	0x419
 808 051f 17       		.uleb128 0x17
 809 0520 FE090000 		.4byte	.LASF119
 810 0524 01       		.byte	0x1
 811 0525 10       		.byte	0x10
 812 0526 76000000 		.4byte	0x76
 813 052a 05       		.uleb128 0x5
 814 052b 03       		.byte	0x3
 815 052c 00000000 		.4byte	contador
 816 0530 09       		.uleb128 0x9
 817 0531 B3000000 		.4byte	0xb3
ARM GAS  C:\Users\jupac\AppData\Local\Temp\ccO2skXL.s 			page 17


 818 0535 40050000 		.4byte	0x540
 819 0539 0A       		.uleb128 0xa
 820 053a C1000000 		.4byte	0xc1
 821 053e FE       		.byte	0xfe
 822 053f 00       		.byte	0
 823 0540 17       		.uleb128 0x17
 824 0541 65000000 		.4byte	.LASF120
 825 0545 01       		.byte	0x1
 826 0546 11       		.byte	0x11
 827 0547 30050000 		.4byte	0x530
 828 054b 05       		.uleb128 0x5
 829 054c 03       		.byte	0x3
 830 054d 00000000 		.4byte	PrintBuffer
 831 0551 18       		.uleb128 0x18
 832 0552 280B0000 		.4byte	.LASF121
 833 0556 280B0000 		.4byte	.LASF121
 834 055a 06       		.byte	0x6
 835 055b C20D     		.2byte	0xdc2
 836 055d 19       		.uleb128 0x19
 837 055e F10B0000 		.4byte	.LASF122
 838 0562 F10B0000 		.4byte	.LASF122
 839 0566 07       		.byte	0x7
 840 0567 EC       		.byte	0xec
 841 0568 19       		.uleb128 0x19
 842 0569 40080000 		.4byte	.LASF123
 843 056d 40080000 		.4byte	.LASF123
 844 0571 08       		.byte	0x8
 845 0572 33       		.byte	0x33
 846 0573 18       		.uleb128 0x18
 847 0574 96090000 		.4byte	.LASF124
 848 0578 96090000 		.4byte	.LASF124
 849 057c 09       		.byte	0x9
 850 057d 7F02     		.2byte	0x27f
 851 057f 18       		.uleb128 0x18
 852 0580 40020000 		.4byte	.LASF125
 853 0584 40020000 		.4byte	.LASF125
 854 0588 09       		.byte	0x9
 855 0589 8002     		.2byte	0x280
 856 058b 18       		.uleb128 0x18
 857 058c 3F070000 		.4byte	.LASF126
 858 0590 3F070000 		.4byte	.LASF126
 859 0594 09       		.byte	0x9
 860 0595 6F02     		.2byte	0x26f
 861 0597 19       		.uleb128 0x19
 862 0598 88020000 		.4byte	.LASF127
 863 059c 88020000 		.4byte	.LASF127
 864 05a0 0A       		.byte	0xa
 865 05a1 54       		.byte	0x54
 866 05a2 18       		.uleb128 0x18
 867 05a3 FA080000 		.4byte	.LASF128
 868 05a7 FA080000 		.4byte	.LASF128
 869 05ab 05       		.byte	0x5
 870 05ac CF07     		.2byte	0x7cf
 871 05ae 00       		.byte	0
 872              		.section	.debug_abbrev,"",%progbits
 873              	.Ldebug_abbrev0:
 874 0000 01       		.uleb128 0x1
ARM GAS  C:\Users\jupac\AppData\Local\Temp\ccO2skXL.s 			page 18


 875 0001 11       		.uleb128 0x11
 876 0002 01       		.byte	0x1
 877 0003 25       		.uleb128 0x25
 878 0004 0E       		.uleb128 0xe
 879 0005 13       		.uleb128 0x13
 880 0006 0B       		.uleb128 0xb
 881 0007 03       		.uleb128 0x3
 882 0008 0E       		.uleb128 0xe
 883 0009 1B       		.uleb128 0x1b
 884 000a 0E       		.uleb128 0xe
 885 000b 55       		.uleb128 0x55
 886 000c 17       		.uleb128 0x17
 887 000d 11       		.uleb128 0x11
 888 000e 01       		.uleb128 0x1
 889 000f 10       		.uleb128 0x10
 890 0010 17       		.uleb128 0x17
 891 0011 00       		.byte	0
 892 0012 00       		.byte	0
 893 0013 02       		.uleb128 0x2
 894 0014 24       		.uleb128 0x24
 895 0015 00       		.byte	0
 896 0016 0B       		.uleb128 0xb
 897 0017 0B       		.uleb128 0xb
 898 0018 3E       		.uleb128 0x3e
 899 0019 0B       		.uleb128 0xb
 900 001a 03       		.uleb128 0x3
 901 001b 0E       		.uleb128 0xe
 902 001c 00       		.byte	0
 903 001d 00       		.byte	0
 904 001e 03       		.uleb128 0x3
 905 001f 16       		.uleb128 0x16
 906 0020 00       		.byte	0
 907 0021 03       		.uleb128 0x3
 908 0022 0E       		.uleb128 0xe
 909 0023 3A       		.uleb128 0x3a
 910 0024 0B       		.uleb128 0xb
 911 0025 3B       		.uleb128 0x3b
 912 0026 0B       		.uleb128 0xb
 913 0027 49       		.uleb128 0x49
 914 0028 13       		.uleb128 0x13
 915 0029 00       		.byte	0
 916 002a 00       		.byte	0
 917 002b 04       		.uleb128 0x4
 918 002c 24       		.uleb128 0x24
 919 002d 00       		.byte	0
 920 002e 0B       		.uleb128 0xb
 921 002f 0B       		.uleb128 0xb
 922 0030 3E       		.uleb128 0x3e
 923 0031 0B       		.uleb128 0xb
 924 0032 03       		.uleb128 0x3
 925 0033 08       		.uleb128 0x8
 926 0034 00       		.byte	0
 927 0035 00       		.byte	0
 928 0036 05       		.uleb128 0x5
 929 0037 16       		.uleb128 0x16
 930 0038 00       		.byte	0
 931 0039 03       		.uleb128 0x3
ARM GAS  C:\Users\jupac\AppData\Local\Temp\ccO2skXL.s 			page 19


 932 003a 0E       		.uleb128 0xe
 933 003b 3A       		.uleb128 0x3a
 934 003c 0B       		.uleb128 0xb
 935 003d 3B       		.uleb128 0x3b
 936 003e 05       		.uleb128 0x5
 937 003f 49       		.uleb128 0x49
 938 0040 13       		.uleb128 0x13
 939 0041 00       		.byte	0
 940 0042 00       		.byte	0
 941 0043 06       		.uleb128 0x6
 942 0044 0F       		.uleb128 0xf
 943 0045 00       		.byte	0
 944 0046 0B       		.uleb128 0xb
 945 0047 0B       		.uleb128 0xb
 946 0048 00       		.byte	0
 947 0049 00       		.byte	0
 948 004a 07       		.uleb128 0x7
 949 004b 04       		.uleb128 0x4
 950 004c 01       		.byte	0x1
 951 004d 0B       		.uleb128 0xb
 952 004e 0B       		.uleb128 0xb
 953 004f 49       		.uleb128 0x49
 954 0050 13       		.uleb128 0x13
 955 0051 3A       		.uleb128 0x3a
 956 0052 0B       		.uleb128 0xb
 957 0053 3B       		.uleb128 0x3b
 958 0054 05       		.uleb128 0x5
 959 0055 01       		.uleb128 0x1
 960 0056 13       		.uleb128 0x13
 961 0057 00       		.byte	0
 962 0058 00       		.byte	0
 963 0059 08       		.uleb128 0x8
 964 005a 28       		.uleb128 0x28
 965 005b 00       		.byte	0
 966 005c 03       		.uleb128 0x3
 967 005d 0E       		.uleb128 0xe
 968 005e 1C       		.uleb128 0x1c
 969 005f 0B       		.uleb128 0xb
 970 0060 00       		.byte	0
 971 0061 00       		.byte	0
 972 0062 09       		.uleb128 0x9
 973 0063 01       		.uleb128 0x1
 974 0064 01       		.byte	0x1
 975 0065 49       		.uleb128 0x49
 976 0066 13       		.uleb128 0x13
 977 0067 01       		.uleb128 0x1
 978 0068 13       		.uleb128 0x13
 979 0069 00       		.byte	0
 980 006a 00       		.byte	0
 981 006b 0A       		.uleb128 0xa
 982 006c 21       		.uleb128 0x21
 983 006d 00       		.byte	0
 984 006e 49       		.uleb128 0x49
 985 006f 13       		.uleb128 0x13
 986 0070 2F       		.uleb128 0x2f
 987 0071 0B       		.uleb128 0xb
 988 0072 00       		.byte	0
ARM GAS  C:\Users\jupac\AppData\Local\Temp\ccO2skXL.s 			page 20


 989 0073 00       		.byte	0
 990 0074 0B       		.uleb128 0xb
 991 0075 04       		.uleb128 0x4
 992 0076 01       		.byte	0x1
 993 0077 0B       		.uleb128 0xb
 994 0078 0B       		.uleb128 0xb
 995 0079 49       		.uleb128 0x49
 996 007a 13       		.uleb128 0x13
 997 007b 3A       		.uleb128 0x3a
 998 007c 0B       		.uleb128 0xb
 999 007d 3B       		.uleb128 0x3b
 1000 007e 0B       		.uleb128 0xb
 1001 007f 01       		.uleb128 0x1
 1002 0080 13       		.uleb128 0x13
 1003 0081 00       		.byte	0
 1004 0082 00       		.byte	0
 1005 0083 0C       		.uleb128 0xc
 1006 0084 13       		.uleb128 0x13
 1007 0085 01       		.byte	0x1
 1008 0086 0B       		.uleb128 0xb
 1009 0087 0B       		.uleb128 0xb
 1010 0088 3A       		.uleb128 0x3a
 1011 0089 0B       		.uleb128 0xb
 1012 008a 3B       		.uleb128 0x3b
 1013 008b 05       		.uleb128 0x5
 1014 008c 01       		.uleb128 0x1
 1015 008d 13       		.uleb128 0x13
 1016 008e 00       		.byte	0
 1017 008f 00       		.byte	0
 1018 0090 0D       		.uleb128 0xd
 1019 0091 0D       		.uleb128 0xd
 1020 0092 00       		.byte	0
 1021 0093 03       		.uleb128 0x3
 1022 0094 0E       		.uleb128 0xe
 1023 0095 3A       		.uleb128 0x3a
 1024 0096 0B       		.uleb128 0xb
 1025 0097 3B       		.uleb128 0x3b
 1026 0098 05       		.uleb128 0x5
 1027 0099 49       		.uleb128 0x49
 1028 009a 13       		.uleb128 0x13
 1029 009b 38       		.uleb128 0x38
 1030 009c 0B       		.uleb128 0xb
 1031 009d 00       		.byte	0
 1032 009e 00       		.byte	0
 1033 009f 0E       		.uleb128 0xe
 1034 00a0 0F       		.uleb128 0xf
 1035 00a1 00       		.byte	0
 1036 00a2 0B       		.uleb128 0xb
 1037 00a3 0B       		.uleb128 0xb
 1038 00a4 49       		.uleb128 0x49
 1039 00a5 13       		.uleb128 0x13
 1040 00a6 00       		.byte	0
 1041 00a7 00       		.byte	0
 1042 00a8 0F       		.uleb128 0xf
 1043 00a9 2E       		.uleb128 0x2e
 1044 00aa 01       		.byte	0x1
 1045 00ab 3F       		.uleb128 0x3f
ARM GAS  C:\Users\jupac\AppData\Local\Temp\ccO2skXL.s 			page 21


 1046 00ac 19       		.uleb128 0x19
 1047 00ad 03       		.uleb128 0x3
 1048 00ae 0E       		.uleb128 0xe
 1049 00af 3A       		.uleb128 0x3a
 1050 00b0 0B       		.uleb128 0xb
 1051 00b1 3B       		.uleb128 0x3b
 1052 00b2 0B       		.uleb128 0xb
 1053 00b3 27       		.uleb128 0x27
 1054 00b4 19       		.uleb128 0x19
 1055 00b5 11       		.uleb128 0x11
 1056 00b6 01       		.uleb128 0x1
 1057 00b7 12       		.uleb128 0x12
 1058 00b8 06       		.uleb128 0x6
 1059 00b9 40       		.uleb128 0x40
 1060 00ba 18       		.uleb128 0x18
 1061 00bb 9742     		.uleb128 0x2117
 1062 00bd 19       		.uleb128 0x19
 1063 00be 01       		.uleb128 0x1
 1064 00bf 13       		.uleb128 0x13
 1065 00c0 00       		.byte	0
 1066 00c1 00       		.byte	0
 1067 00c2 10       		.uleb128 0x10
 1068 00c3 05       		.uleb128 0x5
 1069 00c4 00       		.byte	0
 1070 00c5 03       		.uleb128 0x3
 1071 00c6 0E       		.uleb128 0xe
 1072 00c7 3A       		.uleb128 0x3a
 1073 00c8 0B       		.uleb128 0xb
 1074 00c9 3B       		.uleb128 0x3b
 1075 00ca 0B       		.uleb128 0xb
 1076 00cb 49       		.uleb128 0x49
 1077 00cc 13       		.uleb128 0x13
 1078 00cd 02       		.uleb128 0x2
 1079 00ce 17       		.uleb128 0x17
 1080 00cf 00       		.byte	0
 1081 00d0 00       		.byte	0
 1082 00d1 11       		.uleb128 0x11
 1083 00d2 898201   		.uleb128 0x4109
 1084 00d5 01       		.byte	0x1
 1085 00d6 11       		.uleb128 0x11
 1086 00d7 01       		.uleb128 0x1
 1087 00d8 31       		.uleb128 0x31
 1088 00d9 13       		.uleb128 0x13
 1089 00da 01       		.uleb128 0x1
 1090 00db 13       		.uleb128 0x13
 1091 00dc 00       		.byte	0
 1092 00dd 00       		.byte	0
 1093 00de 12       		.uleb128 0x12
 1094 00df 8A8201   		.uleb128 0x410a
 1095 00e2 00       		.byte	0
 1096 00e3 02       		.uleb128 0x2
 1097 00e4 18       		.uleb128 0x18
 1098 00e5 9142     		.uleb128 0x2111
 1099 00e7 18       		.uleb128 0x18
 1100 00e8 00       		.byte	0
 1101 00e9 00       		.byte	0
 1102 00ea 13       		.uleb128 0x13
ARM GAS  C:\Users\jupac\AppData\Local\Temp\ccO2skXL.s 			page 22


 1103 00eb 898201   		.uleb128 0x4109
 1104 00ee 00       		.byte	0
 1105 00ef 11       		.uleb128 0x11
 1106 00f0 01       		.uleb128 0x1
 1107 00f1 31       		.uleb128 0x31
 1108 00f2 13       		.uleb128 0x13
 1109 00f3 00       		.byte	0
 1110 00f4 00       		.byte	0
 1111 00f5 14       		.uleb128 0x14
 1112 00f6 898201   		.uleb128 0x4109
 1113 00f9 01       		.byte	0x1
 1114 00fa 11       		.uleb128 0x11
 1115 00fb 01       		.uleb128 0x1
 1116 00fc 31       		.uleb128 0x31
 1117 00fd 13       		.uleb128 0x13
 1118 00fe 00       		.byte	0
 1119 00ff 00       		.byte	0
 1120 0100 15       		.uleb128 0x15
 1121 0101 2E       		.uleb128 0x2e
 1122 0102 01       		.byte	0x1
 1123 0103 3F       		.uleb128 0x3f
 1124 0104 19       		.uleb128 0x19
 1125 0105 03       		.uleb128 0x3
 1126 0106 0E       		.uleb128 0xe
 1127 0107 3A       		.uleb128 0x3a
 1128 0108 0B       		.uleb128 0xb
 1129 0109 3B       		.uleb128 0x3b
 1130 010a 0B       		.uleb128 0xb
 1131 010b 27       		.uleb128 0x27
 1132 010c 19       		.uleb128 0x19
 1133 010d 49       		.uleb128 0x49
 1134 010e 13       		.uleb128 0x13
 1135 010f 8701     		.uleb128 0x87
 1136 0111 19       		.uleb128 0x19
 1137 0112 11       		.uleb128 0x11
 1138 0113 01       		.uleb128 0x1
 1139 0114 12       		.uleb128 0x12
 1140 0115 06       		.uleb128 0x6
 1141 0116 40       		.uleb128 0x40
 1142 0117 18       		.uleb128 0x18
 1143 0118 9742     		.uleb128 0x2117
 1144 011a 19       		.uleb128 0x19
 1145 011b 01       		.uleb128 0x1
 1146 011c 13       		.uleb128 0x13
 1147 011d 00       		.byte	0
 1148 011e 00       		.byte	0
 1149 011f 16       		.uleb128 0x16
 1150 0120 34       		.uleb128 0x34
 1151 0121 00       		.byte	0
 1152 0122 03       		.uleb128 0x3
 1153 0123 0E       		.uleb128 0xe
 1154 0124 3A       		.uleb128 0x3a
 1155 0125 0B       		.uleb128 0xb
 1156 0126 3B       		.uleb128 0x3b
 1157 0127 0B       		.uleb128 0xb
 1158 0128 49       		.uleb128 0x49
 1159 0129 13       		.uleb128 0x13
ARM GAS  C:\Users\jupac\AppData\Local\Temp\ccO2skXL.s 			page 23


 1160 012a 3F       		.uleb128 0x3f
 1161 012b 19       		.uleb128 0x19
 1162 012c 3C       		.uleb128 0x3c
 1163 012d 19       		.uleb128 0x19
 1164 012e 00       		.byte	0
 1165 012f 00       		.byte	0
 1166 0130 17       		.uleb128 0x17
 1167 0131 34       		.uleb128 0x34
 1168 0132 00       		.byte	0
 1169 0133 03       		.uleb128 0x3
 1170 0134 0E       		.uleb128 0xe
 1171 0135 3A       		.uleb128 0x3a
 1172 0136 0B       		.uleb128 0xb
 1173 0137 3B       		.uleb128 0x3b
 1174 0138 0B       		.uleb128 0xb
 1175 0139 49       		.uleb128 0x49
 1176 013a 13       		.uleb128 0x13
 1177 013b 3F       		.uleb128 0x3f
 1178 013c 19       		.uleb128 0x19
 1179 013d 02       		.uleb128 0x2
 1180 013e 18       		.uleb128 0x18
 1181 013f 00       		.byte	0
 1182 0140 00       		.byte	0
 1183 0141 18       		.uleb128 0x18
 1184 0142 2E       		.uleb128 0x2e
 1185 0143 00       		.byte	0
 1186 0144 3F       		.uleb128 0x3f
 1187 0145 19       		.uleb128 0x19
 1188 0146 3C       		.uleb128 0x3c
 1189 0147 19       		.uleb128 0x19
 1190 0148 6E       		.uleb128 0x6e
 1191 0149 0E       		.uleb128 0xe
 1192 014a 03       		.uleb128 0x3
 1193 014b 0E       		.uleb128 0xe
 1194 014c 3A       		.uleb128 0x3a
 1195 014d 0B       		.uleb128 0xb
 1196 014e 3B       		.uleb128 0x3b
 1197 014f 05       		.uleb128 0x5
 1198 0150 00       		.byte	0
 1199 0151 00       		.byte	0
 1200 0152 19       		.uleb128 0x19
 1201 0153 2E       		.uleb128 0x2e
 1202 0154 00       		.byte	0
 1203 0155 3F       		.uleb128 0x3f
 1204 0156 19       		.uleb128 0x19
 1205 0157 3C       		.uleb128 0x3c
 1206 0158 19       		.uleb128 0x19
 1207 0159 6E       		.uleb128 0x6e
 1208 015a 0E       		.uleb128 0xe
 1209 015b 03       		.uleb128 0x3
 1210 015c 0E       		.uleb128 0xe
 1211 015d 3A       		.uleb128 0x3a
 1212 015e 0B       		.uleb128 0xb
 1213 015f 3B       		.uleb128 0x3b
 1214 0160 0B       		.uleb128 0xb
 1215 0161 00       		.byte	0
 1216 0162 00       		.byte	0
ARM GAS  C:\Users\jupac\AppData\Local\Temp\ccO2skXL.s 			page 24


 1217 0163 00       		.byte	0
 1218              		.section	.debug_loc,"",%progbits
 1219              	.Ldebug_loc0:
 1220              	.LLST0:
 1221 0000 00000000 		.4byte	.LVL0
 1222 0004 12000000 		.4byte	.LVL2
 1223 0008 0100     		.2byte	0x1
 1224 000a 50       		.byte	0x50
 1225 000b 12000000 		.4byte	.LVL2
 1226 000f 2A000000 		.4byte	.LVL7
 1227 0013 0400     		.2byte	0x4
 1228 0015 F3       		.byte	0xf3
 1229 0016 01       		.uleb128 0x1
 1230 0017 50       		.byte	0x50
 1231 0018 9F       		.byte	0x9f
 1232 0019 2A000000 		.4byte	.LVL7
 1233 001d 3B000000 		.4byte	.LVL8-1
 1234 0021 0100     		.2byte	0x1
 1235 0023 50       		.byte	0x50
 1236 0024 3B000000 		.4byte	.LVL8-1
 1237 0028 50000000 		.4byte	.LFE36
 1238 002c 0400     		.2byte	0x4
 1239 002e F3       		.byte	0xf3
 1240 002f 01       		.uleb128 0x1
 1241 0030 50       		.byte	0x50
 1242 0031 9F       		.byte	0x9f
 1243 0032 00000000 		.4byte	0
 1244 0036 00000000 		.4byte	0
 1245              	.LLST1:
 1246 003a 00000000 		.4byte	.LVL0
 1247 003e 0E000000 		.4byte	.LVL1
 1248 0042 0100     		.2byte	0x1
 1249 0044 51       		.byte	0x51
 1250 0045 0E000000 		.4byte	.LVL1
 1251 0049 2A000000 		.4byte	.LVL7
 1252 004d 0400     		.2byte	0x4
 1253 004f F3       		.byte	0xf3
 1254 0050 01       		.uleb128 0x1
 1255 0051 51       		.byte	0x51
 1256 0052 9F       		.byte	0x9f
 1257 0053 2A000000 		.4byte	.LVL7
 1258 0057 3B000000 		.4byte	.LVL8-1
 1259 005b 0100     		.2byte	0x1
 1260 005d 51       		.byte	0x51
 1261 005e 3B000000 		.4byte	.LVL8-1
 1262 0062 50000000 		.4byte	.LFE36
 1263 0066 0400     		.2byte	0x4
 1264 0068 F3       		.byte	0xf3
 1265 0069 01       		.uleb128 0x1
 1266 006a 51       		.byte	0x51
 1267 006b 9F       		.byte	0x9f
 1268 006c 00000000 		.4byte	0
 1269 0070 00000000 		.4byte	0
 1270              		.section	.debug_aranges,"",%progbits
 1271 0000 24000000 		.4byte	0x24
 1272 0004 0200     		.2byte	0x2
 1273 0006 00000000 		.4byte	.Ldebug_info0
ARM GAS  C:\Users\jupac\AppData\Local\Temp\ccO2skXL.s 			page 25


 1274 000a 04       		.byte	0x4
 1275 000b 00       		.byte	0
 1276 000c 0000     		.2byte	0
 1277 000e 0000     		.2byte	0
 1278 0010 00000000 		.4byte	.LFB36
 1279 0014 50000000 		.4byte	.LFE36-.LFB36
 1280 0018 00000000 		.4byte	.LFB37
 1281 001c 20000000 		.4byte	.LFE37-.LFB37
 1282 0020 00000000 		.4byte	0
 1283 0024 00000000 		.4byte	0
 1284              		.section	.debug_ranges,"",%progbits
 1285              	.Ldebug_ranges0:
 1286 0000 00000000 		.4byte	.LFB36
 1287 0004 50000000 		.4byte	.LFE36
 1288 0008 00000000 		.4byte	.LFB37
 1289 000c 20000000 		.4byte	.LFE37
 1290 0010 00000000 		.4byte	0
 1291 0014 00000000 		.4byte	0
 1292              		.section	.debug_line,"",%progbits
 1293              	.Ldebug_line0:
 1294 0000 C6010000 		.section	.debug_str,"MS",%progbits,1
 1294      02008701 
 1294      00000201 
 1294      FB0E0D00 
 1294      01010101 
 1295              	.LASF83:
 1296 0000 4359424C 		.ascii	"CYBLE_EVT_L2CAP_CBFC_RX_CREDIT_IND\000"
 1296      455F4556 
 1296      545F4C32 
 1296      4341505F 
 1296      43424643 
 1297              	.LASF24:
 1298 0023 4359424C 		.ascii	"CYBLE_EVT_STACK_BUSY_STATUS\000"
 1298      455F4556 
 1298      545F5354 
 1298      41434B5F 
 1298      42555359 
 1299              	.LASF12:
 1300 003f 75696E74 		.ascii	"uint16\000"
 1300      313600
 1301              	.LASF82:
 1302 0046 4359424C 		.ascii	"CYBLE_EVT_L2CAP_CBFC_DATA_READ\000"
 1302      455F4556 
 1302      545F4C32 
 1302      4341505F 
 1302      43424643 
 1303              	.LASF120:
 1304 0065 5072696E 		.ascii	"PrintBuffer\000"
 1304      74427566 
 1304      66657200 
 1305              	.LASF108:
 1306 0071 4359424C 		.ascii	"CYBLE_GAPP_DISC_DATA_T\000"
 1306      455F4741 
 1306      50505F44 
 1306      4953435F 
 1306      44415441 
 1307              	.LASF36:
ARM GAS  C:\Users\jupac\AppData\Local\Temp\ccO2skXL.s 			page 26


 1308 0088 4359424C 		.ascii	"CYBLE_EVT_GAP_CONNECTION_UPDATE_COMPLETE\000"
 1308      455F4556 
 1308      545F4741 
 1308      505F434F 
 1308      4E4E4543 
 1309              	.LASF103:
 1310 00b1 61647643 		.ascii	"advChannelMap\000"
 1310      68616E6E 
 1310      656C4D61 
 1310      7000
 1311              	.LASF81:
 1312 00bf 4359424C 		.ascii	"CYBLE_EVT_L2CAP_CBFC_DISCONN_CNF\000"
 1312      455F4556 
 1312      545F4C32 
 1312      4341505F 
 1312      43424643 
 1313              	.LASF92:
 1314 00e0 4359424C 		.ascii	"CYBLE_GAPP_CONNECTABLE_HIGH_DC_DIRECTED_ADV\000"
 1314      455F4741 
 1314      50505F43 
 1314      4F4E4E45 
 1314      43544142 
 1315              	.LASF41:
 1316 010c 4359424C 		.ascii	"CYBLE_EVT_GAP_OOB_GENERATED_NOTIFICATION\000"
 1316      455F4556 
 1316      545F4741 
 1316      505F4F4F 
 1316      425F4745 
 1317              	.LASF61:
 1318 0135 4359424C 		.ascii	"CYBLE_EVT_GATTC_READ_MULTI_RSP\000"
 1318      455F4556 
 1318      545F4741 
 1318      5454435F 
 1318      52454144 
 1319              	.LASF66:
 1320 0154 4359424C 		.ascii	"CYBLE_EVT_GATTS_EXEC_WRITE_REQ\000"
 1320      455F4556 
 1320      545F4741 
 1320      5454535F 
 1320      45584543 
 1321              	.LASF93:
 1322 0173 4359424C 		.ascii	"CYBLE_GAPP_SCANNABLE_UNDIRECTED_ADV\000"
 1322      455F4741 
 1322      50505F53 
 1322      43414E4E 
 1322      41424C45 
 1323              	.LASF21:
 1324 0197 4359424C 		.ascii	"CYBLE_EVT_TIMEOUT\000"
 1324      455F4556 
 1324      545F5449 
 1324      4D454F55 
 1324      5400
 1325              	.LASF4:
 1326 01a9 6C6F6E67 		.ascii	"long int\000"
 1326      20696E74 
 1326      00
 1327              	.LASF129:
ARM GAS  C:\Users\jupac\AppData\Local\Temp\ccO2skXL.s 			page 27


 1328 01b2 474E5520 		.ascii	"GNU C11 5.4.1 20160609 (release) [ARM/embedded-5-br"
 1328      43313120 
 1328      352E342E 
 1328      31203230 
 1328      31363036 
 1329 01e5 616E6368 		.ascii	"anch revision 237715] -mcpu=cortex-m0 -mthumb -g -O"
 1329      20726576 
 1329      6973696F 
 1329      6E203233 
 1329      37373135 
 1330 0218 67202D66 		.ascii	"g -ffunction-sections -ffat-lto-objects\000"
 1330      66756E63 
 1330      74696F6E 
 1330      2D736563 
 1330      74696F6E 
 1331              	.LASF125:
 1332 0240 4379426C 		.ascii	"CyBle_GappStopAdvertisement\000"
 1332      655F4761 
 1332      70705374 
 1332      6F704164 
 1332      76657274 
 1333              	.LASF7:
 1334 025c 6C6F6E67 		.ascii	"long long unsigned int\000"
 1334      206C6F6E 
 1334      6720756E 
 1334      7369676E 
 1334      65642069 
 1335              	.LASF23:
 1336 0273 4359424C 		.ascii	"CYBLE_EVT_HCI_STATUS\000"
 1336      455F4556 
 1336      545F4843 
 1336      495F5354 
 1336      41545553 
 1337              	.LASF127:
 1338 0288 55415254 		.ascii	"UART_Start\000"
 1338      5F537461 
 1338      727400
 1339              	.LASF86:
 1340 0293 4359424C 		.ascii	"CYBLE_EVT_PENDING_FLASH_WRITE\000"
 1340      455F4556 
 1340      545F5045 
 1340      4E44494E 
 1340      475F464C 
 1341              	.LASF91:
 1342 02b1 4359424C 		.ascii	"CYBLE_GAPP_CONNECTABLE_UNDIRECTED_ADV\000"
 1342      455F4741 
 1342      50505F43 
 1342      4F4E4E45 
 1342      43544142 
 1343              	.LASF75:
 1344 02d7 4359424C 		.ascii	"CYBLE_EVT_L2CAP_CONN_PARAM_UPDATE_REQ\000"
 1344      455F4556 
 1344      545F4C32 
 1344      4341505F 
 1344      434F4E4E 
 1345              	.LASF35:
 1346 02fd 4359424C 		.ascii	"CYBLE_EVT_GAP_ENCRYPT_CHANGE\000"
ARM GAS  C:\Users\jupac\AppData\Local\Temp\ccO2skXL.s 			page 28


 1346      455F4556 
 1346      545F4741 
 1346      505F454E 
 1346      43525950 
 1347              	.LASF39:
 1348 031a 4359424C 		.ascii	"CYBLE_EVT_GAP_NUMERIC_COMPARISON_REQUEST\000"
 1348      455F4556 
 1348      545F4741 
 1348      505F4E55 
 1348      4D455249 
 1349              	.LASF6:
 1350 0343 6C6F6E67 		.ascii	"long long int\000"
 1350      206C6F6E 
 1350      6720696E 
 1350      7400
 1351              	.LASF0:
 1352 0351 7369676E 		.ascii	"signed char\000"
 1352      65642063 
 1352      68617200 
 1353              	.LASF20:
 1354 035d 4359424C 		.ascii	"CYBLE_EVT_STACK_ON\000"
 1354      455F4556 
 1354      545F5354 
 1354      41434B5F 
 1354      4F4E00
 1355              	.LASF131:
 1356 0370 433A5C55 		.ascii	"C:\\Users\\jupac\\Documents\\Telecofinal\\EntregaTF"
 1356      73657273 
 1356      5C6A7570 
 1356      61635C44 
 1356      6F63756D 
 1357 039e 475F4A75 		.ascii	"G_JuanPabloCanoLopez\\Proyecto_Programado\\Workspac"
 1357      616E5061 
 1357      626C6F43 
 1357      616E6F4C 
 1357      6F70657A 
 1358 03cf 6550315C 		.ascii	"eP1\\Advertise.cydsn\000"
 1358      41647665 
 1358      72746973 
 1358      652E6379 
 1358      64736E00 
 1359              	.LASF37:
 1360 03e3 4359424C 		.ascii	"CYBLE_EVT_GAPC_SCAN_START_STOP\000"
 1360      455F4556 
 1360      545F4741 
 1360      50435F53 
 1360      43414E5F 
 1361              	.LASF102:
 1362 0402 64697265 		.ascii	"directAddr\000"
 1362      63744164 
 1362      647200
 1363              	.LASF27:
 1364 040d 4359424C 		.ascii	"CYBLE_EVT_GAP_AUTH_REQ\000"
 1364      455F4556 
 1364      545F4741 
 1364      505F4155 
 1364      54485F52 
ARM GAS  C:\Users\jupac\AppData\Local\Temp\ccO2skXL.s 			page 29


 1365              	.LASF59:
 1366 0424 4359424C 		.ascii	"CYBLE_EVT_GATTC_READ_RSP\000"
 1366      455F4556 
 1366      545F4741 
 1366      5454435F 
 1366      52454144 
 1367              	.LASF104:
 1368 043d 61647646 		.ascii	"advFilterPolicy\000"
 1368      696C7465 
 1368      72506F6C 
 1368      69637900 
 1369              	.LASF64:
 1370 044d 4359424C 		.ascii	"CYBLE_EVT_GATTS_WRITE_CMD_REQ\000"
 1370      455F4556 
 1370      545F4741 
 1370      5454535F 
 1370      57524954 
 1371              	.LASF32:
 1372 046b 4359424C 		.ascii	"CYBLE_EVT_GAPP_ADVERTISEMENT_START_STOP\000"
 1372      455F4556 
 1372      545F4741 
 1372      50505F41 
 1372      44564552 
 1373              	.LASF11:
 1374 0493 75696E74 		.ascii	"uint8\000"
 1374      3800
 1375              	.LASF109:
 1376 0499 7363616E 		.ascii	"scanRspData\000"
 1376      52737044 
 1376      61746100 
 1377              	.LASF67:
 1378 04a5 4359424C 		.ascii	"CYBLE_EVT_GATTC_EXEC_WRITE_RSP\000"
 1378      455F4556 
 1378      545F4741 
 1378      5454435F 
 1378      45584543 
 1379              	.LASF15:
 1380 04c4 646F7562 		.ascii	"double\000"
 1380      6C6500
 1381              	.LASF112:
 1382 04cb 64697363 		.ascii	"discMode\000"
 1382      4D6F6465 
 1382      00
 1383              	.LASF99:
 1384 04d4 61647654 		.ascii	"advType\000"
 1384      79706500 
 1385              	.LASF13:
 1386 04dc 75696E74 		.ascii	"uint32\000"
 1386      333200
 1387              	.LASF90:
 1388 04e3 4359424C 		.ascii	"CYBLE_EVT_MAX\000"
 1388      455F4556 
 1388      545F4D41 
 1388      5800
 1389              	.LASF110:
 1390 04f1 7363616E 		.ascii	"scanRspDataLen\000"
 1390      52737044 
ARM GAS  C:\Users\jupac\AppData\Local\Temp\ccO2skXL.s 			page 30


 1390      6174614C 
 1390      656E00
 1391              	.LASF85:
 1392 0500 4359424C 		.ascii	"CYBLE_EVT_L2CAP_CBFC_DATA_WRITE_IND\000"
 1392      455F4556 
 1392      545F4C32 
 1392      4341505F 
 1392      43424643 
 1393              	.LASF107:
 1394 0524 61647644 		.ascii	"advDataLen\000"
 1394      6174614C 
 1394      656E00
 1395              	.LASF47:
 1396 052f 4359424C 		.ascii	"CYBLE_EVT_GAP_SCAN_REQ_RECVD\000"
 1396      455F4556 
 1396      545F4741 
 1396      505F5343 
 1396      414E5F52 
 1397              	.LASF72:
 1398 054c 4359424C 		.ascii	"CYBLE_EVT_GATTC_STOP_CMD_COMPLETE\000"
 1398      455F4556 
 1398      545F4741 
 1398      5454435F 
 1398      53544F50 
 1399              	.LASF8:
 1400 056e 756E7369 		.ascii	"unsigned int\000"
 1400      676E6564 
 1400      20696E74 
 1400      00
 1401              	.LASF87:
 1402 057b 4359424C 		.ascii	"CYBLE_EVT_LE_PING_AUTH_TIMEOUT\000"
 1402      455F4556 
 1402      545F4C45 
 1402      5F50494E 
 1402      475F4155 
 1403              	.LASF10:
 1404 059a 75696E74 		.ascii	"uint16_t\000"
 1404      31365F74 
 1404      00
 1405              	.LASF114:
 1406 05a3 61647654 		.ascii	"advTo\000"
 1406      6F00
 1407              	.LASF5:
 1408 05a9 6C6F6E67 		.ascii	"long unsigned int\000"
 1408      20756E73 
 1408      69676E65 
 1408      6420696E 
 1408      7400
 1409              	.LASF46:
 1410 05bb 4359424C 		.ascii	"CYBLE_EVT_GAP_CONN_ESTB\000"
 1410      455F4556 
 1410      545F4741 
 1410      505F434F 
 1410      4E4E5F45 
 1411              	.LASF62:
 1412 05d3 4359424C 		.ascii	"CYBLE_EVT_GATTS_WRITE_REQ\000"
 1412      455F4556 
ARM GAS  C:\Users\jupac\AppData\Local\Temp\ccO2skXL.s 			page 31


 1412      545F4741 
 1412      5454535F 
 1412      57524954 
 1413              	.LASF54:
 1414 05ed 4359424C 		.ascii	"CYBLE_EVT_GATTC_XCHNG_MTU_RSP\000"
 1414      455F4556 
 1414      545F4741 
 1414      5454435F 
 1414      5843484E 
 1415              	.LASF71:
 1416 060b 4359424C 		.ascii	"CYBLE_EVT_GATTS_DATA_SIGNED_CMD_REQ\000"
 1416      455F4556 
 1416      545F4741 
 1416      5454535F 
 1416      44415441 
 1417              	.LASF74:
 1418 062f 4359424C 		.ascii	"CYBLE_EVT_GATTC_LONG_PROCEDURE_END\000"
 1418      455F4556 
 1418      545F4741 
 1418      5454435F 
 1418      4C4F4E47 
 1419              	.LASF111:
 1420 0652 4359424C 		.ascii	"CYBLE_GAPP_SCAN_RSP_DATA_T\000"
 1420      455F4741 
 1420      50505F53 
 1420      43414E5F 
 1420      5253505F 
 1421              	.LASF116:
 1422 066d 6576656E 		.ascii	"event\000"
 1422      7400
 1423              	.LASF3:
 1424 0673 73686F72 		.ascii	"short unsigned int\000"
 1424      7420756E 
 1424      7369676E 
 1424      65642069 
 1424      6E7400
 1425              	.LASF19:
 1426 0686 4359424C 		.ascii	"CYBLE_EVT_HOST_INVALID\000"
 1426      455F4556 
 1426      545F484F 
 1426      53545F49 
 1426      4E56414C 
 1427              	.LASF57:
 1428 069d 4359424C 		.ascii	"CYBLE_EVT_GATTC_FIND_INFO_RSP\000"
 1428      455F4556 
 1428      545F4741 
 1428      5454435F 
 1428      46494E44 
 1429              	.LASF25:
 1430 06bb 4359424C 		.ascii	"CYBLE_EVT_MEMORY_REQUEST\000"
 1430      455F4556 
 1430      545F4D45 
 1430      4D4F5259 
 1430      5F524551 
 1431              	.LASF28:
 1432 06d4 4359424C 		.ascii	"CYBLE_EVT_GAP_PASSKEY_ENTRY_REQUEST\000"
 1432      455F4556 
ARM GAS  C:\Users\jupac\AppData\Local\Temp\ccO2skXL.s 			page 32


 1432      545F4741 
 1432      505F5041 
 1432      53534B45 
 1433              	.LASF33:
 1434 06f8 4359424C 		.ascii	"CYBLE_EVT_GAP_DEVICE_CONNECTED\000"
 1434      455F4556 
 1434      545F4741 
 1434      505F4445 
 1434      56494345 
 1435              	.LASF130:
 1436 0717 6D61696E 		.ascii	"main.c\000"
 1436      2E6300
 1437              	.LASF48:
 1438 071e 4359424C 		.ascii	"CYBLE_EVT_GAP_AUTH_REQ_REPLY_ERR\000"
 1438      455F4556 
 1438      545F4741 
 1438      505F4155 
 1438      54485F52 
 1439              	.LASF126:
 1440 073f 4379426C 		.ascii	"CyBle_Start\000"
 1440      655F5374 
 1440      61727400 
 1441              	.LASF29:
 1442 074b 4359424C 		.ascii	"CYBLE_EVT_GAP_PASSKEY_DISPLAY_REQUEST\000"
 1442      455F4556 
 1442      545F4741 
 1442      505F5041 
 1442      53534B45 
 1443              	.LASF51:
 1444 0771 4359424C 		.ascii	"CYBLE_EVT_GATT_CONNECT_IND\000"
 1444      455F4556 
 1444      545F4741 
 1444      54545F43 
 1444      4F4E4E45 
 1445              	.LASF77:
 1446 078c 4359424C 		.ascii	"CYBLE_EVT_L2CAP_COMMAND_REJ\000"
 1446      455F4556 
 1446      545F4C32 
 1446      4341505F 
 1446      434F4D4D 
 1447              	.LASF26:
 1448 07a8 4359424C 		.ascii	"CYBLE_EVT_GAPC_SCAN_PROGRESS_RESULT\000"
 1448      455F4556 
 1448      545F4741 
 1448      50435F53 
 1448      43414E5F 
 1449              	.LASF49:
 1450 07cc 4359424C 		.ascii	"CYBLE_EVT_GAP_SMP_LOC_P256_KEYS_GEN_AND_SET_COMPLET"
 1450      455F4556 
 1450      545F4741 
 1450      505F534D 
 1450      505F4C4F 
 1451 07ff 4500     		.ascii	"E\000"
 1452              	.LASF78:
 1453 0801 4359424C 		.ascii	"CYBLE_EVT_L2CAP_CBFC_CONN_IND\000"
 1453      455F4556 
 1453      545F4C32 
ARM GAS  C:\Users\jupac\AppData\Local\Temp\ccO2skXL.s 			page 33


 1453      4341505F 
 1453      43424643 
 1454              	.LASF56:
 1455 081f 4359424C 		.ascii	"CYBLE_EVT_GATTC_READ_BY_TYPE_RSP\000"
 1455      455F4556 
 1455      545F4741 
 1455      5454435F 
 1455      52454144 
 1456              	.LASF123:
 1457 0840 4C454431 		.ascii	"LED1_Write\000"
 1457      5F577269 
 1457      746500
 1458              	.LASF118:
 1459 084b 6379426C 		.ascii	"cyBle_discoveryModeInfo\000"
 1459      655F6469 
 1459      73636F76 
 1459      6572794D 
 1459      6F646549 
 1460              	.LASF18:
 1461 0863 73697A65 		.ascii	"sizetype\000"
 1461      74797065 
 1461      00
 1462              	.LASF100:
 1463 086c 6F776E41 		.ascii	"ownAddrType\000"
 1463      64647254 
 1463      79706500 
 1464              	.LASF31:
 1465 0878 4359424C 		.ascii	"CYBLE_EVT_GAP_AUTH_FAILED\000"
 1465      455F4556 
 1465      545F4741 
 1465      505F4155 
 1465      54485F46 
 1466              	.LASF63:
 1467 0892 4359424C 		.ascii	"CYBLE_EVT_GATTC_WRITE_RSP\000"
 1467      455F4556 
 1467      545F4741 
 1467      5454435F 
 1467      57524954 
 1468              	.LASF132:
 1469 08ac 41707043 		.ascii	"AppCallBack\000"
 1469      616C6C42 
 1469      61636B00 
 1470              	.LASF44:
 1471 08b8 4359424C 		.ascii	"CYBLE_EVT_GAPC_DIRECT_ADV_REPORT\000"
 1471      455F4556 
 1471      545F4741 
 1471      50435F44 
 1471      49524543 
 1472              	.LASF42:
 1473 08d9 4359424C 		.ascii	"CYBLE_EVT_GAP_DATA_LENGTH_CHANGE\000"
 1473      455F4556 
 1473      545F4741 
 1473      505F4441 
 1473      54415F4C 
 1474              	.LASF128:
 1475 08fa 4379426C 		.ascii	"CyBle_ProcessEvents\000"
 1475      655F5072 
ARM GAS  C:\Users\jupac\AppData\Local\Temp\ccO2skXL.s 			page 34


 1475      6F636573 
 1475      73457665 
 1475      6E747300 
 1476              	.LASF30:
 1477 090e 4359424C 		.ascii	"CYBLE_EVT_GAP_AUTH_COMPLETE\000"
 1477      455F4556 
 1477      545F4741 
 1477      505F4155 
 1477      54485F43 
 1478              	.LASF68:
 1479 092a 4359424C 		.ascii	"CYBLE_EVT_GATTC_HANDLE_VALUE_NTF\000"
 1479      455F4556 
 1479      545F4741 
 1479      5454435F 
 1479      48414E44 
 1480              	.LASF79:
 1481 094b 4359424C 		.ascii	"CYBLE_EVT_L2CAP_CBFC_CONN_CNF\000"
 1481      455F4556 
 1481      545F4C32 
 1481      4341505F 
 1481      43424643 
 1482              	.LASF55:
 1483 0969 4359424C 		.ascii	"CYBLE_EVT_GATTC_READ_BY_GROUP_TYPE_RSP\000"
 1483      455F4556 
 1483      545F4741 
 1483      5454435F 
 1483      52454144 
 1484              	.LASF14:
 1485 0990 666C6F61 		.ascii	"float\000"
 1485      7400
 1486              	.LASF124:
 1487 0996 4379426C 		.ascii	"CyBle_GappStartAdvertisement\000"
 1487      655F4761 
 1487      70705374 
 1487      61727441 
 1487      64766572 
 1488              	.LASF101:
 1489 09b3 64697265 		.ascii	"directAddrType\000"
 1489      63744164 
 1489      64725479 
 1489      706500
 1490              	.LASF1:
 1491 09c2 756E7369 		.ascii	"unsigned char\000"
 1491      676E6564 
 1491      20636861 
 1491      7200
 1492              	.LASF40:
 1493 09d0 4359424C 		.ascii	"CYBLE_EVT_GAP_KEYPRESS_NOTIFICATION\000"
 1493      455F4556 
 1493      545F4741 
 1493      505F4B45 
 1493      59505245 
 1494              	.LASF2:
 1495 09f4 73686F72 		.ascii	"short int\000"
 1495      7420696E 
 1495      7400
 1496              	.LASF119:
ARM GAS  C:\Users\jupac\AppData\Local\Temp\ccO2skXL.s 			page 35


 1497 09fe 636F6E74 		.ascii	"contador\000"
 1497      61646F72 
 1497      00
 1498              	.LASF69:
 1499 0a07 4359424C 		.ascii	"CYBLE_EVT_GATTC_HANDLE_VALUE_IND\000"
 1499      455F4556 
 1499      545F4741 
 1499      5454435F 
 1499      48414E44 
 1500              	.LASF98:
 1501 0a28 61647649 		.ascii	"advIntvMax\000"
 1501      6E74764D 
 1501      617800
 1502              	.LASF88:
 1503 0a33 4359424C 		.ascii	"CYBLE_EVT_HCI_PKT\000"
 1503      455F4556 
 1503      545F4843 
 1503      495F504B 
 1503      5400
 1504              	.LASF65:
 1505 0a45 4359424C 		.ascii	"CYBLE_EVT_GATTS_PREP_WRITE_REQ\000"
 1505      455F4556 
 1505      545F4741 
 1505      5454535F 
 1505      50524550 
 1506              	.LASF97:
 1507 0a64 61647649 		.ascii	"advIntvMin\000"
 1507      6E74764D 
 1507      696E00
 1508              	.LASF95:
 1509 0a6f 4359424C 		.ascii	"CYBLE_GAPP_CONNECTABLE_LOW_DC_DIRECTED_ADV\000"
 1509      455F4741 
 1509      50505F43 
 1509      4F4E4E45 
 1509      43544142 
 1510              	.LASF106:
 1511 0a9a 61647644 		.ascii	"advData\000"
 1511      61746100 
 1512              	.LASF70:
 1513 0aa2 4359424C 		.ascii	"CYBLE_EVT_GATTS_HANDLE_VALUE_CNF\000"
 1513      455F4556 
 1513      545F4741 
 1513      5454535F 
 1513      48414E44 
 1514              	.LASF50:
 1515 0ac3 4359424C 		.ascii	"CYBLE_EVT_GATTC_ERROR_RSP\000"
 1515      455F4556 
 1515      545F4741 
 1515      5454435F 
 1515      4552524F 
 1516              	.LASF45:
 1517 0add 4359424C 		.ascii	"CYBLE_EVT_GAP_SMP_NEGOTIATED_AUTH_INFO\000"
 1517      455F4556 
 1517      545F4741 
 1517      505F534D 
 1517      505F4E45 
 1518              	.LASF17:
ARM GAS  C:\Users\jupac\AppData\Local\Temp\ccO2skXL.s 			page 36


 1519 0b04 6C6F6E67 		.ascii	"long double\000"
 1519      20646F75 
 1519      626C6500 
 1520              	.LASF89:
 1521 0b10 4359424C 		.ascii	"CYBLE_EVT_FLASH_CORRUPT\000"
 1521      455F4556 
 1521      545F464C 
 1521      4153485F 
 1521      434F5252 
 1522              	.LASF121:
 1523 0b28 4379426C 		.ascii	"CyBle_GappSetNumOfAdvPkts\000"
 1523      655F4761 
 1523      70705365 
 1523      744E756D 
 1523      4F664164 
 1524              	.LASF16:
 1525 0b42 63686172 		.ascii	"char\000"
 1525      00
 1526              	.LASF34:
 1527 0b47 4359424C 		.ascii	"CYBLE_EVT_GAP_DEVICE_DISCONNECTED\000"
 1527      455F4556 
 1527      545F4741 
 1527      505F4445 
 1527      56494345 
 1528              	.LASF9:
 1529 0b69 5F5F7569 		.ascii	"__uint16_t\000"
 1529      6E743136 
 1529      5F7400
 1530              	.LASF73:
 1531 0b74 4359424C 		.ascii	"CYBLE_EVT_GATTS_READ_CHAR_VAL_ACCESS_REQ\000"
 1531      455F4556 
 1531      545F4741 
 1531      5454535F 
 1531      52454144 
 1532              	.LASF105:
 1533 0b9d 4359424C 		.ascii	"CYBLE_GAPP_DISC_PARAM_T\000"
 1533      455F4741 
 1533      50505F44 
 1533      4953435F 
 1533      50415241 
 1534              	.LASF84:
 1535 0bb5 4359424C 		.ascii	"CYBLE_EVT_L2CAP_CBFC_TX_CREDIT_IND\000"
 1535      455F4556 
 1535      545F4C32 
 1535      4341505F 
 1535      43424643 
 1536              	.LASF22:
 1537 0bd8 4359424C 		.ascii	"CYBLE_EVT_HARDWARE_ERROR\000"
 1537      455F4556 
 1537      545F4841 
 1537      52445741 
 1537      52455F45 
 1538              	.LASF122:
 1539 0bf1 43794465 		.ascii	"CyDelay\000"
 1539      6C617900 
 1540              	.LASF53:
 1541 0bf9 4359424C 		.ascii	"CYBLE_EVT_GATTS_XCNHG_MTU_REQ\000"
ARM GAS  C:\Users\jupac\AppData\Local\Temp\ccO2skXL.s 			page 37


 1541      455F4556 
 1541      545F4741 
 1541      5454535F 
 1541      58434E48 
 1542              	.LASF115:
 1543 0c17 4359424C 		.ascii	"CYBLE_GAPP_DISC_MODE_INFO_T\000"
 1543      455F4741 
 1543      50505F44 
 1543      4953435F 
 1543      4D4F4445 
 1544              	.LASF117:
 1545 0c33 6576656E 		.ascii	"eventParam\000"
 1545      74506172 
 1545      616D00
 1546              	.LASF113:
 1547 0c3e 61647650 		.ascii	"advParam\000"
 1547      6172616D 
 1547      00
 1548              	.LASF96:
 1549 0c47 4359424C 		.ascii	"CYBLE_GAPP_ADV_T\000"
 1549      455F4741 
 1549      50505F41 
 1549      44565F54 
 1549      00
 1550              	.LASF94:
 1551 0c58 4359424C 		.ascii	"CYBLE_GAPP_NON_CONNECTABLE_UNDIRECTED_ADV\000"
 1551      455F4741 
 1551      50505F4E 
 1551      4F4E5F43 
 1551      4F4E4E45 
 1552              	.LASF60:
 1553 0c82 4359424C 		.ascii	"CYBLE_EVT_GATTC_READ_BLOB_RSP\000"
 1553      455F4556 
 1553      545F4741 
 1553      5454435F 
 1553      52454144 
 1554              	.LASF58:
 1555 0ca0 4359424C 		.ascii	"CYBLE_EVT_GATTC_FIND_BY_TYPE_VALUE_RSP\000"
 1555      455F4556 
 1555      545F4741 
 1555      5454435F 
 1555      46494E44 
 1556              	.LASF38:
 1557 0cc7 4359424C 		.ascii	"CYBLE_EVT_GAP_KEYINFO_EXCHNGE_CMPLT\000"
 1557      455F4556 
 1557      545F4741 
 1557      505F4B45 
 1557      59494E46 
 1558              	.LASF80:
 1559 0ceb 4359424C 		.ascii	"CYBLE_EVT_L2CAP_CBFC_DISCONN_IND\000"
 1559      455F4556 
 1559      545F4C32 
 1559      4341505F 
 1559      43424643 
 1560              	.LASF76:
 1561 0d0c 4359424C 		.ascii	"CYBLE_EVT_L2CAP_CONN_PARAM_UPDATE_RSP\000"
 1561      455F4556 
ARM GAS  C:\Users\jupac\AppData\Local\Temp\ccO2skXL.s 			page 38


 1561      545F4C32 
 1561      4341505F 
 1561      434F4E4E 
 1562              	.LASF133:
 1563 0d32 6D61696E 		.ascii	"main\000"
 1563      00
 1564              	.LASF43:
 1565 0d37 4359424C 		.ascii	"CYBLE_EVT_GAP_ENHANCE_CONN_COMPLETE\000"
 1565      455F4556 
 1565      545F4741 
 1565      505F454E 
 1565      48414E43 
 1566              	.LASF52:
 1567 0d5b 4359424C 		.ascii	"CYBLE_EVT_GATT_DISCONNECT_IND\000"
 1567      455F4556 
 1567      545F4741 
 1567      54545F44 
 1567      4953434F 
 1568              		.ident	"GCC: (GNU Tools for ARM Embedded Processors) 5.4.1 20160609 (release) [ARM/embedded-5-bran
