ARM GAS  C:\Users\jupac\AppData\Local\Temp\ccTTYrwf.s 			page 1


   1              		.syntax unified
   2              		.cpu cortex-m0
   3              		.fpu softvfp
   4              		.eabi_attribute 20, 1
   5              		.eabi_attribute 21, 1
   6              		.eabi_attribute 23, 3
   7              		.eabi_attribute 24, 1
   8              		.eabi_attribute 25, 1
   9              		.eabi_attribute 26, 1
  10              		.eabi_attribute 30, 1
  11              		.eabi_attribute 34, 0
  12              		.eabi_attribute 18, 4
  13              		.thumb
  14              		.syntax unified
  15              		.file	"main.c"
  16              		.text
  17              	.Ltext0:
  18              		.cfi_sections	.debug_frame
  19              		.section	.text.AppCallBack,"ax",%progbits
  20              		.align	2
  21              		.global	AppCallBack
  22              		.code	16
  23              		.thumb_func
  24              		.type	AppCallBack, %function
  25              	AppCallBack:
  26              	.LFB35:
  27              		.file 1 "main.c"
   1:main.c        **** /* ========================================
   2:main.c        ****  *
   3:main.c        ****  * Copyright YOUR COMPANY, THE YEAR
   4:main.c        ****  * All Rights Reserved
   5:main.c        ****  * UNPUBLISHED, LICENSED SOFTWARE.
   6:main.c        ****  *
   7:main.c        ****  * CONFIDENTIAL AND PROPRIETARY INFORMATION
   8:main.c        ****  * WHICH IS THE PROPERTY OF your company.
   9:main.c        ****  *
  10:main.c        ****  * ========================================
  11:main.c        **** */
  12:main.c        **** #include "project.h"
  13:main.c        **** 
  14:main.c        **** char datorx;//Variable necesaria para introducir datos en la UART
  15:main.c        **** 
  16:main.c        **** /**
  17:main.c        ****  *FUNCIÓN DE CALLBACK
  18:main.c        ****  *Esta función establece las acciones que debe realizar el dispositivo en respuesta a diferentes e
  19:main.c        ****  * @brief                   BLE module application callback.
  20:main.c        ****  * @param[in] event         Type of BLE event as defined in the BLE Stack.
  21:main.c        ****  * @param[in] eventParam    Parameters associated with the specific BLE event.
  22:main.c        ****  */
  23:main.c        **** void AppCallBack(uint32 event, void *eventParam)
  24:main.c        **** {
  28              		.loc 1 24 0
  29              		.cfi_startproc
  30              		@ args = 0, pretend = 0, frame = 0
  31              		@ frame_needed = 0, uses_anonymous_args = 0
  32              	.LVL0:
  33 0000 10B5     		push	{r4, lr}
ARM GAS  C:\Users\jupac\AppData\Local\Temp\ccTTYrwf.s 			page 2


  34              		.cfi_def_cfa_offset 8
  35              		.cfi_offset 4, -8
  36              		.cfi_offset 14, -4
  25:main.c        ****     (void) eventParam;
  26:main.c        **** 
  27:main.c        ****     switch (event)
  37              		.loc 1 27 0
  38 0002 0128     		cmp	r0, #1
  39 0004 02D1     		bne	.L1
  28:main.c        ****     {
  29:main.c        ****     case CYBLE_EVT_STACK_ON:
  30:main.c        ****         //Comenzar advertising
  31:main.c        ****         CyBle_GappStartAdvertisement(CYBLE_ADVERTISING_FAST);
  40              		.loc 1 31 0
  41 0006 0020     		movs	r0, #0
  42              	.LVL1:
  43 0008 FFF7FEFF 		bl	CyBle_GappStartAdvertisement
  44              	.LVL2:
  45              	.L1:
  32:main.c        ****         break;
  33:main.c        **** 
  34:main.c        ****     default:
  35:main.c        ****         break;
  36:main.c        ****     }
  37:main.c        **** }
  46              		.loc 1 37 0
  47              		@ sp needed
  48 000c 10BD     		pop	{r4, pc}
  49              		.cfi_endproc
  50              	.LFE35:
  51              		.size	AppCallBack, .-AppCallBack
  52 000e C046     		.section	.text.InterruptRX,"ax",%progbits
  53              		.align	2
  54              		.global	InterruptRX
  55              		.code	16
  56              		.thumb_func
  57              		.type	InterruptRX, %function
  58              	InterruptRX:
  59              	.LFB36:
  38:main.c        **** 
  39:main.c        **** /* Interrupcion necesaria para poder introducir datos en la UART y que el dispositivo los lea */
  40:main.c        **** CY_ISR(InterruptRX) 
  41:main.c        **** {
  60              		.loc 1 41 0
  61              		.cfi_startproc
  62              		@ args = 0, pretend = 0, frame = 0
  63              		@ frame_needed = 0, uses_anonymous_args = 0
  64 0000 10B5     		push	{r4, lr}
  65              		.cfi_def_cfa_offset 8
  66              		.cfi_offset 4, -8
  67              		.cfi_offset 14, -4
  42:main.c        ****     //Leer dato introducido en la UART
  43:main.c        ****     datorx=UART_GetChar();
  68              		.loc 1 43 0
  69 0002 FFF7FEFF 		bl	UART_GetChar
  70              	.LVL3:
  71 0006 014B     		ldr	r3, .L5
ARM GAS  C:\Users\jupac\AppData\Local\Temp\ccTTYrwf.s 			page 3


  72 0008 1870     		strb	r0, [r3]
  44:main.c        **** }
  73              		.loc 1 44 0
  74              		@ sp needed
  75 000a 10BD     		pop	{r4, pc}
  76              	.L6:
  77              		.align	2
  78              	.L5:
  79 000c 00000000 		.word	datorx
  80              		.cfi_endproc
  81              	.LFE36:
  82              		.size	InterruptRX, .-InterruptRX
  83              		.section	.text.main,"ax",%progbits
  84              		.align	2
  85              		.global	main
  86              		.code	16
  87              		.thumb_func
  88              		.type	main, %function
  89              	main:
  90              	.LFB37:
  45:main.c        **** 
  46:main.c        **** int main(void)
  47:main.c        **** {
  91              		.loc 1 47 0
  92              		.cfi_startproc
  93              		@ Volatile: function does not return.
  94              		@ args = 0, pretend = 0, frame = 0
  95              		@ frame_needed = 0, uses_anonymous_args = 0
  96 0000 10B5     		push	{r4, lr}
  97              		.cfi_def_cfa_offset 8
  98              		.cfi_offset 4, -8
  99              		.cfi_offset 14, -4
  48:main.c        ****     CyGlobalIntEnable; /* Enable global interrupts. */
 100              		.loc 1 48 0
 101              		.syntax divided
 102              	@ 48 "main.c" 1
 103 0002 62B6     		CPSIE   i
 104              	@ 0 "" 2
  49:main.c        ****     
  50:main.c        ****     CyBle_Start(AppCallBack);// Iniciamos el dispositivo a través de la función de callback
 105              		.loc 1 50 0
 106              		.thumb
 107              		.syntax unified
 108 0004 0F48     		ldr	r0, .L10
 109 0006 FFF7FEFF 		bl	CyBle_Start
 110              	.LVL4:
  51:main.c        ****     UART_Start();//Iniciamos la UART para poder visualizar e introducir datos
 111              		.loc 1 51 0
 112 000a FFF7FEFF 		bl	UART_Start
 113              	.LVL5:
  52:main.c        ****     
  53:main.c        ****     isrRX_StartEx(InterruptRX);//Se activa la interrupción
 114              		.loc 1 53 0
 115 000e 0E48     		ldr	r0, .L10+4
 116 0010 FFF7FEFF 		bl	isrRX_StartEx
 117              	.LVL6:
 118              	.L8:
ARM GAS  C:\Users\jupac\AppData\Local\Temp\ccTTYrwf.s 			page 4


  54:main.c        **** 
  55:main.c        ****     for(;;)
  56:main.c        ****     {
  57:main.c        ****         //Encender led, escribir, a través de la UART "Transmitiendo Datos1"
  58:main.c        ****         LED1_Write(1);
 119              		.loc 1 58 0
 120 0014 0120     		movs	r0, #1
 121 0016 FFF7FEFF 		bl	LED1_Write
 122              	.LVL7:
  59:main.c        ****         UART_PutString("Transmitiendo Datos1\r\n");
 123              		.loc 1 59 0
 124 001a 0C48     		ldr	r0, .L10+8
 125 001c FFF7FEFF 		bl	UART_PutString
 126              	.LVL8:
  60:main.c        ****         CyBle_ProcessEvents();
 127              		.loc 1 60 0
 128 0020 FFF7FEFF 		bl	CyBle_ProcessEvents
 129              	.LVL9:
  61:main.c        ****         CyDelay(100);
 130              		.loc 1 61 0
 131 0024 6420     		movs	r0, #100
 132 0026 FFF7FEFF 		bl	CyDelay
 133              	.LVL10:
  62:main.c        **** 
  63:main.c        ****             
  64:main.c        ****             //Si el dato introducido es 0, se deja de anunciar tramas y se apaga el led
  65:main.c        ****             if (datorx== '0')
 134              		.loc 1 65 0
 135 002a 094B     		ldr	r3, .L10+12
 136 002c 1B78     		ldrb	r3, [r3]
 137 002e 302B     		cmp	r3, #48
 138 0030 F0D1     		bne	.L8
  66:main.c        ****             {
  67:main.c        ****             LED1_Write(0);
 139              		.loc 1 67 0
 140 0032 0020     		movs	r0, #0
 141 0034 FFF7FEFF 		bl	LED1_Write
 142              	.LVL11:
  68:main.c        ****             CyBle_GappStopAdvertisement();
 143              		.loc 1 68 0
 144 0038 FFF7FEFF 		bl	CyBle_GappStopAdvertisement
 145              	.LVL12:
  69:main.c        ****             UART_PutString("Transmision detenida \r \n");            
 146              		.loc 1 69 0
 147 003c 0548     		ldr	r0, .L10+16
 148 003e FFF7FEFF 		bl	UART_PutString
 149              	.LVL13:
 150 0042 E7E7     		b	.L8
 151              	.L11:
 152              		.align	2
 153              	.L10:
 154 0044 00000000 		.word	AppCallBack
 155 0048 00000000 		.word	InterruptRX
 156 004c 00000000 		.word	.LC3
 157 0050 00000000 		.word	datorx
 158 0054 18000000 		.word	.LC6
 159              		.cfi_endproc
ARM GAS  C:\Users\jupac\AppData\Local\Temp\ccTTYrwf.s 			page 5


 160              	.LFE37:
 161              		.size	main, .-main
 162              		.comm	datorx,1,1
 163              		.section	.rodata.str1.4,"aMS",%progbits,1
 164              		.align	2
 165              	.LC3:
 166 0000 5472616E 		.ascii	"Transmitiendo Datos1\015\012\000"
 166      736D6974 
 166      69656E64 
 166      6F204461 
 166      746F7331 
 167 0017 00       		.space	1
 168              	.LC6:
 169 0018 5472616E 		.ascii	"Transmision detenida \015 \012\000"
 169      736D6973 
 169      696F6E20 
 169      64657465 
 169      6E696461 
 170              		.text
 171              	.Letext0:
 172              		.file 2 "Generated_Source\\PSoC4/BLE_1.h"
 173              		.file 3 "Generated_Source\\PSoC4/UART.h"
 174              		.file 4 "Generated_Source\\PSoC4/isrRX.h"
 175              		.file 5 "Generated_Source\\PSoC4/LED1.h"
 176              		.file 6 "Generated_Source\\PSoC4/BLE_1_Stack.h"
 177              		.file 7 "Generated_Source\\PSoC4/CyLib.h"
 178              		.file 8 "Generated_Source\\PSoC4/cytypes.h"
 179              		.section	.debug_info,"",%progbits
 180              	.Ldebug_info0:
 181 0000 03040000 		.4byte	0x403
 182 0004 0400     		.2byte	0x4
 183 0006 00000000 		.4byte	.Ldebug_abbrev0
 184 000a 04       		.byte	0x4
 185 000b 01       		.uleb128 0x1
 186 000c E4010000 		.4byte	.LASF100
 187 0010 0C       		.byte	0xc
 188 0011 95080000 		.4byte	.LASF101
 189 0015 BF030000 		.4byte	.LASF102
 190 0019 00000000 		.4byte	.Ldebug_ranges0+0
 191 001d 00000000 		.4byte	0
 192 0021 00000000 		.4byte	.Ldebug_line0
 193 0025 02       		.uleb128 0x2
 194 0026 01       		.byte	0x1
 195 0027 06       		.byte	0x6
 196 0028 36060000 		.4byte	.LASF0
 197 002c 02       		.uleb128 0x2
 198 002d 01       		.byte	0x1
 199 002e 08       		.byte	0x8
 200 002f CC050000 		.4byte	.LASF1
 201 0033 02       		.uleb128 0x2
 202 0034 02       		.byte	0x2
 203 0035 05       		.byte	0x5
 204 0036 97000000 		.4byte	.LASF2
 205 003a 02       		.uleb128 0x2
 206 003b 02       		.byte	0x2
 207 003c 07       		.byte	0x7
 208 003d 82070000 		.4byte	.LASF3
ARM GAS  C:\Users\jupac\AppData\Local\Temp\ccTTYrwf.s 			page 6


 209 0041 02       		.uleb128 0x2
 210 0042 04       		.byte	0x4
 211 0043 05       		.byte	0x5
 212 0044 3B040000 		.4byte	.LASF4
 213 0048 02       		.uleb128 0x2
 214 0049 04       		.byte	0x4
 215 004a 07       		.byte	0x7
 216 004b C7060000 		.4byte	.LASF5
 217 004f 02       		.uleb128 0x2
 218 0050 08       		.byte	0x8
 219 0051 05       		.byte	0x5
 220 0052 0D090000 		.4byte	.LASF6
 221 0056 02       		.uleb128 0x2
 222 0057 08       		.byte	0x8
 223 0058 07       		.byte	0x7
 224 0059 87030000 		.4byte	.LASF7
 225 005d 03       		.uleb128 0x3
 226 005e 04       		.byte	0x4
 227 005f 05       		.byte	0x5
 228 0060 696E7400 		.ascii	"int\000"
 229 0064 02       		.uleb128 0x2
 230 0065 04       		.byte	0x4
 231 0066 07       		.byte	0x7
 232 0067 9F060000 		.4byte	.LASF8
 233 006b 04       		.uleb128 0x4
 234 006c 8E080000 		.4byte	.LASF103
 235 0070 08       		.byte	0x8
 236 0071 FD01     		.2byte	0x1fd
 237 0073 48000000 		.4byte	0x48
 238 0077 02       		.uleb128 0x2
 239 0078 04       		.byte	0x4
 240 0079 04       		.byte	0x4
 241 007a 2C030000 		.4byte	.LASF9
 242 007e 02       		.uleb128 0x2
 243 007f 08       		.byte	0x8
 244 0080 04       		.byte	0x4
 245 0081 BF080000 		.4byte	.LASF10
 246 0085 02       		.uleb128 0x2
 247 0086 01       		.byte	0x1
 248 0087 08       		.byte	0x8
 249 0088 FD070000 		.4byte	.LASF11
 250 008c 02       		.uleb128 0x2
 251 008d 08       		.byte	0x8
 252 008e 04       		.byte	0x4
 253 008f 00000000 		.4byte	.LASF12
 254 0093 02       		.uleb128 0x2
 255 0094 04       		.byte	0x4
 256 0095 07       		.byte	0x7
 257 0096 D9000000 		.4byte	.LASF13
 258 009a 05       		.uleb128 0x5
 259 009b 04       		.byte	0x4
 260 009c 06       		.uleb128 0x6
 261 009d 01       		.byte	0x1
 262 009e 2C000000 		.4byte	0x2c
 263 00a2 06       		.byte	0x6
 264 00a3 3501     		.2byte	0x135
 265 00a5 5A020000 		.4byte	0x25a
ARM GAS  C:\Users\jupac\AppData\Local\Temp\ccTTYrwf.s 			page 7


 266 00a9 07       		.uleb128 0x7
 267 00aa D6020000 		.4byte	.LASF14
 268 00ae 00       		.byte	0
 269 00af 07       		.uleb128 0x7
 270 00b0 62010000 		.4byte	.LASF15
 271 00b4 01       		.byte	0x1
 272 00b5 07       		.uleb128 0x7
 273 00b6 240A0000 		.4byte	.LASF16
 274 00ba 02       		.byte	0x2
 275 00bb 07       		.uleb128 0x7
 276 00bc 1B090000 		.4byte	.LASF17
 277 00c0 03       		.byte	0x3
 278 00c1 07       		.uleb128 0x7
 279 00c2 0E010000 		.4byte	.LASF18
 280 00c6 04       		.byte	0x4
 281 00c7 07       		.uleb128 0x7
 282 00c8 E1040000 		.4byte	.LASF19
 283 00cc 05       		.byte	0x5
 284 00cd 07       		.uleb128 0x7
 285 00ce 4A000000 		.4byte	.LASF20
 286 00d2 06       		.byte	0x6
 287 00d3 07       		.uleb128 0x7
 288 00d4 79090000 		.4byte	.LASF21
 289 00d8 20       		.byte	0x20
 290 00d9 07       		.uleb128 0x7
 291 00da D9060000 		.4byte	.LASF22
 292 00de 21       		.byte	0x21
 293 00df 07       		.uleb128 0x7
 294 00e0 0C000000 		.4byte	.LASF23
 295 00e4 22       		.byte	0x22
 296 00e5 07       		.uleb128 0x7
 297 00e6 FD040000 		.4byte	.LASF24
 298 00ea 23       		.byte	0x23
 299 00eb 07       		.uleb128 0x7
 300 00ec 83060000 		.4byte	.LASF25
 301 00f0 24       		.byte	0x24
 302 00f1 07       		.uleb128 0x7
 303 00f2 A1000000 		.4byte	.LASF26
 304 00f6 25       		.byte	0x25
 305 00f7 07       		.uleb128 0x7
 306 00f8 98040000 		.4byte	.LASF27
 307 00fc 26       		.byte	0x26
 308 00fd 07       		.uleb128 0x7
 309 00fe 79040000 		.4byte	.LASF28
 310 0102 27       		.byte	0x27
 311 0103 07       		.uleb128 0x7
 312 0104 E10A0000 		.4byte	.LASF29
 313 0108 28       		.byte	0x28
 314 0109 07       		.uleb128 0x7
 315 010a 11070000 		.4byte	.LASF30
 316 010e 29       		.byte	0x29
 317 010f 07       		.uleb128 0x7
 318 0110 AD070000 		.4byte	.LASF31
 319 0114 2A       		.byte	0x2a
 320 0115 07       		.uleb128 0x7
 321 0116 420A0000 		.4byte	.LASF32
 322 011a 2B       		.byte	0x2b
ARM GAS  C:\Users\jupac\AppData\Local\Temp\ccTTYrwf.s 			page 8


 323 011b 07       		.uleb128 0x7
 324 011c 72020000 		.4byte	.LASF33
 325 0120 2C       		.byte	0x2c
 326 0121 07       		.uleb128 0x7
 327 0122 3D030000 		.4byte	.LASF34
 328 0126 2D       		.byte	0x2d
 329 0127 07       		.uleb128 0x7
 330 0128 E2090000 		.4byte	.LASF35
 331 012c 2E       		.byte	0x2e
 332 012d 07       		.uleb128 0x7
 333 012e 440B0000 		.4byte	.LASF36
 334 0132 2F       		.byte	0x2f
 335 0133 07       		.uleb128 0x7
 336 0134 E2000000 		.4byte	.LASF37
 337 0138 30       		.byte	0x30
 338 0139 07       		.uleb128 0x7
 339 013a 65050000 		.4byte	.LASF38
 340 013e 31       		.byte	0x31
 341 013f 07       		.uleb128 0x7
 342 0140 66030000 		.4byte	.LASF39
 343 0144 32       		.byte	0x32
 344 0145 07       		.uleb128 0x7
 345 0146 D6070000 		.4byte	.LASF40
 346 014a 33       		.byte	0x33
 347 014b 07       		.uleb128 0x7
 348 014c 2E070000 		.4byte	.LASF41
 349 0150 34       		.byte	0x34
 350 0151 07       		.uleb128 0x7
 351 0152 F0080000 		.4byte	.LASF42
 352 0156 35       		.byte	0x35
 353 0157 07       		.uleb128 0x7
 354 0158 9E030000 		.4byte	.LASF43
 355 015c 36       		.byte	0x36
 356 015d 07       		.uleb128 0x7
 357 015e 75010000 		.4byte	.LASF44
 358 0162 37       		.byte	0x37
 359 0163 07       		.uleb128 0x7
 360 0164 63000000 		.4byte	.LASF45
 361 0168 40       		.byte	0x40
 362 0169 07       		.uleb128 0x7
 363 016a AC060000 		.4byte	.LASF46
 364 016e 41       		.byte	0x41
 365 016f 07       		.uleb128 0x7
 366 0170 BB000000 		.4byte	.LASF47
 367 0174 42       		.byte	0x42
 368 0175 07       		.uleb128 0x7
 369 0176 AA010000 		.4byte	.LASF48
 370 017a 43       		.byte	0x43
 371 017b 07       		.uleb128 0x7
 372 017c 060A0000 		.4byte	.LASF49
 373 0180 44       		.byte	0x44
 374 0181 07       		.uleb128 0x7
 375 0182 9D090000 		.4byte	.LASF50
 376 0186 45       		.byte	0x45
 377 0187 07       		.uleb128 0x7
 378 0188 23010000 		.4byte	.LASF51
 379 018c 46       		.byte	0x46
ARM GAS  C:\Users\jupac\AppData\Local\Temp\ccTTYrwf.s 			page 9


 380 018d 07       		.uleb128 0x7
 381 018e 18060000 		.4byte	.LASF52
 382 0192 47       		.byte	0x47
 383 0193 07       		.uleb128 0x7
 384 0194 5C060000 		.4byte	.LASF53
 385 0198 48       		.byte	0x48
 386 0199 07       		.uleb128 0x7
 387 019a 46070000 		.4byte	.LASF54
 388 019e 49       		.byte	0x49
 389 019f 07       		.uleb128 0x7
 390 01a0 51080000 		.4byte	.LASF55
 391 01a4 4A       		.byte	0x4a
 392 01a5 07       		.uleb128 0x7
 393 01a6 96020000 		.4byte	.LASF56
 394 01aa 4B       		.byte	0x4b
 395 01ab 07       		.uleb128 0x7
 396 01ac 42060000 		.4byte	.LASF57
 397 01b0 4C       		.byte	0x4c
 398 01b1 07       		.uleb128 0x7
 399 01b2 30000000 		.4byte	.LASF58
 400 01b6 4D       		.byte	0x4d
 401 01b7 07       		.uleb128 0x7
 402 01b8 C4090000 		.4byte	.LASF59
 403 01bc 4E       		.byte	0x4e
 404 01bd 07       		.uleb128 0x7
 405 01be DA050000 		.4byte	.LASF60
 406 01c2 4F       		.byte	0x4f
 407 01c3 07       		.uleb128 0x7
 408 01c4 C20A0000 		.4byte	.LASF61
 409 01c8 50       		.byte	0x50
 410 01c9 07       		.uleb128 0x7
 411 01ca 6F080000 		.4byte	.LASF62
 412 01ce 51       		.byte	0x51
 413 01cf 07       		.uleb128 0x7
 414 01d0 C0040000 		.4byte	.LASF63
 415 01d4 52       		.byte	0x52
 416 01d5 07       		.uleb128 0x7
 417 01d6 44040000 		.4byte	.LASF64
 418 01da 53       		.byte	0x53
 419 01db 07       		.uleb128 0x7
 420 01dc B5020000 		.4byte	.LASF65
 421 01e0 54       		.byte	0x54
 422 01e1 07       		.uleb128 0x7
 423 01e2 0E0B0000 		.4byte	.LASF66
 424 01e6 55       		.byte	0x55
 425 01e7 07       		.uleb128 0x7
 426 01e8 980A0000 		.4byte	.LASF67
 427 01ec 56       		.byte	0x56
 428 01ed 07       		.uleb128 0x7
 429 01ee 6F0A0000 		.4byte	.LASF68
 430 01f2 57       		.byte	0x57
 431 01f3 07       		.uleb128 0x7
 432 01f4 5F070000 		.4byte	.LASF69
 433 01f8 58       		.byte	0x58
 434 01f9 07       		.uleb128 0x7
 435 01fa A6050000 		.4byte	.LASF70
 436 01fe 70       		.byte	0x70
ARM GAS  C:\Users\jupac\AppData\Local\Temp\ccTTYrwf.s 			page 10


 437 01ff 07       		.uleb128 0x7
 438 0200 53090000 		.4byte	.LASF71
 439 0204 71       		.byte	0x71
 440 0205 07       		.uleb128 0x7
 441 0206 0D080000 		.4byte	.LASF72
 442 020a 72       		.byte	0x72
 443 020b 07       		.uleb128 0x7
 444 020c ED020000 		.4byte	.LASF73
 445 0210 73       		.byte	0x73
 446 0211 07       		.uleb128 0x7
 447 0212 47050000 		.4byte	.LASF74
 448 0216 74       		.byte	0x74
 449 0217 07       		.uleb128 0x7
 450 0218 F0060000 		.4byte	.LASF75
 451 021c 75       		.byte	0x75
 452 021d 07       		.uleb128 0x7
 453 021e 0B030000 		.4byte	.LASF76
 454 0222 76       		.byte	0x76
 455 0223 07       		.uleb128 0x7
 456 0224 34090000 		.4byte	.LASF77
 457 0228 77       		.byte	0x77
 458 0229 07       		.uleb128 0x7
 459 022a 9C080000 		.4byte	.LASF78
 460 022e 78       		.byte	0x78
 461 022f 07       		.uleb128 0x7
 462 0230 CD080000 		.4byte	.LASF79
 463 0234 79       		.byte	0x79
 464 0235 07       		.uleb128 0x7
 465 0236 23050000 		.4byte	.LASF80
 466 023a 7A       		.byte	0x7a
 467 023b 07       		.uleb128 0x7
 468 023c 44010000 		.4byte	.LASF81
 469 0240 FA       		.byte	0xfa
 470 0241 07       		.uleb128 0x7
 471 0242 F9050000 		.4byte	.LASF82
 472 0246 FB       		.byte	0xfb
 473 0247 07       		.uleb128 0x7
 474 0248 320B0000 		.4byte	.LASF83
 475 024c FC       		.byte	0xfc
 476 024d 07       		.uleb128 0x7
 477 024e 95070000 		.4byte	.LASF84
 478 0252 FD       		.byte	0xfd
 479 0253 07       		.uleb128 0x7
 480 0254 610A0000 		.4byte	.LASF85
 481 0258 FF       		.byte	0xff
 482 0259 00       		.byte	0
 483 025a 08       		.uleb128 0x8
 484 025b 360A0000 		.4byte	.LASF88
 485 025f 01       		.byte	0x1
 486 0260 17       		.byte	0x17
 487 0261 00000000 		.4byte	.LFB35
 488 0265 0E000000 		.4byte	.LFE35-.LFB35
 489 0269 01       		.uleb128 0x1
 490 026a 9C       		.byte	0x9c
 491 026b 9D020000 		.4byte	0x29d
 492 026f 09       		.uleb128 0x9
 493 0270 08010000 		.4byte	.LASF86
ARM GAS  C:\Users\jupac\AppData\Local\Temp\ccTTYrwf.s 			page 11


 494 0274 01       		.byte	0x1
 495 0275 17       		.byte	0x17
 496 0276 6B000000 		.4byte	0x6b
 497 027a 00000000 		.4byte	.LLST0
 498 027e 09       		.uleb128 0x9
 499 027f 030B0000 		.4byte	.LASF87
 500 0283 01       		.byte	0x1
 501 0284 17       		.byte	0x17
 502 0285 9A000000 		.4byte	0x9a
 503 0289 21000000 		.4byte	.LLST1
 504 028d 0A       		.uleb128 0xa
 505 028e 0C000000 		.4byte	.LVL2
 506 0292 94030000 		.4byte	0x394
 507 0296 0B       		.uleb128 0xb
 508 0297 01       		.uleb128 0x1
 509 0298 50       		.byte	0x50
 510 0299 01       		.uleb128 0x1
 511 029a 30       		.byte	0x30
 512 029b 00       		.byte	0
 513 029c 00       		.byte	0
 514 029d 08       		.uleb128 0x8
 515 029e 29080000 		.4byte	.LASF89
 516 02a2 01       		.byte	0x1
 517 02a3 28       		.byte	0x28
 518 02a4 00000000 		.4byte	.LFB36
 519 02a8 10000000 		.4byte	.LFE36-.LFB36
 520 02ac 01       		.uleb128 0x1
 521 02ad 9C       		.byte	0x9c
 522 02ae BC020000 		.4byte	0x2bc
 523 02b2 0C       		.uleb128 0xc
 524 02b3 06000000 		.4byte	.LVL3
 525 02b7 A0030000 		.4byte	0x3a0
 526 02bb 00       		.byte	0
 527 02bc 0D       		.uleb128 0xd
 528 02bd 03010000 		.4byte	.LASF104
 529 02c1 01       		.byte	0x1
 530 02c2 2E       		.byte	0x2e
 531 02c3 5D000000 		.4byte	0x5d
 532 02c7 00000000 		.4byte	.LFB37
 533 02cb 58000000 		.4byte	.LFE37-.LFB37
 534 02cf 01       		.uleb128 0x1
 535 02d0 9C       		.byte	0x9c
 536 02d1 83030000 		.4byte	0x383
 537 02d5 0E       		.uleb128 0xe
 538 02d6 0A000000 		.4byte	.LVL4
 539 02da AB030000 		.4byte	0x3ab
 540 02de EC020000 		.4byte	0x2ec
 541 02e2 0B       		.uleb128 0xb
 542 02e3 01       		.uleb128 0x1
 543 02e4 50       		.byte	0x50
 544 02e5 05       		.uleb128 0x5
 545 02e6 03       		.byte	0x3
 546 02e7 00000000 		.4byte	AppCallBack
 547 02eb 00       		.byte	0
 548 02ec 0C       		.uleb128 0xc
 549 02ed 0E000000 		.4byte	.LVL5
 550 02f1 B7030000 		.4byte	0x3b7
ARM GAS  C:\Users\jupac\AppData\Local\Temp\ccTTYrwf.s 			page 12


 551 02f5 0E       		.uleb128 0xe
 552 02f6 14000000 		.4byte	.LVL6
 553 02fa C2030000 		.4byte	0x3c2
 554 02fe 0C030000 		.4byte	0x30c
 555 0302 0B       		.uleb128 0xb
 556 0303 01       		.uleb128 0x1
 557 0304 50       		.byte	0x50
 558 0305 05       		.uleb128 0x5
 559 0306 03       		.byte	0x3
 560 0307 00000000 		.4byte	InterruptRX
 561 030b 00       		.byte	0
 562 030c 0E       		.uleb128 0xe
 563 030d 1A000000 		.4byte	.LVL7
 564 0311 CD030000 		.4byte	0x3cd
 565 0315 1F030000 		.4byte	0x31f
 566 0319 0B       		.uleb128 0xb
 567 031a 01       		.uleb128 0x1
 568 031b 50       		.byte	0x50
 569 031c 01       		.uleb128 0x1
 570 031d 31       		.byte	0x31
 571 031e 00       		.byte	0
 572 031f 0E       		.uleb128 0xe
 573 0320 20000000 		.4byte	.LVL8
 574 0324 D8030000 		.4byte	0x3d8
 575 0328 36030000 		.4byte	0x336
 576 032c 0B       		.uleb128 0xb
 577 032d 01       		.uleb128 0x1
 578 032e 50       		.byte	0x50
 579 032f 05       		.uleb128 0x5
 580 0330 03       		.byte	0x3
 581 0331 00000000 		.4byte	.LC3
 582 0335 00       		.byte	0
 583 0336 0C       		.uleb128 0xc
 584 0337 24000000 		.4byte	.LVL9
 585 033b E3030000 		.4byte	0x3e3
 586 033f 0E       		.uleb128 0xe
 587 0340 2A000000 		.4byte	.LVL10
 588 0344 EF030000 		.4byte	0x3ef
 589 0348 53030000 		.4byte	0x353
 590 034c 0B       		.uleb128 0xb
 591 034d 01       		.uleb128 0x1
 592 034e 50       		.byte	0x50
 593 034f 02       		.uleb128 0x2
 594 0350 08       		.byte	0x8
 595 0351 64       		.byte	0x64
 596 0352 00       		.byte	0
 597 0353 0E       		.uleb128 0xe
 598 0354 38000000 		.4byte	.LVL11
 599 0358 CD030000 		.4byte	0x3cd
 600 035c 66030000 		.4byte	0x366
 601 0360 0B       		.uleb128 0xb
 602 0361 01       		.uleb128 0x1
 603 0362 50       		.byte	0x50
 604 0363 01       		.uleb128 0x1
 605 0364 30       		.byte	0x30
 606 0365 00       		.byte	0
 607 0366 0C       		.uleb128 0xc
ARM GAS  C:\Users\jupac\AppData\Local\Temp\ccTTYrwf.s 			page 13


 608 0367 3C000000 		.4byte	.LVL12
 609 036b FA030000 		.4byte	0x3fa
 610 036f 0A       		.uleb128 0xa
 611 0370 42000000 		.4byte	.LVL13
 612 0374 D8030000 		.4byte	0x3d8
 613 0378 0B       		.uleb128 0xb
 614 0379 01       		.uleb128 0x1
 615 037a 50       		.byte	0x50
 616 037b 05       		.uleb128 0x5
 617 037c 03       		.byte	0x3
 618 037d 18000000 		.4byte	.LC6
 619 0381 00       		.byte	0
 620 0382 00       		.byte	0
 621 0383 0F       		.uleb128 0xf
 622 0384 C6080000 		.4byte	.LASF105
 623 0388 01       		.byte	0x1
 624 0389 0E       		.byte	0xe
 625 038a 85000000 		.4byte	0x85
 626 038e 05       		.uleb128 0x5
 627 038f 03       		.byte	0x3
 628 0390 00000000 		.4byte	datorx
 629 0394 10       		.uleb128 0x10
 630 0395 89050000 		.4byte	.LASF90
 631 0399 89050000 		.4byte	.LASF90
 632 039d 02       		.byte	0x2
 633 039e 7F02     		.2byte	0x27f
 634 03a0 11       		.uleb128 0x11
 635 03a1 C8010000 		.4byte	.LASF91
 636 03a5 C8010000 		.4byte	.LASF91
 637 03a9 03       		.byte	0x3
 638 03aa 71       		.byte	0x71
 639 03ab 10       		.uleb128 0x10
 640 03ac 7D000000 		.4byte	.LASF92
 641 03b0 7D000000 		.4byte	.LASF92
 642 03b4 02       		.byte	0x2
 643 03b5 6F02     		.2byte	0x26f
 644 03b7 11       		.uleb128 0x11
 645 03b8 02080000 		.4byte	.LASF93
 646 03bc 02080000 		.4byte	.LASF93
 647 03c0 03       		.byte	0x3
 648 03c1 54       		.byte	0x54
 649 03c2 11       		.uleb128 0x11
 650 03c3 89000000 		.4byte	.LASF94
 651 03c7 89000000 		.4byte	.LASF94
 652 03cb 04       		.byte	0x4
 653 03cc 18       		.byte	0x18
 654 03cd 11       		.uleb128 0x11
 655 03ce 32030000 		.4byte	.LASF95
 656 03d2 32030000 		.4byte	.LASF95
 657 03d6 05       		.byte	0x5
 658 03d7 33       		.byte	0x33
 659 03d8 11       		.uleb128 0x11
 660 03d9 D5010000 		.4byte	.LASF96
 661 03dd D5010000 		.4byte	.LASF96
 662 03e1 03       		.byte	0x3
 663 03e2 8B       		.byte	0x8b
 664 03e3 10       		.uleb128 0x10
ARM GAS  C:\Users\jupac\AppData\Local\Temp\ccTTYrwf.s 			page 14


 665 03e4 65040000 		.4byte	.LASF97
 666 03e8 65040000 		.4byte	.LASF97
 667 03ec 06       		.byte	0x6
 668 03ed CF07     		.2byte	0x7cf
 669 03ef 11       		.uleb128 0x11
 670 03f0 BA0A0000 		.4byte	.LASF98
 671 03f4 BA0A0000 		.4byte	.LASF98
 672 03f8 07       		.byte	0x7
 673 03f9 EC       		.byte	0xec
 674 03fa 10       		.uleb128 0x10
 675 03fb 35080000 		.4byte	.LASF99
 676 03ff 35080000 		.4byte	.LASF99
 677 0403 02       		.byte	0x2
 678 0404 8002     		.2byte	0x280
 679 0406 00       		.byte	0
 680              		.section	.debug_abbrev,"",%progbits
 681              	.Ldebug_abbrev0:
 682 0000 01       		.uleb128 0x1
 683 0001 11       		.uleb128 0x11
 684 0002 01       		.byte	0x1
 685 0003 25       		.uleb128 0x25
 686 0004 0E       		.uleb128 0xe
 687 0005 13       		.uleb128 0x13
 688 0006 0B       		.uleb128 0xb
 689 0007 03       		.uleb128 0x3
 690 0008 0E       		.uleb128 0xe
 691 0009 1B       		.uleb128 0x1b
 692 000a 0E       		.uleb128 0xe
 693 000b 55       		.uleb128 0x55
 694 000c 17       		.uleb128 0x17
 695 000d 11       		.uleb128 0x11
 696 000e 01       		.uleb128 0x1
 697 000f 10       		.uleb128 0x10
 698 0010 17       		.uleb128 0x17
 699 0011 00       		.byte	0
 700 0012 00       		.byte	0
 701 0013 02       		.uleb128 0x2
 702 0014 24       		.uleb128 0x24
 703 0015 00       		.byte	0
 704 0016 0B       		.uleb128 0xb
 705 0017 0B       		.uleb128 0xb
 706 0018 3E       		.uleb128 0x3e
 707 0019 0B       		.uleb128 0xb
 708 001a 03       		.uleb128 0x3
 709 001b 0E       		.uleb128 0xe
 710 001c 00       		.byte	0
 711 001d 00       		.byte	0
 712 001e 03       		.uleb128 0x3
 713 001f 24       		.uleb128 0x24
 714 0020 00       		.byte	0
 715 0021 0B       		.uleb128 0xb
 716 0022 0B       		.uleb128 0xb
 717 0023 3E       		.uleb128 0x3e
 718 0024 0B       		.uleb128 0xb
 719 0025 03       		.uleb128 0x3
 720 0026 08       		.uleb128 0x8
 721 0027 00       		.byte	0
ARM GAS  C:\Users\jupac\AppData\Local\Temp\ccTTYrwf.s 			page 15


 722 0028 00       		.byte	0
 723 0029 04       		.uleb128 0x4
 724 002a 16       		.uleb128 0x16
 725 002b 00       		.byte	0
 726 002c 03       		.uleb128 0x3
 727 002d 0E       		.uleb128 0xe
 728 002e 3A       		.uleb128 0x3a
 729 002f 0B       		.uleb128 0xb
 730 0030 3B       		.uleb128 0x3b
 731 0031 05       		.uleb128 0x5
 732 0032 49       		.uleb128 0x49
 733 0033 13       		.uleb128 0x13
 734 0034 00       		.byte	0
 735 0035 00       		.byte	0
 736 0036 05       		.uleb128 0x5
 737 0037 0F       		.uleb128 0xf
 738 0038 00       		.byte	0
 739 0039 0B       		.uleb128 0xb
 740 003a 0B       		.uleb128 0xb
 741 003b 00       		.byte	0
 742 003c 00       		.byte	0
 743 003d 06       		.uleb128 0x6
 744 003e 04       		.uleb128 0x4
 745 003f 01       		.byte	0x1
 746 0040 0B       		.uleb128 0xb
 747 0041 0B       		.uleb128 0xb
 748 0042 49       		.uleb128 0x49
 749 0043 13       		.uleb128 0x13
 750 0044 3A       		.uleb128 0x3a
 751 0045 0B       		.uleb128 0xb
 752 0046 3B       		.uleb128 0x3b
 753 0047 05       		.uleb128 0x5
 754 0048 01       		.uleb128 0x1
 755 0049 13       		.uleb128 0x13
 756 004a 00       		.byte	0
 757 004b 00       		.byte	0
 758 004c 07       		.uleb128 0x7
 759 004d 28       		.uleb128 0x28
 760 004e 00       		.byte	0
 761 004f 03       		.uleb128 0x3
 762 0050 0E       		.uleb128 0xe
 763 0051 1C       		.uleb128 0x1c
 764 0052 0B       		.uleb128 0xb
 765 0053 00       		.byte	0
 766 0054 00       		.byte	0
 767 0055 08       		.uleb128 0x8
 768 0056 2E       		.uleb128 0x2e
 769 0057 01       		.byte	0x1
 770 0058 3F       		.uleb128 0x3f
 771 0059 19       		.uleb128 0x19
 772 005a 03       		.uleb128 0x3
 773 005b 0E       		.uleb128 0xe
 774 005c 3A       		.uleb128 0x3a
 775 005d 0B       		.uleb128 0xb
 776 005e 3B       		.uleb128 0x3b
 777 005f 0B       		.uleb128 0xb
 778 0060 27       		.uleb128 0x27
ARM GAS  C:\Users\jupac\AppData\Local\Temp\ccTTYrwf.s 			page 16


 779 0061 19       		.uleb128 0x19
 780 0062 11       		.uleb128 0x11
 781 0063 01       		.uleb128 0x1
 782 0064 12       		.uleb128 0x12
 783 0065 06       		.uleb128 0x6
 784 0066 40       		.uleb128 0x40
 785 0067 18       		.uleb128 0x18
 786 0068 9742     		.uleb128 0x2117
 787 006a 19       		.uleb128 0x19
 788 006b 01       		.uleb128 0x1
 789 006c 13       		.uleb128 0x13
 790 006d 00       		.byte	0
 791 006e 00       		.byte	0
 792 006f 09       		.uleb128 0x9
 793 0070 05       		.uleb128 0x5
 794 0071 00       		.byte	0
 795 0072 03       		.uleb128 0x3
 796 0073 0E       		.uleb128 0xe
 797 0074 3A       		.uleb128 0x3a
 798 0075 0B       		.uleb128 0xb
 799 0076 3B       		.uleb128 0x3b
 800 0077 0B       		.uleb128 0xb
 801 0078 49       		.uleb128 0x49
 802 0079 13       		.uleb128 0x13
 803 007a 02       		.uleb128 0x2
 804 007b 17       		.uleb128 0x17
 805 007c 00       		.byte	0
 806 007d 00       		.byte	0
 807 007e 0A       		.uleb128 0xa
 808 007f 898201   		.uleb128 0x4109
 809 0082 01       		.byte	0x1
 810 0083 11       		.uleb128 0x11
 811 0084 01       		.uleb128 0x1
 812 0085 31       		.uleb128 0x31
 813 0086 13       		.uleb128 0x13
 814 0087 00       		.byte	0
 815 0088 00       		.byte	0
 816 0089 0B       		.uleb128 0xb
 817 008a 8A8201   		.uleb128 0x410a
 818 008d 00       		.byte	0
 819 008e 02       		.uleb128 0x2
 820 008f 18       		.uleb128 0x18
 821 0090 9142     		.uleb128 0x2111
 822 0092 18       		.uleb128 0x18
 823 0093 00       		.byte	0
 824 0094 00       		.byte	0
 825 0095 0C       		.uleb128 0xc
 826 0096 898201   		.uleb128 0x4109
 827 0099 00       		.byte	0
 828 009a 11       		.uleb128 0x11
 829 009b 01       		.uleb128 0x1
 830 009c 31       		.uleb128 0x31
 831 009d 13       		.uleb128 0x13
 832 009e 00       		.byte	0
 833 009f 00       		.byte	0
 834 00a0 0D       		.uleb128 0xd
 835 00a1 2E       		.uleb128 0x2e
ARM GAS  C:\Users\jupac\AppData\Local\Temp\ccTTYrwf.s 			page 17


 836 00a2 01       		.byte	0x1
 837 00a3 3F       		.uleb128 0x3f
 838 00a4 19       		.uleb128 0x19
 839 00a5 03       		.uleb128 0x3
 840 00a6 0E       		.uleb128 0xe
 841 00a7 3A       		.uleb128 0x3a
 842 00a8 0B       		.uleb128 0xb
 843 00a9 3B       		.uleb128 0x3b
 844 00aa 0B       		.uleb128 0xb
 845 00ab 27       		.uleb128 0x27
 846 00ac 19       		.uleb128 0x19
 847 00ad 49       		.uleb128 0x49
 848 00ae 13       		.uleb128 0x13
 849 00af 8701     		.uleb128 0x87
 850 00b1 19       		.uleb128 0x19
 851 00b2 11       		.uleb128 0x11
 852 00b3 01       		.uleb128 0x1
 853 00b4 12       		.uleb128 0x12
 854 00b5 06       		.uleb128 0x6
 855 00b6 40       		.uleb128 0x40
 856 00b7 18       		.uleb128 0x18
 857 00b8 9742     		.uleb128 0x2117
 858 00ba 19       		.uleb128 0x19
 859 00bb 01       		.uleb128 0x1
 860 00bc 13       		.uleb128 0x13
 861 00bd 00       		.byte	0
 862 00be 00       		.byte	0
 863 00bf 0E       		.uleb128 0xe
 864 00c0 898201   		.uleb128 0x4109
 865 00c3 01       		.byte	0x1
 866 00c4 11       		.uleb128 0x11
 867 00c5 01       		.uleb128 0x1
 868 00c6 31       		.uleb128 0x31
 869 00c7 13       		.uleb128 0x13
 870 00c8 01       		.uleb128 0x1
 871 00c9 13       		.uleb128 0x13
 872 00ca 00       		.byte	0
 873 00cb 00       		.byte	0
 874 00cc 0F       		.uleb128 0xf
 875 00cd 34       		.uleb128 0x34
 876 00ce 00       		.byte	0
 877 00cf 03       		.uleb128 0x3
 878 00d0 0E       		.uleb128 0xe
 879 00d1 3A       		.uleb128 0x3a
 880 00d2 0B       		.uleb128 0xb
 881 00d3 3B       		.uleb128 0x3b
 882 00d4 0B       		.uleb128 0xb
 883 00d5 49       		.uleb128 0x49
 884 00d6 13       		.uleb128 0x13
 885 00d7 3F       		.uleb128 0x3f
 886 00d8 19       		.uleb128 0x19
 887 00d9 02       		.uleb128 0x2
 888 00da 18       		.uleb128 0x18
 889 00db 00       		.byte	0
 890 00dc 00       		.byte	0
 891 00dd 10       		.uleb128 0x10
 892 00de 2E       		.uleb128 0x2e
ARM GAS  C:\Users\jupac\AppData\Local\Temp\ccTTYrwf.s 			page 18


 893 00df 00       		.byte	0
 894 00e0 3F       		.uleb128 0x3f
 895 00e1 19       		.uleb128 0x19
 896 00e2 3C       		.uleb128 0x3c
 897 00e3 19       		.uleb128 0x19
 898 00e4 6E       		.uleb128 0x6e
 899 00e5 0E       		.uleb128 0xe
 900 00e6 03       		.uleb128 0x3
 901 00e7 0E       		.uleb128 0xe
 902 00e8 3A       		.uleb128 0x3a
 903 00e9 0B       		.uleb128 0xb
 904 00ea 3B       		.uleb128 0x3b
 905 00eb 05       		.uleb128 0x5
 906 00ec 00       		.byte	0
 907 00ed 00       		.byte	0
 908 00ee 11       		.uleb128 0x11
 909 00ef 2E       		.uleb128 0x2e
 910 00f0 00       		.byte	0
 911 00f1 3F       		.uleb128 0x3f
 912 00f2 19       		.uleb128 0x19
 913 00f3 3C       		.uleb128 0x3c
 914 00f4 19       		.uleb128 0x19
 915 00f5 6E       		.uleb128 0x6e
 916 00f6 0E       		.uleb128 0xe
 917 00f7 03       		.uleb128 0x3
 918 00f8 0E       		.uleb128 0xe
 919 00f9 3A       		.uleb128 0x3a
 920 00fa 0B       		.uleb128 0xb
 921 00fb 3B       		.uleb128 0x3b
 922 00fc 0B       		.uleb128 0xb
 923 00fd 00       		.byte	0
 924 00fe 00       		.byte	0
 925 00ff 00       		.byte	0
 926              		.section	.debug_loc,"",%progbits
 927              	.Ldebug_loc0:
 928              	.LLST0:
 929 0000 00000000 		.4byte	.LVL0
 930 0004 08000000 		.4byte	.LVL1
 931 0008 0100     		.2byte	0x1
 932 000a 50       		.byte	0x50
 933 000b 08000000 		.4byte	.LVL1
 934 000f 0E000000 		.4byte	.LFE35
 935 0013 0400     		.2byte	0x4
 936 0015 F3       		.byte	0xf3
 937 0016 01       		.uleb128 0x1
 938 0017 50       		.byte	0x50
 939 0018 9F       		.byte	0x9f
 940 0019 00000000 		.4byte	0
 941 001d 00000000 		.4byte	0
 942              	.LLST1:
 943 0021 00000000 		.4byte	.LVL0
 944 0025 0B000000 		.4byte	.LVL2-1
 945 0029 0100     		.2byte	0x1
 946 002b 51       		.byte	0x51
 947 002c 0B000000 		.4byte	.LVL2-1
 948 0030 0E000000 		.4byte	.LFE35
 949 0034 0400     		.2byte	0x4
ARM GAS  C:\Users\jupac\AppData\Local\Temp\ccTTYrwf.s 			page 19


 950 0036 F3       		.byte	0xf3
 951 0037 01       		.uleb128 0x1
 952 0038 51       		.byte	0x51
 953 0039 9F       		.byte	0x9f
 954 003a 00000000 		.4byte	0
 955 003e 00000000 		.4byte	0
 956              		.section	.debug_aranges,"",%progbits
 957 0000 2C000000 		.4byte	0x2c
 958 0004 0200     		.2byte	0x2
 959 0006 00000000 		.4byte	.Ldebug_info0
 960 000a 04       		.byte	0x4
 961 000b 00       		.byte	0
 962 000c 0000     		.2byte	0
 963 000e 0000     		.2byte	0
 964 0010 00000000 		.4byte	.LFB35
 965 0014 0E000000 		.4byte	.LFE35-.LFB35
 966 0018 00000000 		.4byte	.LFB36
 967 001c 10000000 		.4byte	.LFE36-.LFB36
 968 0020 00000000 		.4byte	.LFB37
 969 0024 58000000 		.4byte	.LFE37-.LFB37
 970 0028 00000000 		.4byte	0
 971 002c 00000000 		.4byte	0
 972              		.section	.debug_ranges,"",%progbits
 973              	.Ldebug_ranges0:
 974 0000 00000000 		.4byte	.LFB35
 975 0004 0E000000 		.4byte	.LFE35
 976 0008 00000000 		.4byte	.LFB36
 977 000c 10000000 		.4byte	.LFE36
 978 0010 00000000 		.4byte	.LFB37
 979 0014 58000000 		.4byte	.LFE37
 980 0018 00000000 		.4byte	0
 981 001c 00000000 		.4byte	0
 982              		.section	.debug_line,"",%progbits
 983              	.Ldebug_line0:
 984 0000 CB000000 		.section	.debug_str,"MS",%progbits,1
 984      02008700 
 984      00000201 
 984      FB0E0D00 
 984      01010101 
 985              	.LASF12:
 986 0000 6C6F6E67 		.ascii	"long double\000"
 986      20646F75 
 986      626C6500 
 987              	.LASF23:
 988 000c 4359424C 		.ascii	"CYBLE_EVT_GAP_PASSKEY_ENTRY_REQUEST\000"
 988      455F4556 
 988      545F4741 
 988      505F5041 
 988      53534B45 
 989              	.LASF58:
 990 0030 4359424C 		.ascii	"CYBLE_EVT_GATTC_WRITE_RSP\000"
 990      455F4556 
 990      545F4741 
 990      5454435F 
 990      57524954 
 991              	.LASF20:
 992 004a 4359424C 		.ascii	"CYBLE_EVT_MEMORY_REQUEST\000"
ARM GAS  C:\Users\jupac\AppData\Local\Temp\ccTTYrwf.s 			page 20


 992      455F4556 
 992      545F4D45 
 992      4D4F5259 
 992      5F524551 
 993              	.LASF45:
 994 0063 4359424C 		.ascii	"CYBLE_EVT_GATTC_ERROR_RSP\000"
 994      455F4556 
 994      545F4741 
 994      5454435F 
 994      4552524F 
 995              	.LASF92:
 996 007d 4379426C 		.ascii	"CyBle_Start\000"
 996      655F5374 
 996      61727400 
 997              	.LASF94:
 998 0089 69737252 		.ascii	"isrRX_StartEx\000"
 998      585F5374 
 998      61727445 
 998      7800
 999              	.LASF2:
 1000 0097 73686F72 		.ascii	"short int\000"
 1000      7420696E 
 1000      7400
 1001              	.LASF26:
 1002 00a1 4359424C 		.ascii	"CYBLE_EVT_GAP_AUTH_FAILED\000"
 1002      455F4556 
 1002      545F4741 
 1002      505F4155 
 1002      54485F46 
 1003              	.LASF47:
 1004 00bb 4359424C 		.ascii	"CYBLE_EVT_GATT_DISCONNECT_IND\000"
 1004      455F4556 
 1004      545F4741 
 1004      54545F44 
 1004      4953434F 
 1005              	.LASF13:
 1006 00d9 73697A65 		.ascii	"sizetype\000"
 1006      74797065 
 1006      00
 1007              	.LASF37:
 1008 00e2 4359424C 		.ascii	"CYBLE_EVT_GAP_DATA_LENGTH_CHANGE\000"
 1008      455F4556 
 1008      545F4741 
 1008      505F4441 
 1008      54415F4C 
 1009              	.LASF104:
 1010 0103 6D61696E 		.ascii	"main\000"
 1010      00
 1011              	.LASF86:
 1012 0108 6576656E 		.ascii	"event\000"
 1012      7400
 1013              	.LASF18:
 1014 010e 4359424C 		.ascii	"CYBLE_EVT_HCI_STATUS\000"
 1014      455F4556 
 1014      545F4843 
 1014      495F5354 
 1014      41545553 
ARM GAS  C:\Users\jupac\AppData\Local\Temp\ccTTYrwf.s 			page 21


 1015              	.LASF51:
 1016 0123 4359424C 		.ascii	"CYBLE_EVT_GATTC_READ_BY_TYPE_RSP\000"
 1016      455F4556 
 1016      545F4741 
 1016      5454435F 
 1016      52454144 
 1017              	.LASF81:
 1018 0144 4359424C 		.ascii	"CYBLE_EVT_PENDING_FLASH_WRITE\000"
 1018      455F4556 
 1018      545F5045 
 1018      4E44494E 
 1018      475F464C 
 1019              	.LASF15:
 1020 0162 4359424C 		.ascii	"CYBLE_EVT_STACK_ON\000"
 1020      455F4556 
 1020      545F5354 
 1020      41434B5F 
 1020      4F4E00
 1021              	.LASF44:
 1022 0175 4359424C 		.ascii	"CYBLE_EVT_GAP_SMP_LOC_P256_KEYS_GEN_AND_SET_COMPLET"
 1022      455F4556 
 1022      545F4741 
 1022      505F534D 
 1022      505F4C4F 
 1023 01a8 4500     		.ascii	"E\000"
 1024              	.LASF48:
 1025 01aa 4359424C 		.ascii	"CYBLE_EVT_GATTS_XCNHG_MTU_REQ\000"
 1025      455F4556 
 1025      545F4741 
 1025      5454535F 
 1025      58434E48 
 1026              	.LASF91:
 1027 01c8 55415254 		.ascii	"UART_GetChar\000"
 1027      5F476574 
 1027      43686172 
 1027      00
 1028              	.LASF96:
 1029 01d5 55415254 		.ascii	"UART_PutString\000"
 1029      5F507574 
 1029      53747269 
 1029      6E6700
 1030              	.LASF100:
 1031 01e4 474E5520 		.ascii	"GNU C11 5.4.1 20160609 (release) [ARM/embedded-5-br"
 1031      43313120 
 1031      352E342E 
 1031      31203230 
 1031      31363036 
 1032 0217 616E6368 		.ascii	"anch revision 237715] -mcpu=cortex-m0 -mthumb -g -O"
 1032      20726576 
 1032      6973696F 
 1032      6E203233 
 1032      37373135 
 1033 024a 67202D66 		.ascii	"g -ffunction-sections -ffat-lto-objects\000"
 1033      66756E63 
 1033      74696F6E 
 1033      2D736563 
 1033      74696F6E 
ARM GAS  C:\Users\jupac\AppData\Local\Temp\ccTTYrwf.s 			page 22


 1034              	.LASF33:
 1035 0272 4359424C 		.ascii	"CYBLE_EVT_GAP_KEYINFO_EXCHNGE_CMPLT\000"
 1035      455F4556 
 1035      545F4741 
 1035      505F4B45 
 1035      59494E46 
 1036              	.LASF56:
 1037 0296 4359424C 		.ascii	"CYBLE_EVT_GATTC_READ_MULTI_RSP\000"
 1037      455F4556 
 1037      545F4741 
 1037      5454435F 
 1037      52454144 
 1038              	.LASF65:
 1039 02b5 4359424C 		.ascii	"CYBLE_EVT_GATTS_HANDLE_VALUE_CNF\000"
 1039      455F4556 
 1039      545F4741 
 1039      5454535F 
 1039      48414E44 
 1040              	.LASF14:
 1041 02d6 4359424C 		.ascii	"CYBLE_EVT_HOST_INVALID\000"
 1041      455F4556 
 1041      545F484F 
 1041      53545F49 
 1041      4E56414C 
 1042              	.LASF73:
 1043 02ed 4359424C 		.ascii	"CYBLE_EVT_L2CAP_CBFC_CONN_IND\000"
 1043      455F4556 
 1043      545F4C32 
 1043      4341505F 
 1043      43424643 
 1044              	.LASF76:
 1045 030b 4359424C 		.ascii	"CYBLE_EVT_L2CAP_CBFC_DISCONN_CNF\000"
 1045      455F4556 
 1045      545F4C32 
 1045      4341505F 
 1045      43424643 
 1046              	.LASF9:
 1047 032c 666C6F61 		.ascii	"float\000"
 1047      7400
 1048              	.LASF95:
 1049 0332 4C454431 		.ascii	"LED1_Write\000"
 1049      5F577269 
 1049      746500
 1050              	.LASF34:
 1051 033d 4359424C 		.ascii	"CYBLE_EVT_GAP_NUMERIC_COMPARISON_REQUEST\000"
 1051      455F4556 
 1051      545F4741 
 1051      505F4E55 
 1051      4D455249 
 1052              	.LASF39:
 1053 0366 4359424C 		.ascii	"CYBLE_EVT_GAPC_DIRECT_ADV_REPORT\000"
 1053      455F4556 
 1053      545F4741 
 1053      50435F44 
 1053      49524543 
 1054              	.LASF7:
 1055 0387 6C6F6E67 		.ascii	"long long unsigned int\000"
ARM GAS  C:\Users\jupac\AppData\Local\Temp\ccTTYrwf.s 			page 23


 1055      206C6F6E 
 1055      6720756E 
 1055      7369676E 
 1055      65642069 
 1056              	.LASF43:
 1057 039e 4359424C 		.ascii	"CYBLE_EVT_GAP_AUTH_REQ_REPLY_ERR\000"
 1057      455F4556 
 1057      545F4741 
 1057      505F4155 
 1057      54485F52 
 1058              	.LASF102:
 1059 03bf 433A5C55 		.ascii	"C:\\Users\\jupac\\Documents\\Telecofinal\\EntregaTF"
 1059      73657273 
 1059      5C6A7570 
 1059      61635C44 
 1059      6F63756D 
 1060 03ed 475F4A75 		.ascii	"G_JuanPabloCanoLopez\\Proyecto_Programado\\Workspac"
 1060      616E5061 
 1060      626C6F43 
 1060      616E6F4C 
 1060      6F70657A 
 1061 041e 6550315C 		.ascii	"eP1\\InterrupcionBasica.cydsn\000"
 1061      496E7465 
 1061      72727570 
 1061      63696F6E 
 1061      42617369 
 1062              	.LASF4:
 1063 043b 6C6F6E67 		.ascii	"long int\000"
 1063      20696E74 
 1063      00
 1064              	.LASF64:
 1065 0444 4359424C 		.ascii	"CYBLE_EVT_GATTC_HANDLE_VALUE_IND\000"
 1065      455F4556 
 1065      545F4741 
 1065      5454435F 
 1065      48414E44 
 1066              	.LASF97:
 1067 0465 4379426C 		.ascii	"CyBle_ProcessEvents\000"
 1067      655F5072 
 1067      6F636573 
 1067      73457665 
 1067      6E747300 
 1068              	.LASF28:
 1069 0479 4359424C 		.ascii	"CYBLE_EVT_GAP_DEVICE_CONNECTED\000"
 1069      455F4556 
 1069      545F4741 
 1069      505F4445 
 1069      56494345 
 1070              	.LASF27:
 1071 0498 4359424C 		.ascii	"CYBLE_EVT_GAPP_ADVERTISEMENT_START_STOP\000"
 1071      455F4556 
 1071      545F4741 
 1071      50505F41 
 1071      44564552 
 1072              	.LASF63:
 1073 04c0 4359424C 		.ascii	"CYBLE_EVT_GATTC_HANDLE_VALUE_NTF\000"
 1073      455F4556 
ARM GAS  C:\Users\jupac\AppData\Local\Temp\ccTTYrwf.s 			page 24


 1073      545F4741 
 1073      5454435F 
 1073      48414E44 
 1074              	.LASF19:
 1075 04e1 4359424C 		.ascii	"CYBLE_EVT_STACK_BUSY_STATUS\000"
 1075      455F4556 
 1075      545F5354 
 1075      41434B5F 
 1075      42555359 
 1076              	.LASF24:
 1077 04fd 4359424C 		.ascii	"CYBLE_EVT_GAP_PASSKEY_DISPLAY_REQUEST\000"
 1077      455F4556 
 1077      545F4741 
 1077      505F5041 
 1077      53534B45 
 1078              	.LASF80:
 1079 0523 4359424C 		.ascii	"CYBLE_EVT_L2CAP_CBFC_DATA_WRITE_IND\000"
 1079      455F4556 
 1079      545F4C32 
 1079      4341505F 
 1079      43424643 
 1080              	.LASF74:
 1081 0547 4359424C 		.ascii	"CYBLE_EVT_L2CAP_CBFC_CONN_CNF\000"
 1081      455F4556 
 1081      545F4C32 
 1081      4341505F 
 1081      43424643 
 1082              	.LASF38:
 1083 0565 4359424C 		.ascii	"CYBLE_EVT_GAP_ENHANCE_CONN_COMPLETE\000"
 1083      455F4556 
 1083      545F4741 
 1083      505F454E 
 1083      48414E43 
 1084              	.LASF90:
 1085 0589 4379426C 		.ascii	"CyBle_GappStartAdvertisement\000"
 1085      655F4761 
 1085      70705374 
 1085      61727441 
 1085      64766572 
 1086              	.LASF70:
 1087 05a6 4359424C 		.ascii	"CYBLE_EVT_L2CAP_CONN_PARAM_UPDATE_REQ\000"
 1087      455F4556 
 1087      545F4C32 
 1087      4341505F 
 1087      434F4E4E 
 1088              	.LASF1:
 1089 05cc 756E7369 		.ascii	"unsigned char\000"
 1089      676E6564 
 1089      20636861 
 1089      7200
 1090              	.LASF60:
 1091 05da 4359424C 		.ascii	"CYBLE_EVT_GATTS_PREP_WRITE_REQ\000"
 1091      455F4556 
 1091      545F4741 
 1091      5454535F 
 1091      50524550 
 1092              	.LASF82:
ARM GAS  C:\Users\jupac\AppData\Local\Temp\ccTTYrwf.s 			page 25


 1093 05f9 4359424C 		.ascii	"CYBLE_EVT_LE_PING_AUTH_TIMEOUT\000"
 1093      455F4556 
 1093      545F4C45 
 1093      5F50494E 
 1093      475F4155 
 1094              	.LASF52:
 1095 0618 4359424C 		.ascii	"CYBLE_EVT_GATTC_FIND_INFO_RSP\000"
 1095      455F4556 
 1095      545F4741 
 1095      5454435F 
 1095      46494E44 
 1096              	.LASF0:
 1097 0636 7369676E 		.ascii	"signed char\000"
 1097      65642063 
 1097      68617200 
 1098              	.LASF57:
 1099 0642 4359424C 		.ascii	"CYBLE_EVT_GATTS_WRITE_REQ\000"
 1099      455F4556 
 1099      545F4741 
 1099      5454535F 
 1099      57524954 
 1100              	.LASF53:
 1101 065c 4359424C 		.ascii	"CYBLE_EVT_GATTC_FIND_BY_TYPE_VALUE_RSP\000"
 1101      455F4556 
 1101      545F4741 
 1101      5454435F 
 1101      46494E44 
 1102              	.LASF25:
 1103 0683 4359424C 		.ascii	"CYBLE_EVT_GAP_AUTH_COMPLETE\000"
 1103      455F4556 
 1103      545F4741 
 1103      505F4155 
 1103      54485F43 
 1104              	.LASF8:
 1105 069f 756E7369 		.ascii	"unsigned int\000"
 1105      676E6564 
 1105      20696E74 
 1105      00
 1106              	.LASF46:
 1107 06ac 4359424C 		.ascii	"CYBLE_EVT_GATT_CONNECT_IND\000"
 1107      455F4556 
 1107      545F4741 
 1107      54545F43 
 1107      4F4E4E45 
 1108              	.LASF5:
 1109 06c7 6C6F6E67 		.ascii	"long unsigned int\000"
 1109      20756E73 
 1109      69676E65 
 1109      6420696E 
 1109      7400
 1110              	.LASF22:
 1111 06d9 4359424C 		.ascii	"CYBLE_EVT_GAP_AUTH_REQ\000"
 1111      455F4556 
 1111      545F4741 
 1111      505F4155 
 1111      54485F52 
 1112              	.LASF75:
ARM GAS  C:\Users\jupac\AppData\Local\Temp\ccTTYrwf.s 			page 26


 1113 06f0 4359424C 		.ascii	"CYBLE_EVT_L2CAP_CBFC_DISCONN_IND\000"
 1113      455F4556 
 1113      545F4C32 
 1113      4341505F 
 1113      43424643 
 1114              	.LASF30:
 1115 0711 4359424C 		.ascii	"CYBLE_EVT_GAP_ENCRYPT_CHANGE\000"
 1115      455F4556 
 1115      545F4741 
 1115      505F454E 
 1115      43525950 
 1116              	.LASF41:
 1117 072e 4359424C 		.ascii	"CYBLE_EVT_GAP_CONN_ESTB\000"
 1117      455F4556 
 1117      545F4741 
 1117      505F434F 
 1117      4E4E5F45 
 1118              	.LASF54:
 1119 0746 4359424C 		.ascii	"CYBLE_EVT_GATTC_READ_RSP\000"
 1119      455F4556 
 1119      545F4741 
 1119      5454435F 
 1119      52454144 
 1120              	.LASF69:
 1121 075f 4359424C 		.ascii	"CYBLE_EVT_GATTC_LONG_PROCEDURE_END\000"
 1121      455F4556 
 1121      545F4741 
 1121      5454435F 
 1121      4C4F4E47 
 1122              	.LASF3:
 1123 0782 73686F72 		.ascii	"short unsigned int\000"
 1123      7420756E 
 1123      7369676E 
 1123      65642069 
 1123      6E7400
 1124              	.LASF84:
 1125 0795 4359424C 		.ascii	"CYBLE_EVT_FLASH_CORRUPT\000"
 1125      455F4556 
 1125      545F464C 
 1125      4153485F 
 1125      434F5252 
 1126              	.LASF31:
 1127 07ad 4359424C 		.ascii	"CYBLE_EVT_GAP_CONNECTION_UPDATE_COMPLETE\000"
 1127      455F4556 
 1127      545F4741 
 1127      505F434F 
 1127      4E4E4543 
 1128              	.LASF40:
 1129 07d6 4359424C 		.ascii	"CYBLE_EVT_GAP_SMP_NEGOTIATED_AUTH_INFO\000"
 1129      455F4556 
 1129      545F4741 
 1129      505F534D 
 1129      505F4E45 
 1130              	.LASF11:
 1131 07fd 63686172 		.ascii	"char\000"
 1131      00
 1132              	.LASF93:
ARM GAS  C:\Users\jupac\AppData\Local\Temp\ccTTYrwf.s 			page 27


 1133 0802 55415254 		.ascii	"UART_Start\000"
 1133      5F537461 
 1133      727400
 1134              	.LASF72:
 1135 080d 4359424C 		.ascii	"CYBLE_EVT_L2CAP_COMMAND_REJ\000"
 1135      455F4556 
 1135      545F4C32 
 1135      4341505F 
 1135      434F4D4D 
 1136              	.LASF89:
 1137 0829 496E7465 		.ascii	"InterruptRX\000"
 1137      72727570 
 1137      74525800 
 1138              	.LASF99:
 1139 0835 4379426C 		.ascii	"CyBle_GappStopAdvertisement\000"
 1139      655F4761 
 1139      70705374 
 1139      6F704164 
 1139      76657274 
 1140              	.LASF55:
 1141 0851 4359424C 		.ascii	"CYBLE_EVT_GATTC_READ_BLOB_RSP\000"
 1141      455F4556 
 1141      545F4741 
 1141      5454435F 
 1141      52454144 
 1142              	.LASF62:
 1143 086f 4359424C 		.ascii	"CYBLE_EVT_GATTC_EXEC_WRITE_RSP\000"
 1143      455F4556 
 1143      545F4741 
 1143      5454435F 
 1143      45584543 
 1144              	.LASF103:
 1145 088e 75696E74 		.ascii	"uint32\000"
 1145      333200
 1146              	.LASF101:
 1147 0895 6D61696E 		.ascii	"main.c\000"
 1147      2E6300
 1148              	.LASF78:
 1149 089c 4359424C 		.ascii	"CYBLE_EVT_L2CAP_CBFC_RX_CREDIT_IND\000"
 1149      455F4556 
 1149      545F4C32 
 1149      4341505F 
 1149      43424643 
 1150              	.LASF10:
 1151 08bf 646F7562 		.ascii	"double\000"
 1151      6C6500
 1152              	.LASF105:
 1153 08c6 6461746F 		.ascii	"datorx\000"
 1153      727800
 1154              	.LASF79:
 1155 08cd 4359424C 		.ascii	"CYBLE_EVT_L2CAP_CBFC_TX_CREDIT_IND\000"
 1155      455F4556 
 1155      545F4C32 
 1155      4341505F 
 1155      43424643 
 1156              	.LASF42:
 1157 08f0 4359424C 		.ascii	"CYBLE_EVT_GAP_SCAN_REQ_RECVD\000"
ARM GAS  C:\Users\jupac\AppData\Local\Temp\ccTTYrwf.s 			page 28


 1157      455F4556 
 1157      545F4741 
 1157      505F5343 
 1157      414E5F52 
 1158              	.LASF6:
 1159 090d 6C6F6E67 		.ascii	"long long int\000"
 1159      206C6F6E 
 1159      6720696E 
 1159      7400
 1160              	.LASF17:
 1161 091b 4359424C 		.ascii	"CYBLE_EVT_HARDWARE_ERROR\000"
 1161      455F4556 
 1161      545F4841 
 1161      52445741 
 1161      52455F45 
 1162              	.LASF77:
 1163 0934 4359424C 		.ascii	"CYBLE_EVT_L2CAP_CBFC_DATA_READ\000"
 1163      455F4556 
 1163      545F4C32 
 1163      4341505F 
 1163      43424643 
 1164              	.LASF71:
 1165 0953 4359424C 		.ascii	"CYBLE_EVT_L2CAP_CONN_PARAM_UPDATE_RSP\000"
 1165      455F4556 
 1165      545F4C32 
 1165      4341505F 
 1165      434F4E4E 
 1166              	.LASF21:
 1167 0979 4359424C 		.ascii	"CYBLE_EVT_GAPC_SCAN_PROGRESS_RESULT\000"
 1167      455F4556 
 1167      545F4741 
 1167      50435F53 
 1167      43414E5F 
 1168              	.LASF50:
 1169 099d 4359424C 		.ascii	"CYBLE_EVT_GATTC_READ_BY_GROUP_TYPE_RSP\000"
 1169      455F4556 
 1169      545F4741 
 1169      5454435F 
 1169      52454144 
 1170              	.LASF59:
 1171 09c4 4359424C 		.ascii	"CYBLE_EVT_GATTS_WRITE_CMD_REQ\000"
 1171      455F4556 
 1171      545F4741 
 1171      5454535F 
 1171      57524954 
 1172              	.LASF35:
 1173 09e2 4359424C 		.ascii	"CYBLE_EVT_GAP_KEYPRESS_NOTIFICATION\000"
 1173      455F4556 
 1173      545F4741 
 1173      505F4B45 
 1173      59505245 
 1174              	.LASF49:
 1175 0a06 4359424C 		.ascii	"CYBLE_EVT_GATTC_XCHNG_MTU_RSP\000"
 1175      455F4556 
 1175      545F4741 
 1175      5454435F 
 1175      5843484E 
ARM GAS  C:\Users\jupac\AppData\Local\Temp\ccTTYrwf.s 			page 29


 1176              	.LASF16:
 1177 0a24 4359424C 		.ascii	"CYBLE_EVT_TIMEOUT\000"
 1177      455F4556 
 1177      545F5449 
 1177      4D454F55 
 1177      5400
 1178              	.LASF88:
 1179 0a36 41707043 		.ascii	"AppCallBack\000"
 1179      616C6C42 
 1179      61636B00 
 1180              	.LASF32:
 1181 0a42 4359424C 		.ascii	"CYBLE_EVT_GAPC_SCAN_START_STOP\000"
 1181      455F4556 
 1181      545F4741 
 1181      50435F53 
 1181      43414E5F 
 1182              	.LASF85:
 1183 0a61 4359424C 		.ascii	"CYBLE_EVT_MAX\000"
 1183      455F4556 
 1183      545F4D41 
 1183      5800
 1184              	.LASF68:
 1185 0a6f 4359424C 		.ascii	"CYBLE_EVT_GATTS_READ_CHAR_VAL_ACCESS_REQ\000"
 1185      455F4556 
 1185      545F4741 
 1185      5454535F 
 1185      52454144 
 1186              	.LASF67:
 1187 0a98 4359424C 		.ascii	"CYBLE_EVT_GATTC_STOP_CMD_COMPLETE\000"
 1187      455F4556 
 1187      545F4741 
 1187      5454435F 
 1187      53544F50 
 1188              	.LASF98:
 1189 0aba 43794465 		.ascii	"CyDelay\000"
 1189      6C617900 
 1190              	.LASF61:
 1191 0ac2 4359424C 		.ascii	"CYBLE_EVT_GATTS_EXEC_WRITE_REQ\000"
 1191      455F4556 
 1191      545F4741 
 1191      5454535F 
 1191      45584543 
 1192              	.LASF29:
 1193 0ae1 4359424C 		.ascii	"CYBLE_EVT_GAP_DEVICE_DISCONNECTED\000"
 1193      455F4556 
 1193      545F4741 
 1193      505F4445 
 1193      56494345 
 1194              	.LASF87:
 1195 0b03 6576656E 		.ascii	"eventParam\000"
 1195      74506172 
 1195      616D00
 1196              	.LASF66:
 1197 0b0e 4359424C 		.ascii	"CYBLE_EVT_GATTS_DATA_SIGNED_CMD_REQ\000"
 1197      455F4556 
 1197      545F4741 
 1197      5454535F 
ARM GAS  C:\Users\jupac\AppData\Local\Temp\ccTTYrwf.s 			page 30


 1197      44415441 
 1198              	.LASF83:
 1199 0b32 4359424C 		.ascii	"CYBLE_EVT_HCI_PKT\000"
 1199      455F4556 
 1199      545F4843 
 1199      495F504B 
 1199      5400
 1200              	.LASF36:
 1201 0b44 4359424C 		.ascii	"CYBLE_EVT_GAP_OOB_GENERATED_NOTIFICATION\000"
 1201      455F4556 
 1201      545F4741 
 1201      505F4F4F 
 1201      425F4745 
 1202              		.ident	"GCC: (GNU Tools for ARM Embedded Processors) 5.4.1 20160609 (release) [ARM/embedded-5-bran
