ARM GAS  C:\Users\jupac\AppData\Local\Temp\ccAAy4F9.s 			page 1


   1              		.syntax unified
   2              		.cpu cortex-m0
   3              		.fpu softvfp
   4              		.eabi_attribute 20, 1
   5              		.eabi_attribute 21, 1
   6              		.eabi_attribute 23, 3
   7              		.eabi_attribute 24, 1
   8              		.eabi_attribute 25, 1
   9              		.eabi_attribute 26, 1
  10              		.eabi_attribute 30, 1
  11              		.eabi_attribute 34, 0
  12              		.eabi_attribute 18, 4
  13              		.thumb
  14              		.syntax unified
  15              		.file	"main.c"
  16              		.text
  17              	.Ltext0:
  18              		.cfi_sections	.debug_frame
  19              		.section	.text.AppCallBack,"ax",%progbits
  20              		.align	2
  21              		.global	AppCallBack
  22              		.code	16
  23              		.thumb_func
  24              		.type	AppCallBack, %function
  25              	AppCallBack:
  26              	.LFB36:
  27              		.file 1 "main.c"
   1:main.c        **** /* ========================================
   2:main.c        ****  *
   3:main.c        ****  * Copyright YOUR COMPANY, THE YEAR
   4:main.c        ****  * All Rights Reserved
   5:main.c        ****  * UNPUBLISHED, LICENSED SOFTWARE.
   6:main.c        ****  *a+
   7:main.c        ****  * CONFIDENTIAL AND PROPRIETARY INFORMATION
   8:main.c        ****  * WHICH IS THE PROPERTY OF your company.
   9:main.c        ****  *
  10:main.c        ****  * ========================================
  11:main.c        **** */
  12:main.c        **** #include "project.h"
  13:main.c        **** #include <stdio.h>
  14:main.c        **** #include <stdlib.h>
  15:main.c        **** 
  16:main.c        **** uint16_t contador=0; //Variable que se utiliza para contar las tramas recibidas
  17:main.c        **** char databeacon[255]={0}; //Variable que se utiliza para copiar la trama recibida y poder mostrarla
  18:main.c        **** 
  19:main.c        **** //Variables conceptuales, juntas componen la trama, el encabezado fijo + la UUID
  20:main.c        **** //const uint8_t UUID_BEACON[16] = {0x01, 0x02, 0x03, 0x04, 0x05, 0x06, 0x07, 0x08, 0x09, 0x0A, 0x0B
  21:main.c        **** //const uint8_t HEADER_BEACON[9] = {0x02, 0x01, 0x04, 0x1A, 0xFF, 0x4C, 0x00, 0x02, 0x15};
  22:main.c        **** 
  23:main.c        **** const uint8_t BEACON_LENGHT=30;//Longitud de la trama 25+5 Bytes no pertenecientes a la UUID
  24:main.c        **** 
  25:main.c        **** //TRAMA_X, TRAMA_Y, TRAMA_Z Se definen las tres siempre, por simpleza en los cambios, son las trama
  26:main.c        **** const uint8_t HEADER_AND_UUID_BEACONX[25]={0x02, 0x01, 0x04, 0x1A, 0xFF, 0x4C, 0x00, 0x02, 0x15, 0x
  27:main.c        **** const uint8_t HEADER_AND_UUID_BEACONY[25]={0x02, 0x01, 0x04, 0x1A, 0xFF, 0x4C, 0x00, 0x02, 0x15, 0x
  28:main.c        **** const uint8_t HEADER_AND_UUID_BEACONZ[25]={0x02, 0x01, 0x04, 0x1A, 0xFF, 0x4C, 0x00, 0x02, 0x15, 0x
  29:main.c        **** /**
  30:main.c        ****  *FUNCIÓN DE CALLBACK
ARM GAS  C:\Users\jupac\AppData\Local\Temp\ccAAy4F9.s 			page 2


  31:main.c        ****  *Esta función establece las acciones que debe realizar el dispositivo en respuesta a diferentes e
  32:main.c        ****  * @brief                   BLE module application callback.
  33:main.c        ****  * @param[in] event         Type of BLE event as defined in the BLE Stack.
  34:main.c        ****  * @param[in] eventParam    Parameters associated with the specific BLE event.
  35:main.c        ****  */
  36:main.c        **** void AppCallBack(uint32 event, void *eventParam)
  37:main.c        **** {
  28              		.loc 1 37 0
  29              		.cfi_startproc
  30              		@ args = 0, pretend = 0, frame = 0
  31              		@ frame_needed = 0, uses_anonymous_args = 0
  32              	.LVL0:
  33 0000 10B5     		push	{r4, lr}
  34              		.cfi_def_cfa_offset 8
  35              		.cfi_offset 4, -8
  36              		.cfi_offset 14, -4
  38:main.c        ****     (void) eventParam;
  39:main.c        **** 
  40:main.c        ****     switch (event)
  37              		.loc 1 40 0
  38 0002 0128     		cmp	r0, #1
  39 0004 02D0     		beq	.L3
  40 0006 2028     		cmp	r0, #32
  41 0008 04D0     		beq	.L4
  42 000a 11E0     		b	.L1
  43              	.L3:
  44              	.LBB2:
  41:main.c        ****     {
  42:main.c        ****         
  43:main.c        ****     //Puntero del tipo CYBLE_GAPC_ADV_REPORT_T llamado advReport iniciado a NULL
  44:main.c        ****     CYBLE_GAPC_ADV_REPORT_T *advReport = NULL;
  45:main.c        ****         
  46:main.c        ****     //Evento que sucede al iniciar el dispositivo    
  47:main.c        ****     case CYBLE_EVT_STACK_ON:
  48:main.c        ****         //Comenzar a escanear
  49:main.c        ****         CyBle_GapcStartScan(CYBLE_SCANNING_FAST);
  45              		.loc 1 49 0
  46 000c 0020     		movs	r0, #0
  47              	.LVL1:
  48 000e FFF7FEFF 		bl	CyBle_GapcStartScan
  49              	.LVL2:
  50:main.c        ****         break;
  50              		.loc 1 50 0
  51 0012 0DE0     		b	.L1
  52              	.LVL3:
  53              	.L4:
  51:main.c        ****     
  52:main.c        ****     /*Cada vez que se escanea un dispositivo sucede este evento, donde se puede operar con los resu
  53:main.c        ****     case CYBLE_EVT_GAPC_SCAN_PROGRESS_RESULT:
  54:main.c        ****         
  55:main.c        ****         //Cuanto más tiempo se pierda, menor será la eficiencia, por ello se intenta detectar que
  56:main.c        ****         
  57:main.c        ****         //Variable que se utiliza para poder acceder a datos obtenidos en el escaneo
  58:main.c        ****         advReport = (CYBLE_GAPC_ADV_REPORT_T*)eventParam;
  59:main.c        ****         
  60:main.c        **** //        SECCIÓN 1: DEBE COMENTARSE PARA VER TODAS LAS TRAMAS QUE LLEGAN
  61:main.c        ****         
ARM GAS  C:\Users\jupac\AppData\Local\Temp\ccAAy4F9.s 			page 3


  62:main.c        ****         /*Si las tramas escaneadas no son de la longitud correcta se termina el evento*/
  63:main.c        ****         if(advReport->dataLen!=BEACON_LENGHT){
  54              		.loc 1 63 0
  55 0014 0B7A     		ldrb	r3, [r1, #8]
  56 0016 1E2B     		cmp	r3, #30
  57 0018 0AD1     		bne	.L1
  64:main.c        ****             break;
  65:main.c        ****         }
  66:main.c        ****         
  67:main.c        ****         /*Se comprueba si la trama es de nuestra red y si no lo es, se termina el evento*/
  68:main.c        ****         if (memcmp (&HEADER_AND_UUID_BEACONX[0], &advReport->data[0], 25)!=0){
  58              		.loc 1 68 0
  59 001a C968     		ldr	r1, [r1, #12]
  60              	.LVL4:
  61 001c 1922     		movs	r2, #25
  62 001e 0548     		ldr	r0, .L5
  63              	.LVL5:
  64 0020 FFF7FEFF 		bl	memcmp
  65              	.LVL6:
  66 0024 0028     		cmp	r0, #0
  67 0026 03D1     		bne	.L1
  69:main.c        ****             break;            
  70:main.c        ****         }
  71:main.c        ****         
  72:main.c        ****         
  73:main.c        ****         // FIN SECCIÓN 1
  74:main.c        ****         
  75:main.c        ****         //Contador utilizado para contabilizar las tramas recibidas, solo aumenta cuando la trama r
  76:main.c        ****         //dentro de las buscadas
  77:main.c        ****         contador++;
  68              		.loc 1 77 0
  69 0028 034A     		ldr	r2, .L5+4
  70 002a 1388     		ldrh	r3, [r2]
  71 002c 0133     		adds	r3, r3, #1
  72 002e 1380     		strh	r3, [r2]
  73              	.LVL7:
  74              	.L1:
  75              	.LBE2:
  78:main.c        ****         
  79:main.c        ****         //SECCIÓN 2: LAS LÍNEAS SIGUIENTES DEBEN DEJAR DE SER CONSIDERADAS COMO COMENTARIO
  80:main.c        ****         //SI SE QUIERE VER POR PANTALLA EL CONTENIDO DE LAS TRAMAS
  81:main.c        ****         
  82:main.c        **** //        
  83:main.c        **** //        memcmp(databeacon, advReport->data, advReport->dataLen);
  84:main.c        **** //        for (uint32 i=0; i<advReport->dataLen; i++){
  85:main.c        **** //            
  86:main.c        **** //            snprintf(databeacon, 255, "%02x", advReport->data[i]);
  87:main.c        **** //            UART_PutString(databeacon);
  88:main.c        **** //            UART_PutString(",");
  89:main.c        **** //            memset(databeacon, 0, 255);
  90:main.c        **** //            //snprintf(&databeacon[i], 255,"%x", advReport->data[i] );
  91:main.c        **** //            
  92:main.c        **** //            //copiamos en data beacon lo que llega en el advReport
  93:main.c        **** //            
  94:main.c        **** //        }
  95:main.c        **** //        UART_PutString("\r\n,");
  96:main.c        **** //        CyDelay(500);
ARM GAS  C:\Users\jupac\AppData\Local\Temp\ccAAy4F9.s 			page 4


  97:main.c        ****         
  98:main.c        ****         
  99:main.c        ****         // FIN SECCIÓN 2
 100:main.c        ****            
 101:main.c        ****         
 102:main.c        ****         break;
 103:main.c        ****     //Evento que sucede al iniciarse o detenerse el escaneo    
 104:main.c        ****     case CYBLE_EVT_GAPC_SCAN_START_STOP :
 105:main.c        ****         break; 
 106:main.c        ****         
 107:main.c        ****     default:
 108:main.c        ****         break;
 109:main.c        ****     }
 110:main.c        **** }
  76              		.loc 1 110 0
  77              		@ sp needed
  78 0030 10BD     		pop	{r4, pc}
  79              	.L6:
  80 0032 C046     		.align	2
  81              	.L5:
  82 0034 00000000 		.word	.LANCHOR0
  83 0038 00000000 		.word	.LANCHOR1
  84              		.cfi_endproc
  85              	.LFE36:
  86              		.size	AppCallBack, .-AppCallBack
  87              		.section	.text.main,"ax",%progbits
  88              		.align	2
  89              		.global	main
  90              		.code	16
  91              		.thumb_func
  92              		.type	main, %function
  93              	main:
  94              	.LFB37:
 111:main.c        **** 
 112:main.c        **** 
 113:main.c        **** int main(void)
 114:main.c        **** {
  95              		.loc 1 114 0
  96              		.cfi_startproc
  97              		@ args = 0, pretend = 0, frame = 256
  98              		@ frame_needed = 0, uses_anonymous_args = 0
  99 0000 00B5     		push	{lr}
 100              		.cfi_def_cfa_offset 4
 101              		.cfi_offset 14, -4
 102 0002 C1B0     		sub	sp, sp, #260
 103              		.cfi_def_cfa_offset 264
 115:main.c        ****     char PrintBuffer[255]={0}; //Variable que utilizamos para que la UART pueda mostrar el valor de
 104              		.loc 1 115 0
 105 0004 FF22     		movs	r2, #255
 106 0006 0021     		movs	r1, #0
 107 0008 6846     		mov	r0, sp
 108 000a FFF7FEFF 		bl	memset
 109              	.LVL8:
 116:main.c        ****     CyGlobalIntEnable; /* Enable global interrupts. */
 110              		.loc 1 116 0
 111              		.syntax divided
 112              	@ 116 "main.c" 1
ARM GAS  C:\Users\jupac\AppData\Local\Temp\ccAAy4F9.s 			page 5


 113 000e 62B6     		CPSIE   i
 114              	@ 0 "" 2
 117:main.c        ****     
 118:main.c        ****     CyBle_Start(AppCallBack);//Se inicia el dispositivo a través de la función de callback, que g
 115              		.loc 1 118 0
 116              		.thumb
 117              		.syntax unified
 118 0010 0D48     		ldr	r0, .L9
 119 0012 FFF7FEFF 		bl	CyBle_Start
 120              	.LVL9:
 119:main.c        ****     UART_Start();//Se inicia la UART, para poder mostrar datos por pantalla
 121              		.loc 1 119 0
 122 0016 FFF7FEFF 		bl	UART_Start
 123              	.LVL10:
 120:main.c        ****     UART_PutString("Programa Iniciado Scanner\r\n");
 124              		.loc 1 120 0
 125 001a 0C48     		ldr	r0, .L9+4
 126 001c FFF7FEFF 		bl	UART_PutString
 127              	.LVL11:
 128              	.L8:
 121:main.c        ****     
 122:main.c        ****     for(;;)
 123:main.c        ****     {
 124:main.c        ****         CyBle_ProcessEvents();// Se procesan los eventos
 129              		.loc 1 124 0
 130 0020 FFF7FEFF 		bl	CyBle_ProcessEvents
 131              	.LVL12:
 125:main.c        ****         // Si se pulsa el botón de usuario se muestra a través de la UART el valor del contador y
 126:main.c        ****         if(BUTTON_Read()==0){
 132              		.loc 1 126 0
 133 0024 FFF7FEFF 		bl	BUTTON_Read
 134              	.LVL13:
 135 0028 0028     		cmp	r0, #0
 136 002a F9D1     		bne	.L8
 127:main.c        ****             //Lineas necesarias para mostrar el valor del contador
 128:main.c        ****             snprintf(PrintBuffer, 255,"%u", contador);
 137              		.loc 1 128 0
 138 002c 084B     		ldr	r3, .L9+8
 139 002e 1B88     		ldrh	r3, [r3]
 140 0030 084A     		ldr	r2, .L9+12
 141 0032 FF21     		movs	r1, #255
 142 0034 6846     		mov	r0, sp
 143 0036 FFF7FEFF 		bl	snprintf
 144              	.LVL14:
 129:main.c        ****             UART_PutString(PrintBuffer);
 145              		.loc 1 129 0
 146 003a 6846     		mov	r0, sp
 147 003c FFF7FEFF 		bl	UART_PutString
 148              	.LVL15:
 130:main.c        ****             
 131:main.c        ****             //Terminar el programa
 132:main.c        ****             return(0);
 133:main.c        ****         
 134:main.c        ****         }    
 135:main.c        ****     }
 136:main.c        **** /*FINAL*/
 137:main.c        ****     
ARM GAS  C:\Users\jupac\AppData\Local\Temp\ccAAy4F9.s 			page 6


 138:main.c        **** 
 139:main.c        **** }
 149              		.loc 1 139 0
 150 0040 0020     		movs	r0, #0
 151 0042 41B0     		add	sp, sp, #260
 152              		@ sp needed
 153 0044 00BD     		pop	{pc}
 154              	.L10:
 155 0046 C046     		.align	2
 156              	.L9:
 157 0048 00000000 		.word	AppCallBack
 158 004c 00000000 		.word	.LC3
 159 0050 00000000 		.word	.LANCHOR1
 160 0054 1C000000 		.word	.LC6
 161              		.cfi_endproc
 162              	.LFE37:
 163              		.size	main, .-main
 164              		.global	HEADER_AND_UUID_BEACONZ
 165              		.global	HEADER_AND_UUID_BEACONY
 166              		.global	HEADER_AND_UUID_BEACONX
 167              		.global	BEACON_LENGHT
 168              		.global	databeacon
 169              		.global	contador
 170              		.section	.rodata
 171              		.align	2
 172              		.set	.LANCHOR0,. + 0
 173              		.type	HEADER_AND_UUID_BEACONX, %object
 174              		.size	HEADER_AND_UUID_BEACONX, 25
 175              	HEADER_AND_UUID_BEACONX:
 176 0000 02       		.byte	2
 177 0001 01       		.byte	1
 178 0002 04       		.byte	4
 179 0003 1A       		.byte	26
 180 0004 FF       		.byte	-1
 181 0005 4C       		.byte	76
 182 0006 00       		.byte	0
 183 0007 02       		.byte	2
 184 0008 15       		.byte	21
 185 0009 01       		.byte	1
 186 000a 02       		.byte	2
 187 000b 03       		.byte	3
 188 000c 04       		.byte	4
 189 000d 05       		.byte	5
 190 000e 06       		.byte	6
 191 000f 07       		.byte	7
 192 0010 08       		.byte	8
 193 0011 09       		.byte	9
 194 0012 0A       		.byte	10
 195 0013 0B       		.byte	11
 196 0014 0C       		.byte	12
 197 0015 0D       		.byte	13
 198 0016 0E       		.byte	14
 199 0017 0F       		.byte	15
 200 0018 10       		.byte	16
 201 0019 000000   		.space	3
 202              		.type	HEADER_AND_UUID_BEACONZ, %object
 203              		.size	HEADER_AND_UUID_BEACONZ, 25
ARM GAS  C:\Users\jupac\AppData\Local\Temp\ccAAy4F9.s 			page 7


 204              	HEADER_AND_UUID_BEACONZ:
 205 001c 02       		.byte	2
 206 001d 01       		.byte	1
 207 001e 04       		.byte	4
 208 001f 1A       		.byte	26
 209 0020 FF       		.byte	-1
 210 0021 4C       		.byte	76
 211 0022 00       		.byte	0
 212 0023 02       		.byte	2
 213 0024 15       		.byte	21
 214 0025 30       		.byte	48
 215 0026 02       		.byte	2
 216 0027 03       		.byte	3
 217 0028 04       		.byte	4
 218 0029 05       		.byte	5
 219 002a 06       		.byte	6
 220 002b 07       		.byte	7
 221 002c 08       		.byte	8
 222 002d 09       		.byte	9
 223 002e 30       		.byte	48
 224 002f 0B       		.byte	11
 225 0030 0C       		.byte	12
 226 0031 0D       		.byte	13
 227 0032 0E       		.byte	14
 228 0033 0F       		.byte	15
 229 0034 30       		.byte	48
 230 0035 000000   		.space	3
 231              		.type	HEADER_AND_UUID_BEACONY, %object
 232              		.size	HEADER_AND_UUID_BEACONY, 25
 233              	HEADER_AND_UUID_BEACONY:
 234 0038 02       		.byte	2
 235 0039 01       		.byte	1
 236 003a 04       		.byte	4
 237 003b 1A       		.byte	26
 238 003c FF       		.byte	-1
 239 003d 4C       		.byte	76
 240 003e 00       		.byte	0
 241 003f 02       		.byte	2
 242 0040 15       		.byte	21
 243 0041 20       		.byte	32
 244 0042 02       		.byte	2
 245 0043 03       		.byte	3
 246 0044 04       		.byte	4
 247 0045 05       		.byte	5
 248 0046 06       		.byte	6
 249 0047 07       		.byte	7
 250 0048 08       		.byte	8
 251 0049 09       		.byte	9
 252 004a 20       		.byte	32
 253 004b 0B       		.byte	11
 254 004c 0C       		.byte	12
 255 004d 0D       		.byte	13
 256 004e 0E       		.byte	14
 257 004f 0F       		.byte	15
 258 0050 20       		.byte	32
 259              		.type	BEACON_LENGHT, %object
 260              		.size	BEACON_LENGHT, 1
ARM GAS  C:\Users\jupac\AppData\Local\Temp\ccAAy4F9.s 			page 8


 261              	BEACON_LENGHT:
 262 0051 1E       		.byte	30
 263              		.section	.rodata.str1.4,"aMS",%progbits,1
 264              		.align	2
 265              	.LC3:
 266 0000 50726F67 		.ascii	"Programa Iniciado Scanner\015\012\000"
 266      72616D61 
 266      20496E69 
 266      63696164 
 266      6F205363 
 267              	.LC6:
 268 001c 257500   		.ascii	"%u\000"
 269              		.bss
 270              		.align	2
 271              		.set	.LANCHOR1,. + 0
 272              		.type	contador, %object
 273              		.size	contador, 2
 274              	contador:
 275 0000 0000     		.space	2
 276 0002 0000     		.space	2
 277              		.type	databeacon, %object
 278              		.size	databeacon, 255
 279              	databeacon:
 280 0004 00000000 		.space	255
 280      00000000 
 280      00000000 
 280      00000000 
 280      00000000 
 281              		.text
 282              	.Letext0:
 283              		.file 2 "c:\\program files (x86)\\cypress\\psoc creator\\4.4\\psoc creator\\import\\gnu\\arm\\5.4.
 284              		.file 3 "c:\\program files (x86)\\cypress\\psoc creator\\4.4\\psoc creator\\import\\gnu\\arm\\5.4.
 285              		.file 4 "Generated_Source\\PSoC4/cytypes.h"
 286              		.file 5 "Generated_Source\\PSoC4/BLE_Stack.h"
 287              		.file 6 "Generated_Source\\PSoC4/BLE_StackGap.h"
 288              		.file 7 "Generated_Source\\PSoC4/BLE.h"
 289              		.file 8 "c:\\program files (x86)\\cypress\\psoc creator\\4.4\\psoc creator\\import\\gnu\\arm\\5.4.
 290              		.file 9 "Generated_Source\\PSoC4/UART.h"
 291              		.file 10 "Generated_Source\\PSoC4/BUTTON.h"
 292              		.file 11 "c:\\program files (x86)\\cypress\\psoc creator\\4.4\\psoc creator\\import\\gnu\\arm\\5.4
 293              		.section	.debug_info,"",%progbits
 294              	.Ldebug_info0:
 295 0000 7C050000 		.4byte	0x57c
 296 0004 0400     		.2byte	0x4
 297 0006 00000000 		.4byte	.Ldebug_abbrev0
 298 000a 04       		.byte	0x4
 299 000b 01       		.uleb128 0x1
 300 000c 35010000 		.4byte	.LASF124
 301 0010 0C       		.byte	0xc
 302 0011 CB050000 		.4byte	.LASF125
 303 0015 FE070000 		.4byte	.LASF126
 304 0019 00000000 		.4byte	.Ldebug_ranges0+0
 305 001d 00000000 		.4byte	0
 306 0021 00000000 		.4byte	.Ldebug_line0
 307 0025 02       		.uleb128 0x2
 308 0026 01       		.byte	0x1
 309 0027 06       		.byte	0x6
ARM GAS  C:\Users\jupac\AppData\Local\Temp\ccAAy4F9.s 			page 9


 310 0028 97020000 		.4byte	.LASF0
 311 002c 03       		.uleb128 0x3
 312 002d 10010000 		.4byte	.LASF3
 313 0031 02       		.byte	0x2
 314 0032 1D       		.byte	0x1d
 315 0033 37000000 		.4byte	0x37
 316 0037 02       		.uleb128 0x2
 317 0038 01       		.byte	0x1
 318 0039 08       		.byte	0x8
 319 003a 23090000 		.4byte	.LASF1
 320 003e 02       		.uleb128 0x2
 321 003f 02       		.byte	0x2
 322 0040 05       		.byte	0x5
 323 0041 55090000 		.4byte	.LASF2
 324 0045 03       		.uleb128 0x3
 325 0046 710A0000 		.4byte	.LASF4
 326 004a 02       		.byte	0x2
 327 004b 2B       		.byte	0x2b
 328 004c 50000000 		.4byte	0x50
 329 0050 02       		.uleb128 0x2
 330 0051 02       		.byte	0x2
 331 0052 07       		.byte	0x7
 332 0053 03050000 		.4byte	.LASF5
 333 0057 02       		.uleb128 0x2
 334 0058 04       		.byte	0x4
 335 0059 05       		.byte	0x5
 336 005a 2C010000 		.4byte	.LASF6
 337 005e 02       		.uleb128 0x2
 338 005f 04       		.byte	0x4
 339 0060 07       		.byte	0x7
 340 0061 54040000 		.4byte	.LASF7
 341 0065 02       		.uleb128 0x2
 342 0066 08       		.byte	0x8
 343 0067 05       		.byte	0x5
 344 0068 89020000 		.4byte	.LASF8
 345 006c 02       		.uleb128 0x2
 346 006d 08       		.byte	0x8
 347 006e 07       		.byte	0x7
 348 006f C3010000 		.4byte	.LASF9
 349 0073 04       		.uleb128 0x4
 350 0074 04       		.byte	0x4
 351 0075 05       		.byte	0x5
 352 0076 696E7400 		.ascii	"int\000"
 353 007a 02       		.uleb128 0x2
 354 007b 04       		.byte	0x4
 355 007c 07       		.byte	0x7
 356 007d 1F040000 		.4byte	.LASF10
 357 0081 03       		.uleb128 0x3
 358 0082 900B0000 		.4byte	.LASF11
 359 0086 03       		.byte	0x3
 360 0087 18       		.byte	0x18
 361 0088 2C000000 		.4byte	0x2c
 362 008c 03       		.uleb128 0x3
 363 008d 4B040000 		.4byte	.LASF12
 364 0091 03       		.byte	0x3
 365 0092 24       		.byte	0x24
 366 0093 45000000 		.4byte	0x45
ARM GAS  C:\Users\jupac\AppData\Local\Temp\ccAAy4F9.s 			page 10


 367 0097 05       		.uleb128 0x5
 368 0098 4B030000 		.4byte	.LASF13
 369 009c 04       		.byte	0x4
 370 009d FB01     		.2byte	0x1fb
 371 009f 37000000 		.4byte	0x37
 372 00a3 05       		.uleb128 0x5
 373 00a4 82030000 		.4byte	.LASF14
 374 00a8 04       		.byte	0x4
 375 00a9 FD01     		.2byte	0x1fd
 376 00ab 5E000000 		.4byte	0x5e
 377 00af 05       		.uleb128 0x5
 378 00b0 64050000 		.4byte	.LASF15
 379 00b4 04       		.byte	0x4
 380 00b5 FE01     		.2byte	0x1fe
 381 00b7 25000000 		.4byte	0x25
 382 00bb 02       		.uleb128 0x2
 383 00bc 04       		.byte	0x4
 384 00bd 04       		.byte	0x4
 385 00be D5080000 		.4byte	.LASF16
 386 00c2 02       		.uleb128 0x2
 387 00c3 08       		.byte	0x8
 388 00c4 04       		.byte	0x4
 389 00c5 7B030000 		.4byte	.LASF17
 390 00c9 02       		.uleb128 0x2
 391 00ca 01       		.byte	0x1
 392 00cb 08       		.byte	0x8
 393 00cc 4A0A0000 		.4byte	.LASF18
 394 00d0 02       		.uleb128 0x2
 395 00d1 08       		.byte	0x8
 396 00d2 04       		.byte	0x4
 397 00d3 260A0000 		.4byte	.LASF19
 398 00d7 02       		.uleb128 0x2
 399 00d8 04       		.byte	0x4
 400 00d9 07       		.byte	0x7
 401 00da 17070000 		.4byte	.LASF20
 402 00de 06       		.uleb128 0x6
 403 00df 04       		.byte	0x4
 404 00e0 07       		.uleb128 0x7
 405 00e1 01       		.byte	0x1
 406 00e2 37000000 		.4byte	0x37
 407 00e6 05       		.byte	0x5
 408 00e7 3501     		.2byte	0x135
 409 00e9 9E020000 		.4byte	0x29e
 410 00ed 08       		.uleb128 0x8
 411 00ee 16050000 		.4byte	.LASF21
 412 00f2 00       		.byte	0
 413 00f3 08       		.uleb128 0x8
 414 00f4 A3020000 		.4byte	.LASF22
 415 00f8 01       		.byte	0x1
 416 00f9 08       		.uleb128 0x8
 417 00fa 1A010000 		.4byte	.LASF23
 418 00fe 02       		.byte	0x2
 419 00ff 08       		.uleb128 0x8
 420 0100 FB0A0000 		.4byte	.LASF24
 421 0104 03       		.byte	0x3
 422 0105 08       		.uleb128 0x8
 423 0106 DA010000 		.4byte	.LASF25
ARM GAS  C:\Users\jupac\AppData\Local\Temp\ccAAy4F9.s 			page 11


 424 010a 04       		.byte	0x4
 425 010b 08       		.uleb128 0x8
 426 010c 23000000 		.4byte	.LASF26
 427 0110 05       		.byte	0x5
 428 0111 08       		.uleb128 0x8
 429 0112 4B050000 		.4byte	.LASF27
 430 0116 06       		.byte	0x6
 431 0117 08       		.uleb128 0x8
 432 0118 5C060000 		.4byte	.LASF28
 433 011c 20       		.byte	0x20
 434 011d 08       		.uleb128 0x8
 435 011e D5020000 		.4byte	.LASF29
 436 0122 21       		.byte	0x21
 437 0123 08       		.uleb128 0x8
 438 0124 88050000 		.4byte	.LASF30
 439 0128 22       		.byte	0x22
 440 0129 08       		.uleb128 0x8
 441 012a FF050000 		.4byte	.LASF31
 442 012e 23       		.byte	0x23
 443 012f 08       		.uleb128 0x8
 444 0130 B6070000 		.4byte	.LASF32
 445 0134 24       		.byte	0x24
 446 0135 08       		.uleb128 0x8
 447 0136 20070000 		.4byte	.LASF33
 448 013a 25       		.byte	0x25
 449 013b 08       		.uleb128 0x8
 450 013c 23030000 		.4byte	.LASF34
 451 0140 26       		.byte	0x26
 452 0141 08       		.uleb128 0x8
 453 0142 AC050000 		.4byte	.LASF35
 454 0146 27       		.byte	0x27
 455 0147 08       		.uleb128 0x8
 456 0148 4F0A0000 		.4byte	.LASF36
 457 014c 28       		.byte	0x28
 458 014d 08       		.uleb128 0x8
 459 014e 43020000 		.4byte	.LASF37
 460 0152 29       		.byte	0x29
 461 0153 08       		.uleb128 0x8
 462 0154 7E000000 		.4byte	.LASF38
 463 0158 2A       		.byte	0x2a
 464 0159 08       		.uleb128 0x8
 465 015a B6020000 		.4byte	.LASF39
 466 015e 2B       		.byte	0x2b
 467 015f 08       		.uleb128 0x8
 468 0160 E20B0000 		.4byte	.LASF40
 469 0164 2C       		.byte	0x2c
 470 0165 08       		.uleb128 0x8
 471 0166 60020000 		.4byte	.LASF41
 472 016a 2D       		.byte	0x2d
 473 016b 08       		.uleb128 0x8
 474 016c 31090000 		.4byte	.LASF42
 475 0170 2E       		.byte	0x2e
 476 0171 08       		.uleb128 0x8
 477 0172 C8000000 		.4byte	.LASF43
 478 0176 2F       		.byte	0x2f
 479 0177 08       		.uleb128 0x8
 480 0178 81070000 		.4byte	.LASF44
ARM GAS  C:\Users\jupac\AppData\Local\Temp\ccAAy4F9.s 			page 12


 481 017c 30       		.byte	0x30
 482 017d 08       		.uleb128 0x8
 483 017e 610C0000 		.4byte	.LASF45
 484 0182 31       		.byte	0x31
 485 0183 08       		.uleb128 0x8
 486 0184 60070000 		.4byte	.LASF46
 487 0188 32       		.byte	0x32
 488 0189 08       		.uleb128 0x8
 489 018a F5090000 		.4byte	.LASF47
 490 018e 33       		.byte	0x33
 491 018f 08       		.uleb128 0x8
 492 0190 66040000 		.4byte	.LASF48
 493 0194 34       		.byte	0x34
 494 0195 08       		.uleb128 0x8
 495 0196 C3030000 		.4byte	.LASF49
 496 019a 35       		.byte	0x35
 497 019b 08       		.uleb128 0x8
 498 019c D2050000 		.4byte	.LASF50
 499 01a0 36       		.byte	0x36
 500 01a1 08       		.uleb128 0x8
 501 01a2 A3060000 		.4byte	.LASF51
 502 01a6 37       		.byte	0x37
 503 01a7 08       		.uleb128 0x8
 504 01a8 DB090000 		.4byte	.LASF52
 505 01ac 40       		.byte	0x40
 506 01ad 08       		.uleb128 0x8
 507 01ae 25060000 		.4byte	.LASF53
 508 01b2 41       		.byte	0x41
 509 01b3 08       		.uleb128 0x8
 510 01b4 850C0000 		.4byte	.LASF54
 511 01b8 42       		.byte	0x42
 512 01b9 08       		.uleb128 0x8
 513 01ba 350B0000 		.4byte	.LASF55
 514 01be 43       		.byte	0x43
 515 01bf 08       		.uleb128 0x8
 516 01c0 98040000 		.4byte	.LASF56
 517 01c4 44       		.byte	0x44
 518 01c5 08       		.uleb128 0x8
 519 01c6 A1080000 		.4byte	.LASF57
 520 01ca 45       		.byte	0x45
 521 01cb 08       		.uleb128 0x8
 522 01cc F6060000 		.4byte	.LASF58
 523 01d0 46       		.byte	0x46
 524 01d1 08       		.uleb128 0x8
 525 01d2 2D050000 		.4byte	.LASF59
 526 01d6 47       		.byte	0x47
 527 01d7 08       		.uleb128 0x8
 528 01d8 BB0B0000 		.4byte	.LASF60
 529 01dc 48       		.byte	0x48
 530 01dd 08       		.uleb128 0x8
 531 01de EC020000 		.4byte	.LASF61
 532 01e2 49       		.byte	0x49
 533 01e3 08       		.uleb128 0x8
 534 01e4 D60A0000 		.4byte	.LASF62
 535 01e8 4A       		.byte	0x4a
 536 01e9 08       		.uleb128 0x8
 537 01ea F1000000 		.4byte	.LASF63
ARM GAS  C:\Users\jupac\AppData\Local\Temp\ccAAy4F9.s 			page 13


 538 01ee 4B       		.byte	0x4b
 539 01ef 08       		.uleb128 0x8
 540 01f0 7E040000 		.4byte	.LASF64
 541 01f4 4C       		.byte	0x4c
 542 01f5 08       		.uleb128 0x8
 543 01f6 3A070000 		.4byte	.LASF65
 544 01fa 4D       		.byte	0x4d
 545 01fb 08       		.uleb128 0x8
 546 01fc 05030000 		.4byte	.LASF66
 547 0200 4E       		.byte	0x4e
 548 0201 08       		.uleb128 0x8
 549 0202 9B090000 		.4byte	.LASF67
 550 0206 4F       		.byte	0x4f
 551 0207 08       		.uleb128 0x8
 552 0208 69050000 		.4byte	.LASF68
 553 020c 50       		.byte	0x50
 554 020d 08       		.uleb128 0x8
 555 020e 5C030000 		.4byte	.LASF69
 556 0212 51       		.byte	0x51
 557 0213 08       		.uleb128 0x8
 558 0214 DD070000 		.4byte	.LASF70
 559 0218 52       		.byte	0x52
 560 0219 08       		.uleb128 0x8
 561 021a 68090000 		.4byte	.LASF71
 562 021e 53       		.byte	0x53
 563 021f 08       		.uleb128 0x8
 564 0220 BA090000 		.4byte	.LASF72
 565 0224 54       		.byte	0x54
 566 0225 08       		.uleb128 0x8
 567 0226 B6040000 		.4byte	.LASF73
 568 022a 55       		.byte	0x55
 569 022b 08       		.uleb128 0x8
 570 022c FD030000 		.4byte	.LASF74
 571 0230 56       		.byte	0x56
 572 0231 08       		.uleb128 0x8
 573 0232 7C0A0000 		.4byte	.LASF75
 574 0236 57       		.byte	0x57
 575 0237 08       		.uleb128 0x8
 576 0238 DA040000 		.4byte	.LASF76
 577 023c 58       		.byte	0x58
 578 023d 08       		.uleb128 0x8
 579 023e 1D020000 		.4byte	.LASF77
 580 0242 70       		.byte	0x70
 581 0243 08       		.uleb128 0x8
 582 0244 360C0000 		.4byte	.LASF78
 583 0248 71       		.byte	0x71
 584 0249 08       		.uleb128 0x8
 585 024a 40060000 		.4byte	.LASF79
 586 024e 72       		.byte	0x72
 587 024f 08       		.uleb128 0x8
 588 0250 D8060000 		.4byte	.LASF80
 589 0254 73       		.byte	0x73
 590 0255 08       		.uleb128 0x8
 591 0256 83080000 		.4byte	.LASF81
 592 025a 74       		.byte	0x74
 593 025b 08       		.uleb128 0x8
 594 025c 100C0000 		.4byte	.LASF82
ARM GAS  C:\Users\jupac\AppData\Local\Temp\ccAAy4F9.s 			page 14


 595 0260 75       		.byte	0x75
 596 0261 08       		.uleb128 0x8
 597 0262 A7000000 		.4byte	.LASF83
 598 0266 76       		.byte	0x76
 599 0267 08       		.uleb128 0x8
 600 0268 3F000000 		.4byte	.LASF84
 601 026c 77       		.byte	0x77
 602 026d 08       		.uleb128 0x8
 603 026e 00000000 		.4byte	.LASF85
 604 0272 78       		.byte	0x78
 605 0273 08       		.uleb128 0x8
 606 0274 B30A0000 		.4byte	.LASF86
 607 0278 79       		.byte	0x79
 608 0279 08       		.uleb128 0x8
 609 027a 9F030000 		.4byte	.LASF87
 610 027e 7A       		.byte	0x7a
 611 027f 08       		.uleb128 0x8
 612 0280 FF010000 		.4byte	.LASF88
 613 0284 FA       		.byte	0xfa
 614 0285 08       		.uleb128 0x8
 615 0286 2C040000 		.4byte	.LASF89
 616 028a FB       		.byte	0xfb
 617 028b 08       		.uleb128 0x8
 618 028c 89090000 		.4byte	.LASF90
 619 0290 FC       		.byte	0xfc
 620 0291 08       		.uleb128 0x8
 621 0292 320A0000 		.4byte	.LASF91
 622 0296 FD       		.byte	0xfd
 623 0297 08       		.uleb128 0x8
 624 0298 89030000 		.4byte	.LASF92
 625 029c FF       		.byte	0xff
 626 029d 00       		.byte	0
 627 029e 09       		.uleb128 0x9
 628 029f 04       		.byte	0x4
 629 02a0 97000000 		.4byte	0x97
 630 02a4 0A       		.uleb128 0xa
 631 02a5 01       		.byte	0x1
 632 02a6 37000000 		.4byte	0x37
 633 02aa 06       		.byte	0x6
 634 02ab F4       		.byte	0xf4
 635 02ac CF020000 		.4byte	0x2cf
 636 02b0 08       		.uleb128 0x8
 637 02b1 A30C0000 		.4byte	.LASF93
 638 02b5 00       		.byte	0
 639 02b6 08       		.uleb128 0x8
 640 02b7 E0030000 		.4byte	.LASF94
 641 02bb 01       		.byte	0x1
 642 02bc 08       		.uleb128 0x8
 643 02bd 710B0000 		.4byte	.LASF95
 644 02c1 02       		.byte	0x2
 645 02c2 08       		.uleb128 0x8
 646 02c3 80060000 		.4byte	.LASF96
 647 02c7 03       		.byte	0x3
 648 02c8 08       		.uleb128 0x8
 649 02c9 6A000000 		.4byte	.LASF97
 650 02cd 04       		.byte	0x4
 651 02ce 00       		.byte	0
ARM GAS  C:\Users\jupac\AppData\Local\Temp\ccAAy4F9.s 			page 15


 652 02cf 05       		.uleb128 0x5
 653 02d0 6C080000 		.4byte	.LASF98
 654 02d4 06       		.byte	0x6
 655 02d5 0401     		.2byte	0x104
 656 02d7 A4020000 		.4byte	0x2a4
 657 02db 0B       		.uleb128 0xb
 658 02dc 14       		.byte	0x14
 659 02dd 06       		.byte	0x6
 660 02de 2403     		.2byte	0x324
 661 02e0 33030000 		.4byte	0x333
 662 02e4 0C       		.uleb128 0xc
 663 02e5 060C0000 		.4byte	.LASF99
 664 02e9 06       		.byte	0x6
 665 02ea 2D03     		.2byte	0x32d
 666 02ec CF020000 		.4byte	0x2cf
 667 02f0 00       		.byte	0
 668 02f1 0C       		.uleb128 0xc
 669 02f2 C8080000 		.4byte	.LASF100
 670 02f6 06       		.byte	0x6
 671 02f7 3503     		.2byte	0x335
 672 02f9 97000000 		.4byte	0x97
 673 02fd 01       		.byte	0x1
 674 02fe 0C       		.uleb128 0xc
 675 02ff 51030000 		.4byte	.LASF101
 676 0303 06       		.byte	0x6
 677 0304 3903     		.2byte	0x339
 678 0306 9E020000 		.4byte	0x29e
 679 030a 04       		.byte	0x4
 680 030b 0C       		.uleb128 0xc
 681 030c 97030000 		.4byte	.LASF102
 682 0310 06       		.byte	0x6
 683 0311 3C03     		.2byte	0x33c
 684 0313 97000000 		.4byte	0x97
 685 0317 08       		.byte	0x8
 686 0318 0C       		.uleb128 0xc
 687 0319 FA010000 		.4byte	.LASF103
 688 031d 06       		.byte	0x6
 689 031e 3F03     		.2byte	0x33f
 690 0320 9E020000 		.4byte	0x29e
 691 0324 0C       		.byte	0xc
 692 0325 0C       		.uleb128 0xc
 693 0326 310C0000 		.4byte	.LASF104
 694 032a 06       		.byte	0x6
 695 032b 4403     		.2byte	0x344
 696 032d AF000000 		.4byte	0xaf
 697 0331 10       		.byte	0x10
 698 0332 00       		.byte	0
 699 0333 05       		.uleb128 0x5
 700 0334 140B0000 		.4byte	.LASF105
 701 0338 06       		.byte	0x6
 702 0339 4603     		.2byte	0x346
 703 033b DB020000 		.4byte	0x2db
 704 033f 0D       		.uleb128 0xd
 705 0340 54070000 		.4byte	.LASF127
 706 0344 01       		.byte	0x1
 707 0345 24       		.byte	0x24
 708 0346 00000000 		.4byte	.LFB36
ARM GAS  C:\Users\jupac\AppData\Local\Temp\ccAAy4F9.s 			page 16


 709 034a 3C000000 		.4byte	.LFE36-.LFB36
 710 034e 01       		.uleb128 0x1
 711 034f 9C       		.byte	0x9c
 712 0350 B7030000 		.4byte	0x3b7
 713 0354 0E       		.uleb128 0xe
 714 0355 FD040000 		.4byte	.LASF106
 715 0359 01       		.byte	0x1
 716 035a 24       		.byte	0x24
 717 035b A3000000 		.4byte	0xa3
 718 035f 00000000 		.4byte	.LLST0
 719 0363 0E       		.uleb128 0xe
 720 0364 5A0B0000 		.4byte	.LASF107
 721 0368 01       		.byte	0x1
 722 0369 24       		.byte	0x24
 723 036a DE000000 		.4byte	0xde
 724 036e 3A000000 		.4byte	.LLST1
 725 0372 0F       		.uleb128 0xf
 726 0373 0C000000 		.4byte	.LBB2
 727 0377 24000000 		.4byte	.LBE2-.LBB2
 728 037b 10       		.uleb128 0x10
 729 037c 1C0A0000 		.4byte	.LASF108
 730 0380 01       		.byte	0x1
 731 0381 2C       		.byte	0x2c
 732 0382 B7030000 		.4byte	0x3b7
 733 0386 74000000 		.4byte	.LLST2
 734 038a 11       		.uleb128 0x11
 735 038b 12000000 		.4byte	.LVL2
 736 038f 1B050000 		.4byte	0x51b
 737 0393 9D030000 		.4byte	0x39d
 738 0397 12       		.uleb128 0x12
 739 0398 01       		.uleb128 0x1
 740 0399 50       		.byte	0x50
 741 039a 01       		.uleb128 0x1
 742 039b 30       		.byte	0x30
 743 039c 00       		.byte	0
 744 039d 13       		.uleb128 0x13
 745 039e 24000000 		.4byte	.LVL6
 746 03a2 27050000 		.4byte	0x527
 747 03a6 12       		.uleb128 0x12
 748 03a7 01       		.uleb128 0x1
 749 03a8 50       		.byte	0x50
 750 03a9 05       		.uleb128 0x5
 751 03aa 03       		.byte	0x3
 752 03ab 00000000 		.4byte	.LANCHOR0
 753 03af 12       		.uleb128 0x12
 754 03b0 01       		.uleb128 0x1
 755 03b1 52       		.byte	0x52
 756 03b2 01       		.uleb128 0x1
 757 03b3 49       		.byte	0x49
 758 03b4 00       		.byte	0
 759 03b5 00       		.byte	0
 760 03b6 00       		.byte	0
 761 03b7 09       		.uleb128 0x9
 762 03b8 04       		.byte	0x4
 763 03b9 33030000 		.4byte	0x333
 764 03bd 14       		.uleb128 0x14
 765 03be 5C0C0000 		.4byte	.LASF128
ARM GAS  C:\Users\jupac\AppData\Local\Temp\ccAAy4F9.s 			page 17


 766 03c2 01       		.byte	0x1
 767 03c3 71       		.byte	0x71
 768 03c4 73000000 		.4byte	0x73
 769 03c8 00000000 		.4byte	.LFB37
 770 03cc 58000000 		.4byte	.LFE37-.LFB37
 771 03d0 01       		.uleb128 0x1
 772 03d1 9C       		.byte	0x9c
 773 03d2 81040000 		.4byte	0x481
 774 03d6 15       		.uleb128 0x15
 775 03d7 5E000000 		.4byte	.LASF109
 776 03db 01       		.byte	0x1
 777 03dc 73       		.byte	0x73
 778 03dd 81040000 		.4byte	0x481
 779 03e1 03       		.uleb128 0x3
 780 03e2 91       		.byte	0x91
 781 03e3 F87D     		.sleb128 -264
 782 03e5 11       		.uleb128 0x11
 783 03e6 0E000000 		.4byte	.LVL8
 784 03ea 32050000 		.4byte	0x532
 785 03ee 04040000 		.4byte	0x404
 786 03f2 12       		.uleb128 0x12
 787 03f3 01       		.uleb128 0x1
 788 03f4 50       		.byte	0x50
 789 03f5 02       		.uleb128 0x2
 790 03f6 7D       		.byte	0x7d
 791 03f7 00       		.sleb128 0
 792 03f8 12       		.uleb128 0x12
 793 03f9 01       		.uleb128 0x1
 794 03fa 51       		.byte	0x51
 795 03fb 01       		.uleb128 0x1
 796 03fc 30       		.byte	0x30
 797 03fd 12       		.uleb128 0x12
 798 03fe 01       		.uleb128 0x1
 799 03ff 52       		.byte	0x52
 800 0400 02       		.uleb128 0x2
 801 0401 08       		.byte	0x8
 802 0402 FF       		.byte	0xff
 803 0403 00       		.byte	0
 804 0404 11       		.uleb128 0x11
 805 0405 16000000 		.4byte	.LVL9
 806 0409 3B050000 		.4byte	0x53b
 807 040d 1B040000 		.4byte	0x41b
 808 0411 12       		.uleb128 0x12
 809 0412 01       		.uleb128 0x1
 810 0413 50       		.byte	0x50
 811 0414 05       		.uleb128 0x5
 812 0415 03       		.byte	0x3
 813 0416 00000000 		.4byte	AppCallBack
 814 041a 00       		.byte	0
 815 041b 16       		.uleb128 0x16
 816 041c 1A000000 		.4byte	.LVL10
 817 0420 47050000 		.4byte	0x547
 818 0424 11       		.uleb128 0x11
 819 0425 20000000 		.4byte	.LVL11
 820 0429 52050000 		.4byte	0x552
 821 042d 3B040000 		.4byte	0x43b
 822 0431 12       		.uleb128 0x12
ARM GAS  C:\Users\jupac\AppData\Local\Temp\ccAAy4F9.s 			page 18


 823 0432 01       		.uleb128 0x1
 824 0433 50       		.byte	0x50
 825 0434 05       		.uleb128 0x5
 826 0435 03       		.byte	0x3
 827 0436 00000000 		.4byte	.LC3
 828 043a 00       		.byte	0
 829 043b 16       		.uleb128 0x16
 830 043c 24000000 		.4byte	.LVL12
 831 0440 5D050000 		.4byte	0x55d
 832 0444 16       		.uleb128 0x16
 833 0445 28000000 		.4byte	.LVL13
 834 0449 69050000 		.4byte	0x569
 835 044d 11       		.uleb128 0x11
 836 044e 3A000000 		.4byte	.LVL14
 837 0452 74050000 		.4byte	0x574
 838 0456 70040000 		.4byte	0x470
 839 045a 12       		.uleb128 0x12
 840 045b 01       		.uleb128 0x1
 841 045c 50       		.byte	0x50
 842 045d 02       		.uleb128 0x2
 843 045e 7D       		.byte	0x7d
 844 045f 00       		.sleb128 0
 845 0460 12       		.uleb128 0x12
 846 0461 01       		.uleb128 0x1
 847 0462 51       		.byte	0x51
 848 0463 02       		.uleb128 0x2
 849 0464 08       		.byte	0x8
 850 0465 FF       		.byte	0xff
 851 0466 12       		.uleb128 0x12
 852 0467 01       		.uleb128 0x1
 853 0468 52       		.byte	0x52
 854 0469 05       		.uleb128 0x5
 855 046a 03       		.byte	0x3
 856 046b 1C000000 		.4byte	.LC6
 857 046f 00       		.byte	0
 858 0470 13       		.uleb128 0x13
 859 0471 40000000 		.4byte	.LVL15
 860 0475 52050000 		.4byte	0x552
 861 0479 12       		.uleb128 0x12
 862 047a 01       		.uleb128 0x1
 863 047b 50       		.byte	0x50
 864 047c 02       		.uleb128 0x2
 865 047d 7D       		.byte	0x7d
 866 047e 00       		.sleb128 0
 867 047f 00       		.byte	0
 868 0480 00       		.byte	0
 869 0481 17       		.uleb128 0x17
 870 0482 C9000000 		.4byte	0xc9
 871 0486 91040000 		.4byte	0x491
 872 048a 18       		.uleb128 0x18
 873 048b D7000000 		.4byte	0xd7
 874 048f FE       		.byte	0xfe
 875 0490 00       		.byte	0
 876 0491 19       		.uleb128 0x19
 877 0492 5F090000 		.4byte	.LASF110
 878 0496 01       		.byte	0x1
 879 0497 10       		.byte	0x10
ARM GAS  C:\Users\jupac\AppData\Local\Temp\ccAAy4F9.s 			page 19


 880 0498 8C000000 		.4byte	0x8c
 881 049c 05       		.uleb128 0x5
 882 049d 03       		.byte	0x3
 883 049e 00000000 		.4byte	contador
 884 04a2 19       		.uleb128 0x19
 885 04a3 D2070000 		.4byte	.LASF111
 886 04a7 01       		.byte	0x1
 887 04a8 11       		.byte	0x11
 888 04a9 81040000 		.4byte	0x481
 889 04ad 05       		.uleb128 0x5
 890 04ae 03       		.byte	0x3
 891 04af 00000000 		.4byte	databeacon
 892 04b3 19       		.uleb128 0x19
 893 04b4 A50A0000 		.4byte	.LASF112
 894 04b8 01       		.byte	0x1
 895 04b9 17       		.byte	0x17
 896 04ba C4040000 		.4byte	0x4c4
 897 04be 05       		.uleb128 0x5
 898 04bf 03       		.byte	0x3
 899 04c0 00000000 		.4byte	BEACON_LENGHT
 900 04c4 1A       		.uleb128 0x1a
 901 04c5 81000000 		.4byte	0x81
 902 04c9 17       		.uleb128 0x17
 903 04ca C4040000 		.4byte	0x4c4
 904 04ce D9040000 		.4byte	0x4d9
 905 04d2 18       		.uleb128 0x18
 906 04d3 D7000000 		.4byte	0xd7
 907 04d7 18       		.byte	0x18
 908 04d8 00       		.byte	0
 909 04d9 19       		.uleb128 0x19
 910 04da DB080000 		.4byte	.LASF113
 911 04de 01       		.byte	0x1
 912 04df 1A       		.byte	0x1a
 913 04e0 EA040000 		.4byte	0x4ea
 914 04e4 05       		.uleb128 0x5
 915 04e5 03       		.byte	0x3
 916 04e6 00000000 		.4byte	HEADER_AND_UUID_BEACONX
 917 04ea 1A       		.uleb128 0x1a
 918 04eb C9040000 		.4byte	0x4c9
 919 04ef 19       		.uleb128 0x19
 920 04f0 F3080000 		.4byte	.LASF114
 921 04f4 01       		.byte	0x1
 922 04f5 1B       		.byte	0x1b
 923 04f6 00050000 		.4byte	0x500
 924 04fa 05       		.uleb128 0x5
 925 04fb 03       		.byte	0x3
 926 04fc 00000000 		.4byte	HEADER_AND_UUID_BEACONY
 927 0500 1A       		.uleb128 0x1a
 928 0501 C9040000 		.4byte	0x4c9
 929 0505 19       		.uleb128 0x19
 930 0506 0B090000 		.4byte	.LASF115
 931 050a 01       		.byte	0x1
 932 050b 1C       		.byte	0x1c
 933 050c 16050000 		.4byte	0x516
 934 0510 05       		.uleb128 0x5
 935 0511 03       		.byte	0x3
 936 0512 00000000 		.4byte	HEADER_AND_UUID_BEACONZ
ARM GAS  C:\Users\jupac\AppData\Local\Temp\ccAAy4F9.s 			page 20


 937 0516 1A       		.uleb128 0x1a
 938 0517 C9040000 		.4byte	0x4c9
 939 051b 1B       		.uleb128 0x1b
 940 051c 980B0000 		.4byte	.LASF116
 941 0520 980B0000 		.4byte	.LASF116
 942 0524 07       		.byte	0x7
 943 0525 8802     		.2byte	0x288
 944 0527 1C       		.uleb128 0x1c
 945 0528 F40A0000 		.4byte	.LASF117
 946 052c F40A0000 		.4byte	.LASF117
 947 0530 08       		.byte	0x8
 948 0531 16       		.byte	0x16
 949 0532 1D       		.uleb128 0x1d
 950 0533 530B0000 		.4byte	.LASF129
 951 0537 530B0000 		.4byte	.LASF129
 952 053b 1B       		.uleb128 0x1b
 953 053c F3050000 		.4byte	.LASF118
 954 0540 F3050000 		.4byte	.LASF118
 955 0544 07       		.byte	0x7
 956 0545 6B02     		.2byte	0x26b
 957 0547 1C       		.uleb128 0x1c
 958 0548 EF010000 		.4byte	.LASF119
 959 054c EF010000 		.4byte	.LASF119
 960 0550 09       		.byte	0x9
 961 0551 54       		.byte	0x54
 962 0552 1C       		.uleb128 0x1c
 963 0553 AC0B0000 		.4byte	.LASF120
 964 0557 AC0B0000 		.4byte	.LASF120
 965 055b 09       		.byte	0x9
 966 055c 8B       		.byte	0x8b
 967 055d 1B       		.uleb128 0x1b
 968 055e A2070000 		.4byte	.LASF121
 969 0562 A2070000 		.4byte	.LASF121
 970 0566 05       		.byte	0x5
 971 0567 CF07     		.2byte	0x7cf
 972 0569 1C       		.uleb128 0x1c
 973 056a 650B0000 		.4byte	.LASF122
 974 056e 650B0000 		.4byte	.LASF122
 975 0572 0A       		.byte	0xa
 976 0573 32       		.byte	0x32
 977 0574 1C       		.uleb128 0x1c
 978 0575 2C0B0000 		.4byte	.LASF123
 979 0579 2C0B0000 		.4byte	.LASF123
 980 057d 0B       		.byte	0xb
 981 057e FD       		.byte	0xfd
 982 057f 00       		.byte	0
 983              		.section	.debug_abbrev,"",%progbits
 984              	.Ldebug_abbrev0:
 985 0000 01       		.uleb128 0x1
 986 0001 11       		.uleb128 0x11
 987 0002 01       		.byte	0x1
 988 0003 25       		.uleb128 0x25
 989 0004 0E       		.uleb128 0xe
 990 0005 13       		.uleb128 0x13
 991 0006 0B       		.uleb128 0xb
 992 0007 03       		.uleb128 0x3
 993 0008 0E       		.uleb128 0xe
ARM GAS  C:\Users\jupac\AppData\Local\Temp\ccAAy4F9.s 			page 21


 994 0009 1B       		.uleb128 0x1b
 995 000a 0E       		.uleb128 0xe
 996 000b 55       		.uleb128 0x55
 997 000c 17       		.uleb128 0x17
 998 000d 11       		.uleb128 0x11
 999 000e 01       		.uleb128 0x1
 1000 000f 10       		.uleb128 0x10
 1001 0010 17       		.uleb128 0x17
 1002 0011 00       		.byte	0
 1003 0012 00       		.byte	0
 1004 0013 02       		.uleb128 0x2
 1005 0014 24       		.uleb128 0x24
 1006 0015 00       		.byte	0
 1007 0016 0B       		.uleb128 0xb
 1008 0017 0B       		.uleb128 0xb
 1009 0018 3E       		.uleb128 0x3e
 1010 0019 0B       		.uleb128 0xb
 1011 001a 03       		.uleb128 0x3
 1012 001b 0E       		.uleb128 0xe
 1013 001c 00       		.byte	0
 1014 001d 00       		.byte	0
 1015 001e 03       		.uleb128 0x3
 1016 001f 16       		.uleb128 0x16
 1017 0020 00       		.byte	0
 1018 0021 03       		.uleb128 0x3
 1019 0022 0E       		.uleb128 0xe
 1020 0023 3A       		.uleb128 0x3a
 1021 0024 0B       		.uleb128 0xb
 1022 0025 3B       		.uleb128 0x3b
 1023 0026 0B       		.uleb128 0xb
 1024 0027 49       		.uleb128 0x49
 1025 0028 13       		.uleb128 0x13
 1026 0029 00       		.byte	0
 1027 002a 00       		.byte	0
 1028 002b 04       		.uleb128 0x4
 1029 002c 24       		.uleb128 0x24
 1030 002d 00       		.byte	0
 1031 002e 0B       		.uleb128 0xb
 1032 002f 0B       		.uleb128 0xb
 1033 0030 3E       		.uleb128 0x3e
 1034 0031 0B       		.uleb128 0xb
 1035 0032 03       		.uleb128 0x3
 1036 0033 08       		.uleb128 0x8
 1037 0034 00       		.byte	0
 1038 0035 00       		.byte	0
 1039 0036 05       		.uleb128 0x5
 1040 0037 16       		.uleb128 0x16
 1041 0038 00       		.byte	0
 1042 0039 03       		.uleb128 0x3
 1043 003a 0E       		.uleb128 0xe
 1044 003b 3A       		.uleb128 0x3a
 1045 003c 0B       		.uleb128 0xb
 1046 003d 3B       		.uleb128 0x3b
 1047 003e 05       		.uleb128 0x5
 1048 003f 49       		.uleb128 0x49
 1049 0040 13       		.uleb128 0x13
 1050 0041 00       		.byte	0
ARM GAS  C:\Users\jupac\AppData\Local\Temp\ccAAy4F9.s 			page 22


 1051 0042 00       		.byte	0
 1052 0043 06       		.uleb128 0x6
 1053 0044 0F       		.uleb128 0xf
 1054 0045 00       		.byte	0
 1055 0046 0B       		.uleb128 0xb
 1056 0047 0B       		.uleb128 0xb
 1057 0048 00       		.byte	0
 1058 0049 00       		.byte	0
 1059 004a 07       		.uleb128 0x7
 1060 004b 04       		.uleb128 0x4
 1061 004c 01       		.byte	0x1
 1062 004d 0B       		.uleb128 0xb
 1063 004e 0B       		.uleb128 0xb
 1064 004f 49       		.uleb128 0x49
 1065 0050 13       		.uleb128 0x13
 1066 0051 3A       		.uleb128 0x3a
 1067 0052 0B       		.uleb128 0xb
 1068 0053 3B       		.uleb128 0x3b
 1069 0054 05       		.uleb128 0x5
 1070 0055 01       		.uleb128 0x1
 1071 0056 13       		.uleb128 0x13
 1072 0057 00       		.byte	0
 1073 0058 00       		.byte	0
 1074 0059 08       		.uleb128 0x8
 1075 005a 28       		.uleb128 0x28
 1076 005b 00       		.byte	0
 1077 005c 03       		.uleb128 0x3
 1078 005d 0E       		.uleb128 0xe
 1079 005e 1C       		.uleb128 0x1c
 1080 005f 0B       		.uleb128 0xb
 1081 0060 00       		.byte	0
 1082 0061 00       		.byte	0
 1083 0062 09       		.uleb128 0x9
 1084 0063 0F       		.uleb128 0xf
 1085 0064 00       		.byte	0
 1086 0065 0B       		.uleb128 0xb
 1087 0066 0B       		.uleb128 0xb
 1088 0067 49       		.uleb128 0x49
 1089 0068 13       		.uleb128 0x13
 1090 0069 00       		.byte	0
 1091 006a 00       		.byte	0
 1092 006b 0A       		.uleb128 0xa
 1093 006c 04       		.uleb128 0x4
 1094 006d 01       		.byte	0x1
 1095 006e 0B       		.uleb128 0xb
 1096 006f 0B       		.uleb128 0xb
 1097 0070 49       		.uleb128 0x49
 1098 0071 13       		.uleb128 0x13
 1099 0072 3A       		.uleb128 0x3a
 1100 0073 0B       		.uleb128 0xb
 1101 0074 3B       		.uleb128 0x3b
 1102 0075 0B       		.uleb128 0xb
 1103 0076 01       		.uleb128 0x1
 1104 0077 13       		.uleb128 0x13
 1105 0078 00       		.byte	0
 1106 0079 00       		.byte	0
 1107 007a 0B       		.uleb128 0xb
ARM GAS  C:\Users\jupac\AppData\Local\Temp\ccAAy4F9.s 			page 23


 1108 007b 13       		.uleb128 0x13
 1109 007c 01       		.byte	0x1
 1110 007d 0B       		.uleb128 0xb
 1111 007e 0B       		.uleb128 0xb
 1112 007f 3A       		.uleb128 0x3a
 1113 0080 0B       		.uleb128 0xb
 1114 0081 3B       		.uleb128 0x3b
 1115 0082 05       		.uleb128 0x5
 1116 0083 01       		.uleb128 0x1
 1117 0084 13       		.uleb128 0x13
 1118 0085 00       		.byte	0
 1119 0086 00       		.byte	0
 1120 0087 0C       		.uleb128 0xc
 1121 0088 0D       		.uleb128 0xd
 1122 0089 00       		.byte	0
 1123 008a 03       		.uleb128 0x3
 1124 008b 0E       		.uleb128 0xe
 1125 008c 3A       		.uleb128 0x3a
 1126 008d 0B       		.uleb128 0xb
 1127 008e 3B       		.uleb128 0x3b
 1128 008f 05       		.uleb128 0x5
 1129 0090 49       		.uleb128 0x49
 1130 0091 13       		.uleb128 0x13
 1131 0092 38       		.uleb128 0x38
 1132 0093 0B       		.uleb128 0xb
 1133 0094 00       		.byte	0
 1134 0095 00       		.byte	0
 1135 0096 0D       		.uleb128 0xd
 1136 0097 2E       		.uleb128 0x2e
 1137 0098 01       		.byte	0x1
 1138 0099 3F       		.uleb128 0x3f
 1139 009a 19       		.uleb128 0x19
 1140 009b 03       		.uleb128 0x3
 1141 009c 0E       		.uleb128 0xe
 1142 009d 3A       		.uleb128 0x3a
 1143 009e 0B       		.uleb128 0xb
 1144 009f 3B       		.uleb128 0x3b
 1145 00a0 0B       		.uleb128 0xb
 1146 00a1 27       		.uleb128 0x27
 1147 00a2 19       		.uleb128 0x19
 1148 00a3 11       		.uleb128 0x11
 1149 00a4 01       		.uleb128 0x1
 1150 00a5 12       		.uleb128 0x12
 1151 00a6 06       		.uleb128 0x6
 1152 00a7 40       		.uleb128 0x40
 1153 00a8 18       		.uleb128 0x18
 1154 00a9 9742     		.uleb128 0x2117
 1155 00ab 19       		.uleb128 0x19
 1156 00ac 01       		.uleb128 0x1
 1157 00ad 13       		.uleb128 0x13
 1158 00ae 00       		.byte	0
 1159 00af 00       		.byte	0
 1160 00b0 0E       		.uleb128 0xe
 1161 00b1 05       		.uleb128 0x5
 1162 00b2 00       		.byte	0
 1163 00b3 03       		.uleb128 0x3
 1164 00b4 0E       		.uleb128 0xe
ARM GAS  C:\Users\jupac\AppData\Local\Temp\ccAAy4F9.s 			page 24


 1165 00b5 3A       		.uleb128 0x3a
 1166 00b6 0B       		.uleb128 0xb
 1167 00b7 3B       		.uleb128 0x3b
 1168 00b8 0B       		.uleb128 0xb
 1169 00b9 49       		.uleb128 0x49
 1170 00ba 13       		.uleb128 0x13
 1171 00bb 02       		.uleb128 0x2
 1172 00bc 17       		.uleb128 0x17
 1173 00bd 00       		.byte	0
 1174 00be 00       		.byte	0
 1175 00bf 0F       		.uleb128 0xf
 1176 00c0 0B       		.uleb128 0xb
 1177 00c1 01       		.byte	0x1
 1178 00c2 11       		.uleb128 0x11
 1179 00c3 01       		.uleb128 0x1
 1180 00c4 12       		.uleb128 0x12
 1181 00c5 06       		.uleb128 0x6
 1182 00c6 00       		.byte	0
 1183 00c7 00       		.byte	0
 1184 00c8 10       		.uleb128 0x10
 1185 00c9 34       		.uleb128 0x34
 1186 00ca 00       		.byte	0
 1187 00cb 03       		.uleb128 0x3
 1188 00cc 0E       		.uleb128 0xe
 1189 00cd 3A       		.uleb128 0x3a
 1190 00ce 0B       		.uleb128 0xb
 1191 00cf 3B       		.uleb128 0x3b
 1192 00d0 0B       		.uleb128 0xb
 1193 00d1 49       		.uleb128 0x49
 1194 00d2 13       		.uleb128 0x13
 1195 00d3 02       		.uleb128 0x2
 1196 00d4 17       		.uleb128 0x17
 1197 00d5 00       		.byte	0
 1198 00d6 00       		.byte	0
 1199 00d7 11       		.uleb128 0x11
 1200 00d8 898201   		.uleb128 0x4109
 1201 00db 01       		.byte	0x1
 1202 00dc 11       		.uleb128 0x11
 1203 00dd 01       		.uleb128 0x1
 1204 00de 31       		.uleb128 0x31
 1205 00df 13       		.uleb128 0x13
 1206 00e0 01       		.uleb128 0x1
 1207 00e1 13       		.uleb128 0x13
 1208 00e2 00       		.byte	0
 1209 00e3 00       		.byte	0
 1210 00e4 12       		.uleb128 0x12
 1211 00e5 8A8201   		.uleb128 0x410a
 1212 00e8 00       		.byte	0
 1213 00e9 02       		.uleb128 0x2
 1214 00ea 18       		.uleb128 0x18
 1215 00eb 9142     		.uleb128 0x2111
 1216 00ed 18       		.uleb128 0x18
 1217 00ee 00       		.byte	0
 1218 00ef 00       		.byte	0
 1219 00f0 13       		.uleb128 0x13
 1220 00f1 898201   		.uleb128 0x4109
 1221 00f4 01       		.byte	0x1
ARM GAS  C:\Users\jupac\AppData\Local\Temp\ccAAy4F9.s 			page 25


 1222 00f5 11       		.uleb128 0x11
 1223 00f6 01       		.uleb128 0x1
 1224 00f7 31       		.uleb128 0x31
 1225 00f8 13       		.uleb128 0x13
 1226 00f9 00       		.byte	0
 1227 00fa 00       		.byte	0
 1228 00fb 14       		.uleb128 0x14
 1229 00fc 2E       		.uleb128 0x2e
 1230 00fd 01       		.byte	0x1
 1231 00fe 3F       		.uleb128 0x3f
 1232 00ff 19       		.uleb128 0x19
 1233 0100 03       		.uleb128 0x3
 1234 0101 0E       		.uleb128 0xe
 1235 0102 3A       		.uleb128 0x3a
 1236 0103 0B       		.uleb128 0xb
 1237 0104 3B       		.uleb128 0x3b
 1238 0105 0B       		.uleb128 0xb
 1239 0106 27       		.uleb128 0x27
 1240 0107 19       		.uleb128 0x19
 1241 0108 49       		.uleb128 0x49
 1242 0109 13       		.uleb128 0x13
 1243 010a 11       		.uleb128 0x11
 1244 010b 01       		.uleb128 0x1
 1245 010c 12       		.uleb128 0x12
 1246 010d 06       		.uleb128 0x6
 1247 010e 40       		.uleb128 0x40
 1248 010f 18       		.uleb128 0x18
 1249 0110 9742     		.uleb128 0x2117
 1250 0112 19       		.uleb128 0x19
 1251 0113 01       		.uleb128 0x1
 1252 0114 13       		.uleb128 0x13
 1253 0115 00       		.byte	0
 1254 0116 00       		.byte	0
 1255 0117 15       		.uleb128 0x15
 1256 0118 34       		.uleb128 0x34
 1257 0119 00       		.byte	0
 1258 011a 03       		.uleb128 0x3
 1259 011b 0E       		.uleb128 0xe
 1260 011c 3A       		.uleb128 0x3a
 1261 011d 0B       		.uleb128 0xb
 1262 011e 3B       		.uleb128 0x3b
 1263 011f 0B       		.uleb128 0xb
 1264 0120 49       		.uleb128 0x49
 1265 0121 13       		.uleb128 0x13
 1266 0122 02       		.uleb128 0x2
 1267 0123 18       		.uleb128 0x18
 1268 0124 00       		.byte	0
 1269 0125 00       		.byte	0
 1270 0126 16       		.uleb128 0x16
 1271 0127 898201   		.uleb128 0x4109
 1272 012a 00       		.byte	0
 1273 012b 11       		.uleb128 0x11
 1274 012c 01       		.uleb128 0x1
 1275 012d 31       		.uleb128 0x31
 1276 012e 13       		.uleb128 0x13
 1277 012f 00       		.byte	0
 1278 0130 00       		.byte	0
ARM GAS  C:\Users\jupac\AppData\Local\Temp\ccAAy4F9.s 			page 26


 1279 0131 17       		.uleb128 0x17
 1280 0132 01       		.uleb128 0x1
 1281 0133 01       		.byte	0x1
 1282 0134 49       		.uleb128 0x49
 1283 0135 13       		.uleb128 0x13
 1284 0136 01       		.uleb128 0x1
 1285 0137 13       		.uleb128 0x13
 1286 0138 00       		.byte	0
 1287 0139 00       		.byte	0
 1288 013a 18       		.uleb128 0x18
 1289 013b 21       		.uleb128 0x21
 1290 013c 00       		.byte	0
 1291 013d 49       		.uleb128 0x49
 1292 013e 13       		.uleb128 0x13
 1293 013f 2F       		.uleb128 0x2f
 1294 0140 0B       		.uleb128 0xb
 1295 0141 00       		.byte	0
 1296 0142 00       		.byte	0
 1297 0143 19       		.uleb128 0x19
 1298 0144 34       		.uleb128 0x34
 1299 0145 00       		.byte	0
 1300 0146 03       		.uleb128 0x3
 1301 0147 0E       		.uleb128 0xe
 1302 0148 3A       		.uleb128 0x3a
 1303 0149 0B       		.uleb128 0xb
 1304 014a 3B       		.uleb128 0x3b
 1305 014b 0B       		.uleb128 0xb
 1306 014c 49       		.uleb128 0x49
 1307 014d 13       		.uleb128 0x13
 1308 014e 3F       		.uleb128 0x3f
 1309 014f 19       		.uleb128 0x19
 1310 0150 02       		.uleb128 0x2
 1311 0151 18       		.uleb128 0x18
 1312 0152 00       		.byte	0
 1313 0153 00       		.byte	0
 1314 0154 1A       		.uleb128 0x1a
 1315 0155 26       		.uleb128 0x26
 1316 0156 00       		.byte	0
 1317 0157 49       		.uleb128 0x49
 1318 0158 13       		.uleb128 0x13
 1319 0159 00       		.byte	0
 1320 015a 00       		.byte	0
 1321 015b 1B       		.uleb128 0x1b
 1322 015c 2E       		.uleb128 0x2e
 1323 015d 00       		.byte	0
 1324 015e 3F       		.uleb128 0x3f
 1325 015f 19       		.uleb128 0x19
 1326 0160 3C       		.uleb128 0x3c
 1327 0161 19       		.uleb128 0x19
 1328 0162 6E       		.uleb128 0x6e
 1329 0163 0E       		.uleb128 0xe
 1330 0164 03       		.uleb128 0x3
 1331 0165 0E       		.uleb128 0xe
 1332 0166 3A       		.uleb128 0x3a
 1333 0167 0B       		.uleb128 0xb
 1334 0168 3B       		.uleb128 0x3b
 1335 0169 05       		.uleb128 0x5
ARM GAS  C:\Users\jupac\AppData\Local\Temp\ccAAy4F9.s 			page 27


 1336 016a 00       		.byte	0
 1337 016b 00       		.byte	0
 1338 016c 1C       		.uleb128 0x1c
 1339 016d 2E       		.uleb128 0x2e
 1340 016e 00       		.byte	0
 1341 016f 3F       		.uleb128 0x3f
 1342 0170 19       		.uleb128 0x19
 1343 0171 3C       		.uleb128 0x3c
 1344 0172 19       		.uleb128 0x19
 1345 0173 6E       		.uleb128 0x6e
 1346 0174 0E       		.uleb128 0xe
 1347 0175 03       		.uleb128 0x3
 1348 0176 0E       		.uleb128 0xe
 1349 0177 3A       		.uleb128 0x3a
 1350 0178 0B       		.uleb128 0xb
 1351 0179 3B       		.uleb128 0x3b
 1352 017a 0B       		.uleb128 0xb
 1353 017b 00       		.byte	0
 1354 017c 00       		.byte	0
 1355 017d 1D       		.uleb128 0x1d
 1356 017e 2E       		.uleb128 0x2e
 1357 017f 00       		.byte	0
 1358 0180 3F       		.uleb128 0x3f
 1359 0181 19       		.uleb128 0x19
 1360 0182 3C       		.uleb128 0x3c
 1361 0183 19       		.uleb128 0x19
 1362 0184 6E       		.uleb128 0x6e
 1363 0185 0E       		.uleb128 0xe
 1364 0186 03       		.uleb128 0x3
 1365 0187 0E       		.uleb128 0xe
 1366 0188 00       		.byte	0
 1367 0189 00       		.byte	0
 1368 018a 00       		.byte	0
 1369              		.section	.debug_loc,"",%progbits
 1370              	.Ldebug_loc0:
 1371              	.LLST0:
 1372 0000 00000000 		.4byte	.LVL0
 1373 0004 0E000000 		.4byte	.LVL1
 1374 0008 0100     		.2byte	0x1
 1375 000a 50       		.byte	0x50
 1376 000b 0E000000 		.4byte	.LVL1
 1377 000f 14000000 		.4byte	.LVL3
 1378 0013 0400     		.2byte	0x4
 1379 0015 F3       		.byte	0xf3
 1380 0016 01       		.uleb128 0x1
 1381 0017 50       		.byte	0x50
 1382 0018 9F       		.byte	0x9f
 1383 0019 14000000 		.4byte	.LVL3
 1384 001d 20000000 		.4byte	.LVL5
 1385 0021 0100     		.2byte	0x1
 1386 0023 50       		.byte	0x50
 1387 0024 20000000 		.4byte	.LVL5
 1388 0028 3C000000 		.4byte	.LFE36
 1389 002c 0400     		.2byte	0x4
 1390 002e F3       		.byte	0xf3
 1391 002f 01       		.uleb128 0x1
 1392 0030 50       		.byte	0x50
ARM GAS  C:\Users\jupac\AppData\Local\Temp\ccAAy4F9.s 			page 28


 1393 0031 9F       		.byte	0x9f
 1394 0032 00000000 		.4byte	0
 1395 0036 00000000 		.4byte	0
 1396              	.LLST1:
 1397 003a 00000000 		.4byte	.LVL0
 1398 003e 11000000 		.4byte	.LVL2-1
 1399 0042 0100     		.2byte	0x1
 1400 0044 51       		.byte	0x51
 1401 0045 11000000 		.4byte	.LVL2-1
 1402 0049 14000000 		.4byte	.LVL3
 1403 004d 0400     		.2byte	0x4
 1404 004f F3       		.byte	0xf3
 1405 0050 01       		.uleb128 0x1
 1406 0051 51       		.byte	0x51
 1407 0052 9F       		.byte	0x9f
 1408 0053 14000000 		.4byte	.LVL3
 1409 0057 1C000000 		.4byte	.LVL4
 1410 005b 0100     		.2byte	0x1
 1411 005d 51       		.byte	0x51
 1412 005e 1C000000 		.4byte	.LVL4
 1413 0062 3C000000 		.4byte	.LFE36
 1414 0066 0400     		.2byte	0x4
 1415 0068 F3       		.byte	0xf3
 1416 0069 01       		.uleb128 0x1
 1417 006a 51       		.byte	0x51
 1418 006b 9F       		.byte	0x9f
 1419 006c 00000000 		.4byte	0
 1420 0070 00000000 		.4byte	0
 1421              	.LLST2:
 1422 0074 14000000 		.4byte	.LVL3
 1423 0078 1C000000 		.4byte	.LVL4
 1424 007c 0100     		.2byte	0x1
 1425 007e 51       		.byte	0x51
 1426 007f 1C000000 		.4byte	.LVL4
 1427 0083 30000000 		.4byte	.LVL7
 1428 0087 0400     		.2byte	0x4
 1429 0089 F3       		.byte	0xf3
 1430 008a 01       		.uleb128 0x1
 1431 008b 51       		.byte	0x51
 1432 008c 9F       		.byte	0x9f
 1433 008d 00000000 		.4byte	0
 1434 0091 00000000 		.4byte	0
 1435              		.section	.debug_aranges,"",%progbits
 1436 0000 24000000 		.4byte	0x24
 1437 0004 0200     		.2byte	0x2
 1438 0006 00000000 		.4byte	.Ldebug_info0
 1439 000a 04       		.byte	0x4
 1440 000b 00       		.byte	0
 1441 000c 0000     		.2byte	0
 1442 000e 0000     		.2byte	0
 1443 0010 00000000 		.4byte	.LFB36
 1444 0014 3C000000 		.4byte	.LFE36-.LFB36
 1445 0018 00000000 		.4byte	.LFB37
 1446 001c 58000000 		.4byte	.LFE37-.LFB37
 1447 0020 00000000 		.4byte	0
 1448 0024 00000000 		.4byte	0
 1449              		.section	.debug_ranges,"",%progbits
ARM GAS  C:\Users\jupac\AppData\Local\Temp\ccAAy4F9.s 			page 29


 1450              	.Ldebug_ranges0:
 1451 0000 00000000 		.4byte	.LFB36
 1452 0004 3C000000 		.4byte	.LFE36
 1453 0008 00000000 		.4byte	.LFB37
 1454 000c 58000000 		.4byte	.LFE37
 1455 0010 00000000 		.4byte	0
 1456 0014 00000000 		.4byte	0
 1457              		.section	.debug_line,"",%progbits
 1458              	.Ldebug_line0:
 1459 0000 3D020000 		.section	.debug_str,"MS",%progbits,1
 1459      0200FD01 
 1459      00000201 
 1459      FB0E0D00 
 1459      01010101 
 1460              	.LASF85:
 1461 0000 4359424C 		.ascii	"CYBLE_EVT_L2CAP_CBFC_RX_CREDIT_IND\000"
 1461      455F4556 
 1461      545F4C32 
 1461      4341505F 
 1461      43424643 
 1462              	.LASF26:
 1463 0023 4359424C 		.ascii	"CYBLE_EVT_STACK_BUSY_STATUS\000"
 1463      455F4556 
 1463      545F5354 
 1463      41434B5F 
 1463      42555359 
 1464              	.LASF84:
 1465 003f 4359424C 		.ascii	"CYBLE_EVT_L2CAP_CBFC_DATA_READ\000"
 1465      455F4556 
 1465      545F4C32 
 1465      4341505F 
 1465      43424643 
 1466              	.LASF109:
 1467 005e 5072696E 		.ascii	"PrintBuffer\000"
 1467      74427566 
 1467      66657200 
 1468              	.LASF97:
 1469 006a 4359424C 		.ascii	"CYBLE_GAPC_SCAN_RSP\000"
 1469      455F4741 
 1469      50435F53 
 1469      43414E5F 
 1469      52535000 
 1470              	.LASF38:
 1471 007e 4359424C 		.ascii	"CYBLE_EVT_GAP_CONNECTION_UPDATE_COMPLETE\000"
 1471      455F4556 
 1471      545F4741 
 1471      505F434F 
 1471      4E4E4543 
 1472              	.LASF83:
 1473 00a7 4359424C 		.ascii	"CYBLE_EVT_L2CAP_CBFC_DISCONN_CNF\000"
 1473      455F4556 
 1473      545F4C32 
 1473      4341505F 
 1473      43424643 
 1474              	.LASF43:
 1475 00c8 4359424C 		.ascii	"CYBLE_EVT_GAP_OOB_GENERATED_NOTIFICATION\000"
 1475      455F4556 
ARM GAS  C:\Users\jupac\AppData\Local\Temp\ccAAy4F9.s 			page 30


 1475      545F4741 
 1475      505F4F4F 
 1475      425F4745 
 1476              	.LASF63:
 1477 00f1 4359424C 		.ascii	"CYBLE_EVT_GATTC_READ_MULTI_RSP\000"
 1477      455F4556 
 1477      545F4741 
 1477      5454435F 
 1477      52454144 
 1478              	.LASF3:
 1479 0110 5F5F7569 		.ascii	"__uint8_t\000"
 1479      6E74385F 
 1479      7400
 1480              	.LASF23:
 1481 011a 4359424C 		.ascii	"CYBLE_EVT_TIMEOUT\000"
 1481      455F4556 
 1481      545F5449 
 1481      4D454F55 
 1481      5400
 1482              	.LASF6:
 1483 012c 6C6F6E67 		.ascii	"long int\000"
 1483      20696E74 
 1483      00
 1484              	.LASF124:
 1485 0135 474E5520 		.ascii	"GNU C11 5.4.1 20160609 (release) [ARM/embedded-5-br"
 1485      43313120 
 1485      352E342E 
 1485      31203230 
 1485      31363036 
 1486 0168 616E6368 		.ascii	"anch revision 237715] -mcpu=cortex-m0 -mthumb -g -O"
 1486      20726576 
 1486      6973696F 
 1486      6E203233 
 1486      37373135 
 1487 019b 67202D66 		.ascii	"g -ffunction-sections -ffat-lto-objects\000"
 1487      66756E63 
 1487      74696F6E 
 1487      2D736563 
 1487      74696F6E 
 1488              	.LASF9:
 1489 01c3 6C6F6E67 		.ascii	"long long unsigned int\000"
 1489      206C6F6E 
 1489      6720756E 
 1489      7369676E 
 1489      65642069 
 1490              	.LASF25:
 1491 01da 4359424C 		.ascii	"CYBLE_EVT_HCI_STATUS\000"
 1491      455F4556 
 1491      545F4843 
 1491      495F5354 
 1491      41545553 
 1492              	.LASF119:
 1493 01ef 55415254 		.ascii	"UART_Start\000"
 1493      5F537461 
 1493      727400
 1494              	.LASF103:
 1495 01fa 64617461 		.ascii	"data\000"
ARM GAS  C:\Users\jupac\AppData\Local\Temp\ccAAy4F9.s 			page 31


 1495      00
 1496              	.LASF88:
 1497 01ff 4359424C 		.ascii	"CYBLE_EVT_PENDING_FLASH_WRITE\000"
 1497      455F4556 
 1497      545F5045 
 1497      4E44494E 
 1497      475F464C 
 1498              	.LASF77:
 1499 021d 4359424C 		.ascii	"CYBLE_EVT_L2CAP_CONN_PARAM_UPDATE_REQ\000"
 1499      455F4556 
 1499      545F4C32 
 1499      4341505F 
 1499      434F4E4E 
 1500              	.LASF37:
 1501 0243 4359424C 		.ascii	"CYBLE_EVT_GAP_ENCRYPT_CHANGE\000"
 1501      455F4556 
 1501      545F4741 
 1501      505F454E 
 1501      43525950 
 1502              	.LASF41:
 1503 0260 4359424C 		.ascii	"CYBLE_EVT_GAP_NUMERIC_COMPARISON_REQUEST\000"
 1503      455F4556 
 1503      545F4741 
 1503      505F4E55 
 1503      4D455249 
 1504              	.LASF8:
 1505 0289 6C6F6E67 		.ascii	"long long int\000"
 1505      206C6F6E 
 1505      6720696E 
 1505      7400
 1506              	.LASF0:
 1507 0297 7369676E 		.ascii	"signed char\000"
 1507      65642063 
 1507      68617200 
 1508              	.LASF22:
 1509 02a3 4359424C 		.ascii	"CYBLE_EVT_STACK_ON\000"
 1509      455F4556 
 1509      545F5354 
 1509      41434B5F 
 1509      4F4E00
 1510              	.LASF39:
 1511 02b6 4359424C 		.ascii	"CYBLE_EVT_GAPC_SCAN_START_STOP\000"
 1511      455F4556 
 1511      545F4741 
 1511      50435F53 
 1511      43414E5F 
 1512              	.LASF29:
 1513 02d5 4359424C 		.ascii	"CYBLE_EVT_GAP_AUTH_REQ\000"
 1513      455F4556 
 1513      545F4741 
 1513      505F4155 
 1513      54485F52 
 1514              	.LASF61:
 1515 02ec 4359424C 		.ascii	"CYBLE_EVT_GATTC_READ_RSP\000"
 1515      455F4556 
 1515      545F4741 
 1515      5454435F 
ARM GAS  C:\Users\jupac\AppData\Local\Temp\ccAAy4F9.s 			page 32


 1515      52454144 
 1516              	.LASF66:
 1517 0305 4359424C 		.ascii	"CYBLE_EVT_GATTS_WRITE_CMD_REQ\000"
 1517      455F4556 
 1517      545F4741 
 1517      5454535F 
 1517      57524954 
 1518              	.LASF34:
 1519 0323 4359424C 		.ascii	"CYBLE_EVT_GAPP_ADVERTISEMENT_START_STOP\000"
 1519      455F4556 
 1519      545F4741 
 1519      50505F41 
 1519      44564552 
 1520              	.LASF13:
 1521 034b 75696E74 		.ascii	"uint8\000"
 1521      3800
 1522              	.LASF101:
 1523 0351 70656572 		.ascii	"peerBdAddr\000"
 1523      42644164 
 1523      647200
 1524              	.LASF69:
 1525 035c 4359424C 		.ascii	"CYBLE_EVT_GATTC_EXEC_WRITE_RSP\000"
 1525      455F4556 
 1525      545F4741 
 1525      5454435F 
 1525      45584543 
 1526              	.LASF17:
 1527 037b 646F7562 		.ascii	"double\000"
 1527      6C6500
 1528              	.LASF14:
 1529 0382 75696E74 		.ascii	"uint32\000"
 1529      333200
 1530              	.LASF92:
 1531 0389 4359424C 		.ascii	"CYBLE_EVT_MAX\000"
 1531      455F4556 
 1531      545F4D41 
 1531      5800
 1532              	.LASF102:
 1533 0397 64617461 		.ascii	"dataLen\000"
 1533      4C656E00 
 1534              	.LASF87:
 1535 039f 4359424C 		.ascii	"CYBLE_EVT_L2CAP_CBFC_DATA_WRITE_IND\000"
 1535      455F4556 
 1535      545F4C32 
 1535      4341505F 
 1535      43424643 
 1536              	.LASF49:
 1537 03c3 4359424C 		.ascii	"CYBLE_EVT_GAP_SCAN_REQ_RECVD\000"
 1537      455F4556 
 1537      545F4741 
 1537      505F5343 
 1537      414E5F52 
 1538              	.LASF94:
 1539 03e0 4359424C 		.ascii	"CYBLE_GAPC_CONN_DIRECTED_ADV\000"
 1539      455F4741 
 1539      50435F43 
 1539      4F4E4E5F 
ARM GAS  C:\Users\jupac\AppData\Local\Temp\ccAAy4F9.s 			page 33


 1539      44495245 
 1540              	.LASF74:
 1541 03fd 4359424C 		.ascii	"CYBLE_EVT_GATTC_STOP_CMD_COMPLETE\000"
 1541      455F4556 
 1541      545F4741 
 1541      5454435F 
 1541      53544F50 
 1542              	.LASF10:
 1543 041f 756E7369 		.ascii	"unsigned int\000"
 1543      676E6564 
 1543      20696E74 
 1543      00
 1544              	.LASF89:
 1545 042c 4359424C 		.ascii	"CYBLE_EVT_LE_PING_AUTH_TIMEOUT\000"
 1545      455F4556 
 1545      545F4C45 
 1545      5F50494E 
 1545      475F4155 
 1546              	.LASF12:
 1547 044b 75696E74 		.ascii	"uint16_t\000"
 1547      31365F74 
 1547      00
 1548              	.LASF7:
 1549 0454 6C6F6E67 		.ascii	"long unsigned int\000"
 1549      20756E73 
 1549      69676E65 
 1549      6420696E 
 1549      7400
 1550              	.LASF48:
 1551 0466 4359424C 		.ascii	"CYBLE_EVT_GAP_CONN_ESTB\000"
 1551      455F4556 
 1551      545F4741 
 1551      505F434F 
 1551      4E4E5F45 
 1552              	.LASF64:
 1553 047e 4359424C 		.ascii	"CYBLE_EVT_GATTS_WRITE_REQ\000"
 1553      455F4556 
 1553      545F4741 
 1553      5454535F 
 1553      57524954 
 1554              	.LASF56:
 1555 0498 4359424C 		.ascii	"CYBLE_EVT_GATTC_XCHNG_MTU_RSP\000"
 1555      455F4556 
 1555      545F4741 
 1555      5454435F 
 1555      5843484E 
 1556              	.LASF73:
 1557 04b6 4359424C 		.ascii	"CYBLE_EVT_GATTS_DATA_SIGNED_CMD_REQ\000"
 1557      455F4556 
 1557      545F4741 
 1557      5454535F 
 1557      44415441 
 1558              	.LASF76:
 1559 04da 4359424C 		.ascii	"CYBLE_EVT_GATTC_LONG_PROCEDURE_END\000"
 1559      455F4556 
 1559      545F4741 
 1559      5454435F 
ARM GAS  C:\Users\jupac\AppData\Local\Temp\ccAAy4F9.s 			page 34


 1559      4C4F4E47 
 1560              	.LASF106:
 1561 04fd 6576656E 		.ascii	"event\000"
 1561      7400
 1562              	.LASF5:
 1563 0503 73686F72 		.ascii	"short unsigned int\000"
 1563      7420756E 
 1563      7369676E 
 1563      65642069 
 1563      6E7400
 1564              	.LASF21:
 1565 0516 4359424C 		.ascii	"CYBLE_EVT_HOST_INVALID\000"
 1565      455F4556 
 1565      545F484F 
 1565      53545F49 
 1565      4E56414C 
 1566              	.LASF59:
 1567 052d 4359424C 		.ascii	"CYBLE_EVT_GATTC_FIND_INFO_RSP\000"
 1567      455F4556 
 1567      545F4741 
 1567      5454435F 
 1567      46494E44 
 1568              	.LASF27:
 1569 054b 4359424C 		.ascii	"CYBLE_EVT_MEMORY_REQUEST\000"
 1569      455F4556 
 1569      545F4D45 
 1569      4D4F5259 
 1569      5F524551 
 1570              	.LASF15:
 1571 0564 696E7438 		.ascii	"int8\000"
 1571      00
 1572              	.LASF68:
 1573 0569 4359424C 		.ascii	"CYBLE_EVT_GATTS_EXEC_WRITE_REQ\000"
 1573      455F4556 
 1573      545F4741 
 1573      5454535F 
 1573      45584543 
 1574              	.LASF30:
 1575 0588 4359424C 		.ascii	"CYBLE_EVT_GAP_PASSKEY_ENTRY_REQUEST\000"
 1575      455F4556 
 1575      545F4741 
 1575      505F5041 
 1575      53534B45 
 1576              	.LASF35:
 1577 05ac 4359424C 		.ascii	"CYBLE_EVT_GAP_DEVICE_CONNECTED\000"
 1577      455F4556 
 1577      545F4741 
 1577      505F4445 
 1577      56494345 
 1578              	.LASF125:
 1579 05cb 6D61696E 		.ascii	"main.c\000"
 1579      2E6300
 1580              	.LASF50:
 1581 05d2 4359424C 		.ascii	"CYBLE_EVT_GAP_AUTH_REQ_REPLY_ERR\000"
 1581      455F4556 
 1581      545F4741 
 1581      505F4155 
ARM GAS  C:\Users\jupac\AppData\Local\Temp\ccAAy4F9.s 			page 35


 1581      54485F52 
 1582              	.LASF118:
 1583 05f3 4379426C 		.ascii	"CyBle_Start\000"
 1583      655F5374 
 1583      61727400 
 1584              	.LASF31:
 1585 05ff 4359424C 		.ascii	"CYBLE_EVT_GAP_PASSKEY_DISPLAY_REQUEST\000"
 1585      455F4556 
 1585      545F4741 
 1585      505F5041 
 1585      53534B45 
 1586              	.LASF53:
 1587 0625 4359424C 		.ascii	"CYBLE_EVT_GATT_CONNECT_IND\000"
 1587      455F4556 
 1587      545F4741 
 1587      54545F43 
 1587      4F4E4E45 
 1588              	.LASF79:
 1589 0640 4359424C 		.ascii	"CYBLE_EVT_L2CAP_COMMAND_REJ\000"
 1589      455F4556 
 1589      545F4C32 
 1589      4341505F 
 1589      434F4D4D 
 1590              	.LASF28:
 1591 065c 4359424C 		.ascii	"CYBLE_EVT_GAPC_SCAN_PROGRESS_RESULT\000"
 1591      455F4556 
 1591      545F4741 
 1591      50435F53 
 1591      43414E5F 
 1592              	.LASF96:
 1593 0680 4359424C 		.ascii	"CYBLE_GAPC_NON_CONN_UNDIRECTED_ADV\000"
 1593      455F4741 
 1593      50435F4E 
 1593      4F4E5F43 
 1593      4F4E4E5F 
 1594              	.LASF51:
 1595 06a3 4359424C 		.ascii	"CYBLE_EVT_GAP_SMP_LOC_P256_KEYS_GEN_AND_SET_COMPLET"
 1595      455F4556 
 1595      545F4741 
 1595      505F534D 
 1595      505F4C4F 
 1596 06d6 4500     		.ascii	"E\000"
 1597              	.LASF80:
 1598 06d8 4359424C 		.ascii	"CYBLE_EVT_L2CAP_CBFC_CONN_IND\000"
 1598      455F4556 
 1598      545F4C32 
 1598      4341505F 
 1598      43424643 
 1599              	.LASF58:
 1600 06f6 4359424C 		.ascii	"CYBLE_EVT_GATTC_READ_BY_TYPE_RSP\000"
 1600      455F4556 
 1600      545F4741 
 1600      5454435F 
 1600      52454144 
 1601              	.LASF20:
 1602 0717 73697A65 		.ascii	"sizetype\000"
 1602      74797065 
ARM GAS  C:\Users\jupac\AppData\Local\Temp\ccAAy4F9.s 			page 36


 1602      00
 1603              	.LASF33:
 1604 0720 4359424C 		.ascii	"CYBLE_EVT_GAP_AUTH_FAILED\000"
 1604      455F4556 
 1604      545F4741 
 1604      505F4155 
 1604      54485F46 
 1605              	.LASF65:
 1606 073a 4359424C 		.ascii	"CYBLE_EVT_GATTC_WRITE_RSP\000"
 1606      455F4556 
 1606      545F4741 
 1606      5454435F 
 1606      57524954 
 1607              	.LASF127:
 1608 0754 41707043 		.ascii	"AppCallBack\000"
 1608      616C6C42 
 1608      61636B00 
 1609              	.LASF46:
 1610 0760 4359424C 		.ascii	"CYBLE_EVT_GAPC_DIRECT_ADV_REPORT\000"
 1610      455F4556 
 1610      545F4741 
 1610      50435F44 
 1610      49524543 
 1611              	.LASF44:
 1612 0781 4359424C 		.ascii	"CYBLE_EVT_GAP_DATA_LENGTH_CHANGE\000"
 1612      455F4556 
 1612      545F4741 
 1612      505F4441 
 1612      54415F4C 
 1613              	.LASF121:
 1614 07a2 4379426C 		.ascii	"CyBle_ProcessEvents\000"
 1614      655F5072 
 1614      6F636573 
 1614      73457665 
 1614      6E747300 
 1615              	.LASF32:
 1616 07b6 4359424C 		.ascii	"CYBLE_EVT_GAP_AUTH_COMPLETE\000"
 1616      455F4556 
 1616      545F4741 
 1616      505F4155 
 1616      54485F43 
 1617              	.LASF111:
 1618 07d2 64617461 		.ascii	"databeacon\000"
 1618      62656163 
 1618      6F6E00
 1619              	.LASF70:
 1620 07dd 4359424C 		.ascii	"CYBLE_EVT_GATTC_HANDLE_VALUE_NTF\000"
 1620      455F4556 
 1620      545F4741 
 1620      5454435F 
 1620      48414E44 
 1621              	.LASF126:
 1622 07fe 433A5C55 		.ascii	"C:\\Users\\jupac\\Documents\\Telecofinal\\EntregaTF"
 1622      73657273 
 1622      5C6A7570 
 1622      61635C44 
 1622      6F63756D 
ARM GAS  C:\Users\jupac\AppData\Local\Temp\ccAAy4F9.s 			page 37


 1623 082c 475F4A75 		.ascii	"G_JuanPabloCanoLopez\\Proyecto_Programado\\Workspac"
 1623      616E5061 
 1623      626C6F43 
 1623      616E6F4C 
 1623      6F70657A 
 1624 085d 6550315C 		.ascii	"eP1\\Scan.cydsn\000"
 1624      5363616E 
 1624      2E637964 
 1624      736E00
 1625              	.LASF98:
 1626 086c 4359424C 		.ascii	"CYBLE_GAPC_ADV_EVENT_T\000"
 1626      455F4741 
 1626      50435F41 
 1626      44565F45 
 1626      56454E54 
 1627              	.LASF81:
 1628 0883 4359424C 		.ascii	"CYBLE_EVT_L2CAP_CBFC_CONN_CNF\000"
 1628      455F4556 
 1628      545F4C32 
 1628      4341505F 
 1628      43424643 
 1629              	.LASF57:
 1630 08a1 4359424C 		.ascii	"CYBLE_EVT_GATTC_READ_BY_GROUP_TYPE_RSP\000"
 1630      455F4556 
 1630      545F4741 
 1630      5454435F 
 1630      52454144 
 1631              	.LASF100:
 1632 08c8 70656572 		.ascii	"peerAddrType\000"
 1632      41646472 
 1632      54797065 
 1632      00
 1633              	.LASF16:
 1634 08d5 666C6F61 		.ascii	"float\000"
 1634      7400
 1635              	.LASF113:
 1636 08db 48454144 		.ascii	"HEADER_AND_UUID_BEACONX\000"
 1636      45525F41 
 1636      4E445F55 
 1636      5549445F 
 1636      42454143 
 1637              	.LASF114:
 1638 08f3 48454144 		.ascii	"HEADER_AND_UUID_BEACONY\000"
 1638      45525F41 
 1638      4E445F55 
 1638      5549445F 
 1638      42454143 
 1639              	.LASF115:
 1640 090b 48454144 		.ascii	"HEADER_AND_UUID_BEACONZ\000"
 1640      45525F41 
 1640      4E445F55 
 1640      5549445F 
 1640      42454143 
 1641              	.LASF1:
 1642 0923 756E7369 		.ascii	"unsigned char\000"
 1642      676E6564 
 1642      20636861 
ARM GAS  C:\Users\jupac\AppData\Local\Temp\ccAAy4F9.s 			page 38


 1642      7200
 1643              	.LASF42:
 1644 0931 4359424C 		.ascii	"CYBLE_EVT_GAP_KEYPRESS_NOTIFICATION\000"
 1644      455F4556 
 1644      545F4741 
 1644      505F4B45 
 1644      59505245 
 1645              	.LASF2:
 1646 0955 73686F72 		.ascii	"short int\000"
 1646      7420696E 
 1646      7400
 1647              	.LASF110:
 1648 095f 636F6E74 		.ascii	"contador\000"
 1648      61646F72 
 1648      00
 1649              	.LASF71:
 1650 0968 4359424C 		.ascii	"CYBLE_EVT_GATTC_HANDLE_VALUE_IND\000"
 1650      455F4556 
 1650      545F4741 
 1650      5454435F 
 1650      48414E44 
 1651              	.LASF90:
 1652 0989 4359424C 		.ascii	"CYBLE_EVT_HCI_PKT\000"
 1652      455F4556 
 1652      545F4843 
 1652      495F504B 
 1652      5400
 1653              	.LASF67:
 1654 099b 4359424C 		.ascii	"CYBLE_EVT_GATTS_PREP_WRITE_REQ\000"
 1654      455F4556 
 1654      545F4741 
 1654      5454535F 
 1654      50524550 
 1655              	.LASF72:
 1656 09ba 4359424C 		.ascii	"CYBLE_EVT_GATTS_HANDLE_VALUE_CNF\000"
 1656      455F4556 
 1656      545F4741 
 1656      5454535F 
 1656      48414E44 
 1657              	.LASF52:
 1658 09db 4359424C 		.ascii	"CYBLE_EVT_GATTC_ERROR_RSP\000"
 1658      455F4556 
 1658      545F4741 
 1658      5454435F 
 1658      4552524F 
 1659              	.LASF47:
 1660 09f5 4359424C 		.ascii	"CYBLE_EVT_GAP_SMP_NEGOTIATED_AUTH_INFO\000"
 1660      455F4556 
 1660      545F4741 
 1660      505F534D 
 1660      505F4E45 
 1661              	.LASF108:
 1662 0a1c 61647652 		.ascii	"advReport\000"
 1662      65706F72 
 1662      7400
 1663              	.LASF19:
 1664 0a26 6C6F6E67 		.ascii	"long double\000"
ARM GAS  C:\Users\jupac\AppData\Local\Temp\ccAAy4F9.s 			page 39


 1664      20646F75 
 1664      626C6500 
 1665              	.LASF91:
 1666 0a32 4359424C 		.ascii	"CYBLE_EVT_FLASH_CORRUPT\000"
 1666      455F4556 
 1666      545F464C 
 1666      4153485F 
 1666      434F5252 
 1667              	.LASF18:
 1668 0a4a 63686172 		.ascii	"char\000"
 1668      00
 1669              	.LASF36:
 1670 0a4f 4359424C 		.ascii	"CYBLE_EVT_GAP_DEVICE_DISCONNECTED\000"
 1670      455F4556 
 1670      545F4741 
 1670      505F4445 
 1670      56494345 
 1671              	.LASF4:
 1672 0a71 5F5F7569 		.ascii	"__uint16_t\000"
 1672      6E743136 
 1672      5F7400
 1673              	.LASF75:
 1674 0a7c 4359424C 		.ascii	"CYBLE_EVT_GATTS_READ_CHAR_VAL_ACCESS_REQ\000"
 1674      455F4556 
 1674      545F4741 
 1674      5454535F 
 1674      52454144 
 1675              	.LASF112:
 1676 0aa5 42454143 		.ascii	"BEACON_LENGHT\000"
 1676      4F4E5F4C 
 1676      454E4748 
 1676      5400
 1677              	.LASF86:
 1678 0ab3 4359424C 		.ascii	"CYBLE_EVT_L2CAP_CBFC_TX_CREDIT_IND\000"
 1678      455F4556 
 1678      545F4C32 
 1678      4341505F 
 1678      43424643 
 1679              	.LASF62:
 1680 0ad6 4359424C 		.ascii	"CYBLE_EVT_GATTC_READ_BLOB_RSP\000"
 1680      455F4556 
 1680      545F4741 
 1680      5454435F 
 1680      52454144 
 1681              	.LASF117:
 1682 0af4 6D656D63 		.ascii	"memcmp\000"
 1682      6D7000
 1683              	.LASF24:
 1684 0afb 4359424C 		.ascii	"CYBLE_EVT_HARDWARE_ERROR\000"
 1684      455F4556 
 1684      545F4841 
 1684      52445741 
 1684      52455F45 
 1685              	.LASF105:
 1686 0b14 4359424C 		.ascii	"CYBLE_GAPC_ADV_REPORT_T\000"
 1686      455F4741 
 1686      50435F41 
ARM GAS  C:\Users\jupac\AppData\Local\Temp\ccAAy4F9.s 			page 40


 1686      44565F52 
 1686      45504F52 
 1687              	.LASF123:
 1688 0b2c 736E7072 		.ascii	"snprintf\000"
 1688      696E7466 
 1688      00
 1689              	.LASF55:
 1690 0b35 4359424C 		.ascii	"CYBLE_EVT_GATTS_XCNHG_MTU_REQ\000"
 1690      455F4556 
 1690      545F4741 
 1690      5454535F 
 1690      58434E48 
 1691              	.LASF129:
 1692 0b53 6D656D73 		.ascii	"memset\000"
 1692      657400
 1693              	.LASF107:
 1694 0b5a 6576656E 		.ascii	"eventParam\000"
 1694      74506172 
 1694      616D00
 1695              	.LASF122:
 1696 0b65 42555454 		.ascii	"BUTTON_Read\000"
 1696      4F4E5F52 
 1696      65616400 
 1697              	.LASF95:
 1698 0b71 4359424C 		.ascii	"CYBLE_GAPC_SCAN_UNDIRECTED_ADV\000"
 1698      455F4741 
 1698      50435F53 
 1698      43414E5F 
 1698      554E4449 
 1699              	.LASF11:
 1700 0b90 75696E74 		.ascii	"uint8_t\000"
 1700      385F7400 
 1701              	.LASF116:
 1702 0b98 4379426C 		.ascii	"CyBle_GapcStartScan\000"
 1702      655F4761 
 1702      70635374 
 1702      61727453 
 1702      63616E00 
 1703              	.LASF120:
 1704 0bac 55415254 		.ascii	"UART_PutString\000"
 1704      5F507574 
 1704      53747269 
 1704      6E6700
 1705              	.LASF60:
 1706 0bbb 4359424C 		.ascii	"CYBLE_EVT_GATTC_FIND_BY_TYPE_VALUE_RSP\000"
 1706      455F4556 
 1706      545F4741 
 1706      5454435F 
 1706      46494E44 
 1707              	.LASF40:
 1708 0be2 4359424C 		.ascii	"CYBLE_EVT_GAP_KEYINFO_EXCHNGE_CMPLT\000"
 1708      455F4556 
 1708      545F4741 
 1708      505F4B45 
 1708      59494E46 
 1709              	.LASF99:
 1710 0c06 6576656E 		.ascii	"eventType\000"
ARM GAS  C:\Users\jupac\AppData\Local\Temp\ccAAy4F9.s 			page 41


 1710      74547970 
 1710      6500
 1711              	.LASF82:
 1712 0c10 4359424C 		.ascii	"CYBLE_EVT_L2CAP_CBFC_DISCONN_IND\000"
 1712      455F4556 
 1712      545F4C32 
 1712      4341505F 
 1712      43424643 
 1713              	.LASF104:
 1714 0c31 72737369 		.ascii	"rssi\000"
 1714      00
 1715              	.LASF78:
 1716 0c36 4359424C 		.ascii	"CYBLE_EVT_L2CAP_CONN_PARAM_UPDATE_RSP\000"
 1716      455F4556 
 1716      545F4C32 
 1716      4341505F 
 1716      434F4E4E 
 1717              	.LASF128:
 1718 0c5c 6D61696E 		.ascii	"main\000"
 1718      00
 1719              	.LASF45:
 1720 0c61 4359424C 		.ascii	"CYBLE_EVT_GAP_ENHANCE_CONN_COMPLETE\000"
 1720      455F4556 
 1720      545F4741 
 1720      505F454E 
 1720      48414E43 
 1721              	.LASF54:
 1722 0c85 4359424C 		.ascii	"CYBLE_EVT_GATT_DISCONNECT_IND\000"
 1722      455F4556 
 1722      545F4741 
 1722      54545F44 
 1722      4953434F 
 1723              	.LASF93:
 1724 0ca3 4359424C 		.ascii	"CYBLE_GAPC_CONN_UNDIRECTED_ADV\000"
 1724      455F4741 
 1724      50435F43 
 1724      4F4E4E5F 
 1724      554E4449 
 1725              		.ident	"GCC: (GNU Tools for ARM Embedded Processors) 5.4.1 20160609 (release) [ARM/embedded-5-bran
