ARM GAS  C:\Users\jupac\AppData\Local\Temp\ccfYsui9.s 			page 1


   1              		.syntax unified
   2              		.cpu cortex-m0
   3              		.fpu softvfp
   4              		.eabi_attribute 20, 1
   5              		.eabi_attribute 21, 1
   6              		.eabi_attribute 23, 3
   7              		.eabi_attribute 24, 1
   8              		.eabi_attribute 25, 1
   9              		.eabi_attribute 26, 1
  10              		.eabi_attribute 30, 1
  11              		.eabi_attribute 34, 0
  12              		.eabi_attribute 18, 4
  13              		.thumb
  14              		.syntax unified
  15              		.file	"main.c"
  16              		.text
  17              	.Ltext0:
  18              		.cfi_sections	.debug_frame
  19              		.section	.text.AppCallBack,"ax",%progbits
  20              		.align	2
  21              		.global	AppCallBack
  22              		.code	16
  23              		.thumb_func
  24              		.type	AppCallBack, %function
  25              	AppCallBack:
  26              	.LFB36:
  27              		.file 1 "main.c"
   1:main.c        **** /* ========================================
   2:main.c        ****  *
   3:main.c        ****  * Copyright YOUR COMPANY, THE YEAR
   4:main.c        ****  * All Rights Reserved
   5:main.c        ****  * UNPUBLISHED, LICENSED SOFTWARE.
   6:main.c        ****  *a+
   7:main.c        ****  * CONFIDENTIAL AND PROPRIETARY INFORMATION
   8:main.c        ****  * WHICH IS THE PROPERTY OF your company.
   9:main.c        ****  *
  10:main.c        ****  * ========================================
  11:main.c        **** */
  12:main.c        **** #include "project.h"
  13:main.c        **** #include <stdio.h>
  14:main.c        **** #include <stdlib.h>
  15:main.c        **** 
  16:main.c        **** uint16_t contador=0; //Contador para controlar las tramas recibidas
  17:main.c        **** char databeacon[255]={0}; //Variable que se utiliza para copiar la trama recibida y poder mostrarla
  18:main.c        **** 
  19:main.c        **** //const uint8_t UUID_BEACON[16] = {0x01, 0x02, 0x03, 0x04, 0x05, 0x06, 0x07, 0x08, 0x09, 0x0A, 0x0B
  20:main.c        **** //const uint8_t HEADER_BEACON[9] = {0x02, 0x01, 0x04, 0x1A, 0xFF, 0x4C, 0x00, 0x02, 0x15};
  21:main.c        **** const uint8_t BEACON_LENGHT=30;//25+5 por información de Apple inc
  22:main.c        **** const uint8_t HEADER_AND_UUID_BEACONX[25]={0x02, 0x01, 0x04, 0x1A, 0xFF, 0x4C, 0x00, 0x02, 0x15, 0x
  23:main.c        **** const uint8_t HEADER_AND_UUID_BEACONY[25]={0x02, 0x01, 0x04, 0x1A, 0xFF, 0x4C, 0x00, 0x02, 0x15, 0x
  24:main.c        **** const uint8_t HEADER_AND_UUID_BEACONZ[25]={0x02, 0x01, 0x04, 0x1A, 0xFF, 0x4C, 0x00, 0x02, 0x15, 0x
  25:main.c        **** /**
  26:main.c        ****  * @brief                   BLE module application callback.
  27:main.c        ****  * @param[in] event         Type of BLE event as defined in the BLE Stack.
  28:main.c        ****  * @param[in] eventParam    Parameters associated with the specific BLE event.
  29:main.c        ****  */
  30:main.c        **** void AppCallBack(uint32 event, void *eventParam)
ARM GAS  C:\Users\jupac\AppData\Local\Temp\ccfYsui9.s 			page 2


  31:main.c        **** {
  28              		.loc 1 31 0
  29              		.cfi_startproc
  30              		@ args = 0, pretend = 0, frame = 0
  31              		@ frame_needed = 0, uses_anonymous_args = 0
  32              	.LVL0:
  33 0000 10B5     		push	{r4, lr}
  34              		.cfi_def_cfa_offset 8
  35              		.cfi_offset 4, -8
  36              		.cfi_offset 14, -4
  32:main.c        ****     (void) eventParam;
  33:main.c        **** 
  34:main.c        ****     switch (event)
  37              		.loc 1 34 0
  38 0002 0128     		cmp	r0, #1
  39 0004 02D0     		beq	.L3
  40 0006 2028     		cmp	r0, #32
  41 0008 04D0     		beq	.L4
  42 000a 22E0     		b	.L1
  43              	.L3:
  44              	.LBB2:
  35:main.c        ****     {
  36:main.c        ****     //int contador=0;  
  37:main.c        ****     //char str[10]={0};
  38:main.c        ****     //char str2[2]={0};
  39:main.c        ****     CYBLE_GAPC_ADV_REPORT_T *advReport = NULL;
  40:main.c        ****         //Puntero del tipo CYBLE_GAPC_ADV_REPORT_T llamado advReport iniciado a NULL
  41:main.c        ****         
  42:main.c        ****     case CYBLE_EVT_STACK_ON:
  43:main.c        ****         CyBle_GapcStartScan(CYBLE_SCANNING_FAST);
  45              		.loc 1 43 0
  46 000c 0020     		movs	r0, #0
  47              	.LVL1:
  48 000e FFF7FEFF 		bl	CyBle_GapcStartScan
  49              	.LVL2:
  44:main.c        ****         break;
  50              		.loc 1 44 0
  51 0012 1EE0     		b	.L1
  52              	.LVL3:
  53              	.L4:
  45:main.c        ****         
  46:main.c        ****     case CYBLE_EVT_GAPC_SCAN_PROGRESS_RESULT:
  47:main.c        ****         //Cuanto más tiempo se pierda peor, por ello intentamos detectar que no es un ibeacon prim
  48:main.c        ****         
  49:main.c        ****         
  50:main.c        ****         /*Cada vez que se escanea un dispositivo salta este evento, donde se puede operar con los r
  51:main.c        ****         advReport = (CYBLE_GAPC_ADV_REPORT_T*)eventParam;
  52:main.c        ****         
  53:main.c        **** //        SECCIÓN 1: DEBE COMENTARSE PARA VER TODAS LAS TRAMAS QUE LLEGAN
  54:main.c        ****         
  55:main.c        ****          /*Comprobamos si la trama NO es de nuestra red comparando la longitud de trama recibida*/
  56:main.c        ****         if(advReport->dataLen!=BEACON_LENGHT){
  54              		.loc 1 56 0
  55 0014 0B7A     		ldrb	r3, [r1, #8]
  56 0016 1E2B     		cmp	r3, #30
  57 0018 1BD1     		bne	.L1
  57:main.c        ****             break;
ARM GAS  C:\Users\jupac\AppData\Local\Temp\ccfYsui9.s 			page 3


  58:main.c        ****         }
  59:main.c        ****         
  60:main.c        ****         /*Comprobamos si la trama NO es de nuestra red comparando la trama recibida*/
  61:main.c        ****         if ((memcmp (&HEADER_AND_UUID_BEACONX[0], &advReport->data[0], 25)!=0)&&(memcmp (&HEADER_AN
  58              		.loc 1 61 0
  59 001a CC68     		ldr	r4, [r1, #12]
  60 001c 1922     		movs	r2, #25
  61 001e 2100     		movs	r1, r4
  62              	.LVL4:
  63 0020 0C48     		ldr	r0, .L6
  64              	.LVL5:
  65 0022 FFF7FEFF 		bl	memcmp
  66              	.LVL6:
  67 0026 0028     		cmp	r0, #0
  68 0028 0FD0     		beq	.L5
  69              		.loc 1 61 0 is_stmt 0 discriminator 1
  70 002a 1922     		movs	r2, #25
  71 002c 2100     		movs	r1, r4
  72 002e 0948     		ldr	r0, .L6
  73 0030 1C30     		adds	r0, r0, #28
  74 0032 FFF7FEFF 		bl	memcmp
  75              	.LVL7:
  76 0036 0028     		cmp	r0, #0
  77 0038 07D0     		beq	.L5
  78              		.loc 1 61 0 discriminator 2
  79 003a 1922     		movs	r2, #25
  80 003c 2100     		movs	r1, r4
  81 003e 0548     		ldr	r0, .L6
  82 0040 3830     		adds	r0, r0, #56
  83 0042 FFF7FEFF 		bl	memcmp
  84              	.LVL8:
  85 0046 0028     		cmp	r0, #0
  86 0048 03D1     		bne	.L1
  87              	.L5:
  62:main.c        ****             break;            
  63:main.c        ****         }
  64:main.c        ****         
  65:main.c        ****         
  66:main.c        ****         // FIN SECCIÓN 1
  67:main.c        ****         
  68:main.c        ****         
  69:main.c        ****         contador++;
  88              		.loc 1 69 0 is_stmt 1
  89 004a 034A     		ldr	r2, .L6+4
  90 004c 1388     		ldrh	r3, [r2]
  91 004e 0133     		adds	r3, r3, #1
  92 0050 1380     		strh	r3, [r2]
  93              	.LVL9:
  94              	.L1:
  95              	.LBE2:
  70:main.c        ****         
  71:main.c        ****         //SECCIÓN 2: LAS LÍNEAS SIGUIENTES DEBEN DEJAR DE SER CONSIDERADAS COMO COMENTARIO
  72:main.c        ****         //SI SE QUIERE VER POR PANTALLA EL CONTENIDO DE LAS TRAMAS
  73:main.c        ****         
  74:main.c        **** //        
  75:main.c        **** //        memcmp(databeacon, advReport->data, advReport->dataLen);
  76:main.c        **** //        for (uint32 i=0; i<advReport->dataLen; i++){
ARM GAS  C:\Users\jupac\AppData\Local\Temp\ccfYsui9.s 			page 4


  77:main.c        **** //            
  78:main.c        **** //            snprintf(databeacon, 255, "%02x", advReport->data[i]);
  79:main.c        **** //            UART_PutString(databeacon);
  80:main.c        **** //            UART_PutString(",");
  81:main.c        **** //            memset(databeacon, 0, 255);
  82:main.c        **** //            //snprintf(&databeacon[i], 255,"%x", advReport->data[i] );
  83:main.c        **** //            
  84:main.c        **** //            //copiamos en data beacon lo que llega en el advReport
  85:main.c        **** //            
  86:main.c        **** //        }
  87:main.c        **** //        UART_PutString("\r\n,");
  88:main.c        **** //        CyDelay(500);
  89:main.c        ****         
  90:main.c        ****         
  91:main.c        ****         // FIN SECCIÓN 2
  92:main.c        ****            
  93:main.c        ****         
  94:main.c        ****         break;
  95:main.c        ****         
  96:main.c        ****     case CYBLE_EVT_GAPC_SCAN_START_STOP :
  97:main.c        ****         break; 
  98:main.c        ****         
  99:main.c        ****     default:
 100:main.c        ****         break;
 101:main.c        ****     }
 102:main.c        **** }
  96              		.loc 1 102 0
  97              		@ sp needed
  98 0052 10BD     		pop	{r4, pc}
  99              	.L7:
 100              		.align	2
 101              	.L6:
 102 0054 00000000 		.word	.LANCHOR0
 103 0058 00000000 		.word	.LANCHOR1
 104              		.cfi_endproc
 105              	.LFE36:
 106              		.size	AppCallBack, .-AppCallBack
 107              		.section	.text.main,"ax",%progbits
 108              		.align	2
 109              		.global	main
 110              		.code	16
 111              		.thumb_func
 112              		.type	main, %function
 113              	main:
 114              	.LFB37:
 103:main.c        **** 
 104:main.c        **** 
 105:main.c        **** int main(void)
 106:main.c        **** {
 115              		.loc 1 106 0
 116              		.cfi_startproc
 117              		@ args = 0, pretend = 0, frame = 256
 118              		@ frame_needed = 0, uses_anonymous_args = 0
 119 0000 00B5     		push	{lr}
 120              		.cfi_def_cfa_offset 4
 121              		.cfi_offset 14, -4
 122 0002 C1B0     		sub	sp, sp, #260
ARM GAS  C:\Users\jupac\AppData\Local\Temp\ccfYsui9.s 			page 5


 123              		.cfi_def_cfa_offset 264
 107:main.c        ****     char PrintBuffer[255]={0}; //Variable que utilizamos para que la UART pueda mostrar el valor de
 124              		.loc 1 107 0
 125 0004 FF22     		movs	r2, #255
 126 0006 0021     		movs	r1, #0
 127 0008 6846     		mov	r0, sp
 128 000a FFF7FEFF 		bl	memset
 129              	.LVL10:
 108:main.c        ****     CyGlobalIntEnable; /* Enable global interrupts. */
 130              		.loc 1 108 0
 131              		.syntax divided
 132              	@ 108 "main.c" 1
 133 000e 62B6     		CPSIE   i
 134              	@ 0 "" 2
 109:main.c        ****     
 110:main.c        ****     CyBle_Start(AppCallBack);
 135              		.loc 1 110 0
 136              		.thumb
 137              		.syntax unified
 138 0010 0D48     		ldr	r0, .L10
 139 0012 FFF7FEFF 		bl	CyBle_Start
 140              	.LVL11:
 111:main.c        ****     UART_Start();
 141              		.loc 1 111 0
 142 0016 FFF7FEFF 		bl	UART_Start
 143              	.LVL12:
 112:main.c        ****     UART_PutString("Programa Iniciado\r\n");
 144              		.loc 1 112 0
 145 001a 0C48     		ldr	r0, .L10+4
 146 001c FFF7FEFF 		bl	UART_PutString
 147              	.LVL13:
 148              	.L9:
 113:main.c        ****     
 114:main.c        ****     for(;;)
 115:main.c        ****     {
 116:main.c        ****         CyBle_ProcessEvents();// Se procesan los eventos
 149              		.loc 1 116 0
 150 0020 FFF7FEFF 		bl	CyBle_ProcessEvents
 151              	.LVL14:
 117:main.c        ****         // Si se pulsa el botón de usuario se imprime por pantalla el valor del contador y termina
 118:main.c        ****         if(BUTTON_Read()==0){
 152              		.loc 1 118 0
 153 0024 FFF7FEFF 		bl	BUTTON_Read
 154              	.LVL15:
 155 0028 0028     		cmp	r0, #0
 156 002a F9D1     		bne	.L9
 119:main.c        ****             
 120:main.c        ****             snprintf(PrintBuffer, 255,"%u", contador);
 157              		.loc 1 120 0
 158 002c 084B     		ldr	r3, .L10+8
 159 002e 1B88     		ldrh	r3, [r3]
 160 0030 084A     		ldr	r2, .L10+12
 161 0032 FF21     		movs	r1, #255
 162 0034 6846     		mov	r0, sp
 163 0036 FFF7FEFF 		bl	snprintf
 164              	.LVL16:
 121:main.c        ****             UART_PutString(PrintBuffer);
ARM GAS  C:\Users\jupac\AppData\Local\Temp\ccfYsui9.s 			page 6


 165              		.loc 1 121 0
 166 003a 6846     		mov	r0, sp
 167 003c FFF7FEFF 		bl	UART_PutString
 168              	.LVL17:
 122:main.c        ****             
 123:main.c        ****             return(0);
 124:main.c        ****         
 125:main.c        ****         }    
 126:main.c        ****     }
 127:main.c        **** /*FINAL*/
 128:main.c        ****     
 129:main.c        **** 
 130:main.c        **** }
 169              		.loc 1 130 0
 170 0040 0020     		movs	r0, #0
 171 0042 41B0     		add	sp, sp, #260
 172              		@ sp needed
 173 0044 00BD     		pop	{pc}
 174              	.L11:
 175 0046 C046     		.align	2
 176              	.L10:
 177 0048 00000000 		.word	AppCallBack
 178 004c 00000000 		.word	.LC3
 179 0050 00000000 		.word	.LANCHOR1
 180 0054 14000000 		.word	.LC6
 181              		.cfi_endproc
 182              	.LFE37:
 183              		.size	main, .-main
 184              		.global	HEADER_AND_UUID_BEACONZ
 185              		.global	HEADER_AND_UUID_BEACONY
 186              		.global	HEADER_AND_UUID_BEACONX
 187              		.global	BEACON_LENGHT
 188              		.global	databeacon
 189              		.global	contador
 190              		.section	.rodata
 191              		.align	2
 192              		.set	.LANCHOR0,. + 0
 193              		.type	HEADER_AND_UUID_BEACONX, %object
 194              		.size	HEADER_AND_UUID_BEACONX, 25
 195              	HEADER_AND_UUID_BEACONX:
 196 0000 02       		.byte	2
 197 0001 01       		.byte	1
 198 0002 04       		.byte	4
 199 0003 1A       		.byte	26
 200 0004 FF       		.byte	-1
 201 0005 4C       		.byte	76
 202 0006 00       		.byte	0
 203 0007 02       		.byte	2
 204 0008 15       		.byte	21
 205 0009 01       		.byte	1
 206 000a 02       		.byte	2
 207 000b 03       		.byte	3
 208 000c 04       		.byte	4
 209 000d 05       		.byte	5
 210 000e 06       		.byte	6
 211 000f 07       		.byte	7
 212 0010 08       		.byte	8
ARM GAS  C:\Users\jupac\AppData\Local\Temp\ccfYsui9.s 			page 7


 213 0011 09       		.byte	9
 214 0012 0A       		.byte	10
 215 0013 0B       		.byte	11
 216 0014 0C       		.byte	12
 217 0015 0D       		.byte	13
 218 0016 0E       		.byte	14
 219 0017 0F       		.byte	15
 220 0018 10       		.byte	16
 221 0019 000000   		.space	3
 222              		.type	HEADER_AND_UUID_BEACONY, %object
 223              		.size	HEADER_AND_UUID_BEACONY, 25
 224              	HEADER_AND_UUID_BEACONY:
 225 001c 02       		.byte	2
 226 001d 01       		.byte	1
 227 001e 04       		.byte	4
 228 001f 1A       		.byte	26
 229 0020 FF       		.byte	-1
 230 0021 4C       		.byte	76
 231 0022 00       		.byte	0
 232 0023 02       		.byte	2
 233 0024 15       		.byte	21
 234 0025 20       		.byte	32
 235 0026 02       		.byte	2
 236 0027 03       		.byte	3
 237 0028 04       		.byte	4
 238 0029 05       		.byte	5
 239 002a 06       		.byte	6
 240 002b 07       		.byte	7
 241 002c 08       		.byte	8
 242 002d 09       		.byte	9
 243 002e 20       		.byte	32
 244 002f 0B       		.byte	11
 245 0030 0C       		.byte	12
 246 0031 0D       		.byte	13
 247 0032 0E       		.byte	14
 248 0033 0F       		.byte	15
 249 0034 20       		.byte	32
 250 0035 000000   		.space	3
 251              		.type	HEADER_AND_UUID_BEACONZ, %object
 252              		.size	HEADER_AND_UUID_BEACONZ, 25
 253              	HEADER_AND_UUID_BEACONZ:
 254 0038 02       		.byte	2
 255 0039 01       		.byte	1
 256 003a 04       		.byte	4
 257 003b 1A       		.byte	26
 258 003c FF       		.byte	-1
 259 003d 4C       		.byte	76
 260 003e 00       		.byte	0
 261 003f 02       		.byte	2
 262 0040 15       		.byte	21
 263 0041 30       		.byte	48
 264 0042 02       		.byte	2
 265 0043 03       		.byte	3
 266 0044 04       		.byte	4
 267 0045 05       		.byte	5
 268 0046 06       		.byte	6
 269 0047 07       		.byte	7
ARM GAS  C:\Users\jupac\AppData\Local\Temp\ccfYsui9.s 			page 8


 270 0048 08       		.byte	8
 271 0049 09       		.byte	9
 272 004a 30       		.byte	48
 273 004b 0B       		.byte	11
 274 004c 0C       		.byte	12
 275 004d 0D       		.byte	13
 276 004e 0E       		.byte	14
 277 004f 0F       		.byte	15
 278 0050 30       		.byte	48
 279              		.type	BEACON_LENGHT, %object
 280              		.size	BEACON_LENGHT, 1
 281              	BEACON_LENGHT:
 282 0051 1E       		.byte	30
 283              		.section	.rodata.str1.4,"aMS",%progbits,1
 284              		.align	2
 285              	.LC3:
 286 0000 50726F67 		.ascii	"Programa Iniciado\015\012\000"
 286      72616D61 
 286      20496E69 
 286      63696164 
 286      6F0D0A00 
 287              	.LC6:
 288 0014 257500   		.ascii	"%u\000"
 289              		.bss
 290              		.align	2
 291              		.set	.LANCHOR1,. + 0
 292              		.type	contador, %object
 293              		.size	contador, 2
 294              	contador:
 295 0000 0000     		.space	2
 296 0002 0000     		.space	2
 297              		.type	databeacon, %object
 298              		.size	databeacon, 255
 299              	databeacon:
 300 0004 00000000 		.space	255
 300      00000000 
 300      00000000 
 300      00000000 
 300      00000000 
 301              		.text
 302              	.Letext0:
 303              		.file 2 "c:\\program files (x86)\\cypress\\psoc creator\\4.4\\psoc creator\\import\\gnu\\arm\\5.4.
 304              		.file 3 "c:\\program files (x86)\\cypress\\psoc creator\\4.4\\psoc creator\\import\\gnu\\arm\\5.4.
 305              		.file 4 "Generated_Source\\PSoC4/cytypes.h"
 306              		.file 5 "Generated_Source\\PSoC4/BLE_Stack.h"
 307              		.file 6 "Generated_Source\\PSoC4/BLE_StackGap.h"
 308              		.file 7 "Generated_Source\\PSoC4/BLE.h"
 309              		.file 8 "c:\\program files (x86)\\cypress\\psoc creator\\4.4\\psoc creator\\import\\gnu\\arm\\5.4.
 310              		.file 9 "Generated_Source\\PSoC4/UART.h"
 311              		.file 10 "Generated_Source\\PSoC4/BUTTON.h"
 312              		.file 11 "c:\\program files (x86)\\cypress\\psoc creator\\4.4\\psoc creator\\import\\gnu\\arm\\5.4
 313              		.section	.debug_info,"",%progbits
 314              	.Ldebug_info0:
 315 0000 C6050000 		.4byte	0x5c6
 316 0004 0400     		.2byte	0x4
 317 0006 00000000 		.4byte	.Ldebug_abbrev0
 318 000a 04       		.byte	0x4
ARM GAS  C:\Users\jupac\AppData\Local\Temp\ccfYsui9.s 			page 9


 319 000b 01       		.uleb128 0x1
 320 000c 35010000 		.4byte	.LASF124
 321 0010 0C       		.byte	0xc
 322 0011 CB050000 		.4byte	.LASF125
 323 0015 8D0A0000 		.4byte	.LASF126
 324 0019 00000000 		.4byte	.Ldebug_ranges0+0
 325 001d 00000000 		.4byte	0
 326 0021 00000000 		.4byte	.Ldebug_line0
 327 0025 02       		.uleb128 0x2
 328 0026 01       		.byte	0x1
 329 0027 06       		.byte	0x6
 330 0028 97020000 		.4byte	.LASF0
 331 002c 03       		.uleb128 0x3
 332 002d 10010000 		.4byte	.LASF3
 333 0031 02       		.byte	0x2
 334 0032 1D       		.byte	0x1d
 335 0033 37000000 		.4byte	0x37
 336 0037 02       		.uleb128 0x2
 337 0038 01       		.byte	0x1
 338 0039 08       		.byte	0x8
 339 003a B5080000 		.4byte	.LASF1
 340 003e 02       		.uleb128 0x2
 341 003f 02       		.byte	0x2
 342 0040 05       		.byte	0x5
 343 0041 E7080000 		.4byte	.LASF2
 344 0045 03       		.uleb128 0x3
 345 0046 030A0000 		.4byte	.LASF4
 346 004a 02       		.byte	0x2
 347 004b 2B       		.byte	0x2b
 348 004c 50000000 		.4byte	0x50
 349 0050 02       		.uleb128 0x2
 350 0051 02       		.byte	0x2
 351 0052 07       		.byte	0x7
 352 0053 03050000 		.4byte	.LASF5
 353 0057 02       		.uleb128 0x2
 354 0058 04       		.byte	0x4
 355 0059 05       		.byte	0x5
 356 005a 2C010000 		.4byte	.LASF6
 357 005e 02       		.uleb128 0x2
 358 005f 04       		.byte	0x4
 359 0060 07       		.byte	0x7
 360 0061 54040000 		.4byte	.LASF7
 361 0065 02       		.uleb128 0x2
 362 0066 08       		.byte	0x8
 363 0067 05       		.byte	0x5
 364 0068 89020000 		.4byte	.LASF8
 365 006c 02       		.uleb128 0x2
 366 006d 08       		.byte	0x8
 367 006e 07       		.byte	0x7
 368 006f C3010000 		.4byte	.LASF9
 369 0073 04       		.uleb128 0x4
 370 0074 04       		.byte	0x4
 371 0075 05       		.byte	0x5
 372 0076 696E7400 		.ascii	"int\000"
 373 007a 02       		.uleb128 0x2
 374 007b 04       		.byte	0x4
 375 007c 07       		.byte	0x7
ARM GAS  C:\Users\jupac\AppData\Local\Temp\ccfYsui9.s 			page 10


 376 007d 1F040000 		.4byte	.LASF10
 377 0081 03       		.uleb128 0x3
 378 0082 940B0000 		.4byte	.LASF11
 379 0086 03       		.byte	0x3
 380 0087 18       		.byte	0x18
 381 0088 2C000000 		.4byte	0x2c
 382 008c 03       		.uleb128 0x3
 383 008d 4B040000 		.4byte	.LASF12
 384 0091 03       		.byte	0x3
 385 0092 24       		.byte	0x24
 386 0093 45000000 		.4byte	0x45
 387 0097 05       		.uleb128 0x5
 388 0098 4B030000 		.4byte	.LASF13
 389 009c 04       		.byte	0x4
 390 009d FB01     		.2byte	0x1fb
 391 009f 37000000 		.4byte	0x37
 392 00a3 05       		.uleb128 0x5
 393 00a4 82030000 		.4byte	.LASF14
 394 00a8 04       		.byte	0x4
 395 00a9 FD01     		.2byte	0x1fd
 396 00ab 5E000000 		.4byte	0x5e
 397 00af 05       		.uleb128 0x5
 398 00b0 64050000 		.4byte	.LASF15
 399 00b4 04       		.byte	0x4
 400 00b5 FE01     		.2byte	0x1fe
 401 00b7 25000000 		.4byte	0x25
 402 00bb 02       		.uleb128 0x2
 403 00bc 04       		.byte	0x4
 404 00bd 04       		.byte	0x4
 405 00be 67080000 		.4byte	.LASF16
 406 00c2 02       		.uleb128 0x2
 407 00c3 08       		.byte	0x8
 408 00c4 04       		.byte	0x4
 409 00c5 7B030000 		.4byte	.LASF17
 410 00c9 02       		.uleb128 0x2
 411 00ca 01       		.byte	0x1
 412 00cb 08       		.byte	0x8
 413 00cc DC090000 		.4byte	.LASF18
 414 00d0 02       		.uleb128 0x2
 415 00d1 08       		.byte	0x8
 416 00d2 04       		.byte	0x4
 417 00d3 B8090000 		.4byte	.LASF19
 418 00d7 02       		.uleb128 0x2
 419 00d8 04       		.byte	0x4
 420 00d9 07       		.byte	0x7
 421 00da 17070000 		.4byte	.LASF20
 422 00de 06       		.uleb128 0x6
 423 00df 04       		.byte	0x4
 424 00e0 07       		.uleb128 0x7
 425 00e1 01       		.byte	0x1
 426 00e2 37000000 		.4byte	0x37
 427 00e6 05       		.byte	0x5
 428 00e7 3501     		.2byte	0x135
 429 00e9 9E020000 		.4byte	0x29e
 430 00ed 08       		.uleb128 0x8
 431 00ee 16050000 		.4byte	.LASF21
 432 00f2 00       		.byte	0
ARM GAS  C:\Users\jupac\AppData\Local\Temp\ccfYsui9.s 			page 11


 433 00f3 08       		.uleb128 0x8
 434 00f4 A3020000 		.4byte	.LASF22
 435 00f8 01       		.byte	0x1
 436 00f9 08       		.uleb128 0x8
 437 00fa 1A010000 		.4byte	.LASF23
 438 00fe 02       		.byte	0x2
 439 00ff 08       		.uleb128 0x8
 440 0100 FF0A0000 		.4byte	.LASF24
 441 0104 03       		.byte	0x3
 442 0105 08       		.uleb128 0x8
 443 0106 DA010000 		.4byte	.LASF25
 444 010a 04       		.byte	0x4
 445 010b 08       		.uleb128 0x8
 446 010c 23000000 		.4byte	.LASF26
 447 0110 05       		.byte	0x5
 448 0111 08       		.uleb128 0x8
 449 0112 4B050000 		.4byte	.LASF27
 450 0116 06       		.byte	0x6
 451 0117 08       		.uleb128 0x8
 452 0118 5C060000 		.4byte	.LASF28
 453 011c 20       		.byte	0x20
 454 011d 08       		.uleb128 0x8
 455 011e D5020000 		.4byte	.LASF29
 456 0122 21       		.byte	0x21
 457 0123 08       		.uleb128 0x8
 458 0124 88050000 		.4byte	.LASF30
 459 0128 22       		.byte	0x22
 460 0129 08       		.uleb128 0x8
 461 012a FF050000 		.4byte	.LASF31
 462 012e 23       		.byte	0x23
 463 012f 08       		.uleb128 0x8
 464 0130 B6070000 		.4byte	.LASF32
 465 0134 24       		.byte	0x24
 466 0135 08       		.uleb128 0x8
 467 0136 20070000 		.4byte	.LASF33
 468 013a 25       		.byte	0x25
 469 013b 08       		.uleb128 0x8
 470 013c 23030000 		.4byte	.LASF34
 471 0140 26       		.byte	0x26
 472 0141 08       		.uleb128 0x8
 473 0142 AC050000 		.4byte	.LASF35
 474 0146 27       		.byte	0x27
 475 0147 08       		.uleb128 0x8
 476 0148 E1090000 		.4byte	.LASF36
 477 014c 28       		.byte	0x28
 478 014d 08       		.uleb128 0x8
 479 014e 43020000 		.4byte	.LASF37
 480 0152 29       		.byte	0x29
 481 0153 08       		.uleb128 0x8
 482 0154 7E000000 		.4byte	.LASF38
 483 0158 2A       		.byte	0x2a
 484 0159 08       		.uleb128 0x8
 485 015a B6020000 		.4byte	.LASF39
 486 015e 2B       		.byte	0x2b
 487 015f 08       		.uleb128 0x8
 488 0160 E60B0000 		.4byte	.LASF40
 489 0164 2C       		.byte	0x2c
ARM GAS  C:\Users\jupac\AppData\Local\Temp\ccfYsui9.s 			page 12


 490 0165 08       		.uleb128 0x8
 491 0166 60020000 		.4byte	.LASF41
 492 016a 2D       		.byte	0x2d
 493 016b 08       		.uleb128 0x8
 494 016c C3080000 		.4byte	.LASF42
 495 0170 2E       		.byte	0x2e
 496 0171 08       		.uleb128 0x8
 497 0172 C8000000 		.4byte	.LASF43
 498 0176 2F       		.byte	0x2f
 499 0177 08       		.uleb128 0x8
 500 0178 81070000 		.4byte	.LASF44
 501 017c 30       		.byte	0x30
 502 017d 08       		.uleb128 0x8
 503 017e 650C0000 		.4byte	.LASF45
 504 0182 31       		.byte	0x31
 505 0183 08       		.uleb128 0x8
 506 0184 60070000 		.4byte	.LASF46
 507 0188 32       		.byte	0x32
 508 0189 08       		.uleb128 0x8
 509 018a 87090000 		.4byte	.LASF47
 510 018e 33       		.byte	0x33
 511 018f 08       		.uleb128 0x8
 512 0190 66040000 		.4byte	.LASF48
 513 0194 34       		.byte	0x34
 514 0195 08       		.uleb128 0x8
 515 0196 C3030000 		.4byte	.LASF49
 516 019a 35       		.byte	0x35
 517 019b 08       		.uleb128 0x8
 518 019c D2050000 		.4byte	.LASF50
 519 01a0 36       		.byte	0x36
 520 01a1 08       		.uleb128 0x8
 521 01a2 A3060000 		.4byte	.LASF51
 522 01a6 37       		.byte	0x37
 523 01a7 08       		.uleb128 0x8
 524 01a8 6D090000 		.4byte	.LASF52
 525 01ac 40       		.byte	0x40
 526 01ad 08       		.uleb128 0x8
 527 01ae 25060000 		.4byte	.LASF53
 528 01b2 41       		.byte	0x41
 529 01b3 08       		.uleb128 0x8
 530 01b4 890C0000 		.4byte	.LASF54
 531 01b8 42       		.byte	0x42
 532 01b9 08       		.uleb128 0x8
 533 01ba 390B0000 		.4byte	.LASF55
 534 01be 43       		.byte	0x43
 535 01bf 08       		.uleb128 0x8
 536 01c0 98040000 		.4byte	.LASF56
 537 01c4 44       		.byte	0x44
 538 01c5 08       		.uleb128 0x8
 539 01c6 33080000 		.4byte	.LASF57
 540 01ca 45       		.byte	0x45
 541 01cb 08       		.uleb128 0x8
 542 01cc F6060000 		.4byte	.LASF58
 543 01d0 46       		.byte	0x46
 544 01d1 08       		.uleb128 0x8
 545 01d2 2D050000 		.4byte	.LASF59
 546 01d6 47       		.byte	0x47
ARM GAS  C:\Users\jupac\AppData\Local\Temp\ccfYsui9.s 			page 13


 547 01d7 08       		.uleb128 0x8
 548 01d8 BF0B0000 		.4byte	.LASF60
 549 01dc 48       		.byte	0x48
 550 01dd 08       		.uleb128 0x8
 551 01de EC020000 		.4byte	.LASF61
 552 01e2 49       		.byte	0x49
 553 01e3 08       		.uleb128 0x8
 554 01e4 680A0000 		.4byte	.LASF62
 555 01e8 4A       		.byte	0x4a
 556 01e9 08       		.uleb128 0x8
 557 01ea F1000000 		.4byte	.LASF63
 558 01ee 4B       		.byte	0x4b
 559 01ef 08       		.uleb128 0x8
 560 01f0 7E040000 		.4byte	.LASF64
 561 01f4 4C       		.byte	0x4c
 562 01f5 08       		.uleb128 0x8
 563 01f6 3A070000 		.4byte	.LASF65
 564 01fa 4D       		.byte	0x4d
 565 01fb 08       		.uleb128 0x8
 566 01fc 05030000 		.4byte	.LASF66
 567 0200 4E       		.byte	0x4e
 568 0201 08       		.uleb128 0x8
 569 0202 2D090000 		.4byte	.LASF67
 570 0206 4F       		.byte	0x4f
 571 0207 08       		.uleb128 0x8
 572 0208 69050000 		.4byte	.LASF68
 573 020c 50       		.byte	0x50
 574 020d 08       		.uleb128 0x8
 575 020e 5C030000 		.4byte	.LASF69
 576 0212 51       		.byte	0x51
 577 0213 08       		.uleb128 0x8
 578 0214 DD070000 		.4byte	.LASF70
 579 0218 52       		.byte	0x52
 580 0219 08       		.uleb128 0x8
 581 021a FA080000 		.4byte	.LASF71
 582 021e 53       		.byte	0x53
 583 021f 08       		.uleb128 0x8
 584 0220 4C090000 		.4byte	.LASF72
 585 0224 54       		.byte	0x54
 586 0225 08       		.uleb128 0x8
 587 0226 B6040000 		.4byte	.LASF73
 588 022a 55       		.byte	0x55
 589 022b 08       		.uleb128 0x8
 590 022c FD030000 		.4byte	.LASF74
 591 0230 56       		.byte	0x56
 592 0231 08       		.uleb128 0x8
 593 0232 0E0A0000 		.4byte	.LASF75
 594 0236 57       		.byte	0x57
 595 0237 08       		.uleb128 0x8
 596 0238 DA040000 		.4byte	.LASF76
 597 023c 58       		.byte	0x58
 598 023d 08       		.uleb128 0x8
 599 023e 1D020000 		.4byte	.LASF77
 600 0242 70       		.byte	0x70
 601 0243 08       		.uleb128 0x8
 602 0244 3A0C0000 		.4byte	.LASF78
 603 0248 71       		.byte	0x71
ARM GAS  C:\Users\jupac\AppData\Local\Temp\ccfYsui9.s 			page 14


 604 0249 08       		.uleb128 0x8
 605 024a 40060000 		.4byte	.LASF79
 606 024e 72       		.byte	0x72
 607 024f 08       		.uleb128 0x8
 608 0250 D8060000 		.4byte	.LASF80
 609 0254 73       		.byte	0x73
 610 0255 08       		.uleb128 0x8
 611 0256 15080000 		.4byte	.LASF81
 612 025a 74       		.byte	0x74
 613 025b 08       		.uleb128 0x8
 614 025c 140C0000 		.4byte	.LASF82
 615 0260 75       		.byte	0x75
 616 0261 08       		.uleb128 0x8
 617 0262 A7000000 		.4byte	.LASF83
 618 0266 76       		.byte	0x76
 619 0267 08       		.uleb128 0x8
 620 0268 3F000000 		.4byte	.LASF84
 621 026c 77       		.byte	0x77
 622 026d 08       		.uleb128 0x8
 623 026e 00000000 		.4byte	.LASF85
 624 0272 78       		.byte	0x78
 625 0273 08       		.uleb128 0x8
 626 0274 450A0000 		.4byte	.LASF86
 627 0278 79       		.byte	0x79
 628 0279 08       		.uleb128 0x8
 629 027a 9F030000 		.4byte	.LASF87
 630 027e 7A       		.byte	0x7a
 631 027f 08       		.uleb128 0x8
 632 0280 FF010000 		.4byte	.LASF88
 633 0284 FA       		.byte	0xfa
 634 0285 08       		.uleb128 0x8
 635 0286 2C040000 		.4byte	.LASF89
 636 028a FB       		.byte	0xfb
 637 028b 08       		.uleb128 0x8
 638 028c 1B090000 		.4byte	.LASF90
 639 0290 FC       		.byte	0xfc
 640 0291 08       		.uleb128 0x8
 641 0292 C4090000 		.4byte	.LASF91
 642 0296 FD       		.byte	0xfd
 643 0297 08       		.uleb128 0x8
 644 0298 89030000 		.4byte	.LASF92
 645 029c FF       		.byte	0xff
 646 029d 00       		.byte	0
 647 029e 09       		.uleb128 0x9
 648 029f 04       		.byte	0x4
 649 02a0 97000000 		.4byte	0x97
 650 02a4 0A       		.uleb128 0xa
 651 02a5 01       		.byte	0x1
 652 02a6 37000000 		.4byte	0x37
 653 02aa 06       		.byte	0x6
 654 02ab F4       		.byte	0xf4
 655 02ac CF020000 		.4byte	0x2cf
 656 02b0 08       		.uleb128 0x8
 657 02b1 A70C0000 		.4byte	.LASF93
 658 02b5 00       		.byte	0
 659 02b6 08       		.uleb128 0x8
 660 02b7 E0030000 		.4byte	.LASF94
ARM GAS  C:\Users\jupac\AppData\Local\Temp\ccfYsui9.s 			page 15


 661 02bb 01       		.byte	0x1
 662 02bc 08       		.uleb128 0x8
 663 02bd 750B0000 		.4byte	.LASF95
 664 02c1 02       		.byte	0x2
 665 02c2 08       		.uleb128 0x8
 666 02c3 80060000 		.4byte	.LASF96
 667 02c7 03       		.byte	0x3
 668 02c8 08       		.uleb128 0x8
 669 02c9 6A000000 		.4byte	.LASF97
 670 02cd 04       		.byte	0x4
 671 02ce 00       		.byte	0
 672 02cf 05       		.uleb128 0x5
 673 02d0 FE070000 		.4byte	.LASF98
 674 02d4 06       		.byte	0x6
 675 02d5 0401     		.2byte	0x104
 676 02d7 A4020000 		.4byte	0x2a4
 677 02db 0B       		.uleb128 0xb
 678 02dc 14       		.byte	0x14
 679 02dd 06       		.byte	0x6
 680 02de 2403     		.2byte	0x324
 681 02e0 33030000 		.4byte	0x333
 682 02e4 0C       		.uleb128 0xc
 683 02e5 0A0C0000 		.4byte	.LASF99
 684 02e9 06       		.byte	0x6
 685 02ea 2D03     		.2byte	0x32d
 686 02ec CF020000 		.4byte	0x2cf
 687 02f0 00       		.byte	0
 688 02f1 0C       		.uleb128 0xc
 689 02f2 5A080000 		.4byte	.LASF100
 690 02f6 06       		.byte	0x6
 691 02f7 3503     		.2byte	0x335
 692 02f9 97000000 		.4byte	0x97
 693 02fd 01       		.byte	0x1
 694 02fe 0C       		.uleb128 0xc
 695 02ff 51030000 		.4byte	.LASF101
 696 0303 06       		.byte	0x6
 697 0304 3903     		.2byte	0x339
 698 0306 9E020000 		.4byte	0x29e
 699 030a 04       		.byte	0x4
 700 030b 0C       		.uleb128 0xc
 701 030c 97030000 		.4byte	.LASF102
 702 0310 06       		.byte	0x6
 703 0311 3C03     		.2byte	0x33c
 704 0313 97000000 		.4byte	0x97
 705 0317 08       		.byte	0x8
 706 0318 0C       		.uleb128 0xc
 707 0319 FA010000 		.4byte	.LASF103
 708 031d 06       		.byte	0x6
 709 031e 3F03     		.2byte	0x33f
 710 0320 9E020000 		.4byte	0x29e
 711 0324 0C       		.byte	0xc
 712 0325 0C       		.uleb128 0xc
 713 0326 350C0000 		.4byte	.LASF104
 714 032a 06       		.byte	0x6
 715 032b 4403     		.2byte	0x344
 716 032d AF000000 		.4byte	0xaf
 717 0331 10       		.byte	0x10
ARM GAS  C:\Users\jupac\AppData\Local\Temp\ccfYsui9.s 			page 16


 718 0332 00       		.byte	0
 719 0333 05       		.uleb128 0x5
 720 0334 180B0000 		.4byte	.LASF105
 721 0338 06       		.byte	0x6
 722 0339 4603     		.2byte	0x346
 723 033b DB020000 		.4byte	0x2db
 724 033f 0D       		.uleb128 0xd
 725 0340 54070000 		.4byte	.LASF127
 726 0344 01       		.byte	0x1
 727 0345 1E       		.byte	0x1e
 728 0346 00000000 		.4byte	.LFB36
 729 034a 5C000000 		.4byte	.LFE36-.LFB36
 730 034e 01       		.uleb128 0x1
 731 034f 9C       		.byte	0x9c
 732 0350 01040000 		.4byte	0x401
 733 0354 0E       		.uleb128 0xe
 734 0355 FD040000 		.4byte	.LASF106
 735 0359 01       		.byte	0x1
 736 035a 1E       		.byte	0x1e
 737 035b A3000000 		.4byte	0xa3
 738 035f 00000000 		.4byte	.LLST0
 739 0363 0E       		.uleb128 0xe
 740 0364 5E0B0000 		.4byte	.LASF107
 741 0368 01       		.byte	0x1
 742 0369 1E       		.byte	0x1e
 743 036a DE000000 		.4byte	0xde
 744 036e 3A000000 		.4byte	.LLST1
 745 0372 0F       		.uleb128 0xf
 746 0373 0C000000 		.4byte	.LBB2
 747 0377 46000000 		.4byte	.LBE2-.LBB2
 748 037b 10       		.uleb128 0x10
 749 037c AE090000 		.4byte	.LASF108
 750 0380 01       		.byte	0x1
 751 0381 27       		.byte	0x27
 752 0382 01040000 		.4byte	0x401
 753 0386 74000000 		.4byte	.LLST2
 754 038a 11       		.uleb128 0x11
 755 038b 12000000 		.4byte	.LVL2
 756 038f 65050000 		.4byte	0x565
 757 0393 9D030000 		.4byte	0x39d
 758 0397 12       		.uleb128 0x12
 759 0398 01       		.uleb128 0x1
 760 0399 50       		.byte	0x50
 761 039a 01       		.uleb128 0x1
 762 039b 30       		.byte	0x30
 763 039c 00       		.byte	0
 764 039d 11       		.uleb128 0x11
 765 039e 26000000 		.4byte	.LVL6
 766 03a2 71050000 		.4byte	0x571
 767 03a6 BF030000 		.4byte	0x3bf
 768 03aa 12       		.uleb128 0x12
 769 03ab 01       		.uleb128 0x1
 770 03ac 50       		.byte	0x50
 771 03ad 05       		.uleb128 0x5
 772 03ae 03       		.byte	0x3
 773 03af 00000000 		.4byte	.LANCHOR0
 774 03b3 12       		.uleb128 0x12
ARM GAS  C:\Users\jupac\AppData\Local\Temp\ccfYsui9.s 			page 17


 775 03b4 01       		.uleb128 0x1
 776 03b5 51       		.byte	0x51
 777 03b6 02       		.uleb128 0x2
 778 03b7 74       		.byte	0x74
 779 03b8 00       		.sleb128 0
 780 03b9 12       		.uleb128 0x12
 781 03ba 01       		.uleb128 0x1
 782 03bb 52       		.byte	0x52
 783 03bc 01       		.uleb128 0x1
 784 03bd 49       		.byte	0x49
 785 03be 00       		.byte	0
 786 03bf 11       		.uleb128 0x11
 787 03c0 36000000 		.4byte	.LVL7
 788 03c4 71050000 		.4byte	0x571
 789 03c8 E1030000 		.4byte	0x3e1
 790 03cc 12       		.uleb128 0x12
 791 03cd 01       		.uleb128 0x1
 792 03ce 50       		.byte	0x50
 793 03cf 05       		.uleb128 0x5
 794 03d0 03       		.byte	0x3
 795 03d1 1C000000 		.4byte	.LANCHOR0+28
 796 03d5 12       		.uleb128 0x12
 797 03d6 01       		.uleb128 0x1
 798 03d7 51       		.byte	0x51
 799 03d8 02       		.uleb128 0x2
 800 03d9 74       		.byte	0x74
 801 03da 00       		.sleb128 0
 802 03db 12       		.uleb128 0x12
 803 03dc 01       		.uleb128 0x1
 804 03dd 52       		.byte	0x52
 805 03de 01       		.uleb128 0x1
 806 03df 49       		.byte	0x49
 807 03e0 00       		.byte	0
 808 03e1 13       		.uleb128 0x13
 809 03e2 46000000 		.4byte	.LVL8
 810 03e6 71050000 		.4byte	0x571
 811 03ea 12       		.uleb128 0x12
 812 03eb 01       		.uleb128 0x1
 813 03ec 50       		.byte	0x50
 814 03ed 05       		.uleb128 0x5
 815 03ee 03       		.byte	0x3
 816 03ef 38000000 		.4byte	.LANCHOR0+56
 817 03f3 12       		.uleb128 0x12
 818 03f4 01       		.uleb128 0x1
 819 03f5 51       		.byte	0x51
 820 03f6 02       		.uleb128 0x2
 821 03f7 74       		.byte	0x74
 822 03f8 00       		.sleb128 0
 823 03f9 12       		.uleb128 0x12
 824 03fa 01       		.uleb128 0x1
 825 03fb 52       		.byte	0x52
 826 03fc 01       		.uleb128 0x1
 827 03fd 49       		.byte	0x49
 828 03fe 00       		.byte	0
 829 03ff 00       		.byte	0
 830 0400 00       		.byte	0
 831 0401 09       		.uleb128 0x9
ARM GAS  C:\Users\jupac\AppData\Local\Temp\ccfYsui9.s 			page 18


 832 0402 04       		.byte	0x4
 833 0403 33030000 		.4byte	0x333
 834 0407 14       		.uleb128 0x14
 835 0408 600C0000 		.4byte	.LASF128
 836 040c 01       		.byte	0x1
 837 040d 69       		.byte	0x69
 838 040e 73000000 		.4byte	0x73
 839 0412 00000000 		.4byte	.LFB37
 840 0416 58000000 		.4byte	.LFE37-.LFB37
 841 041a 01       		.uleb128 0x1
 842 041b 9C       		.byte	0x9c
 843 041c CB040000 		.4byte	0x4cb
 844 0420 15       		.uleb128 0x15
 845 0421 5E000000 		.4byte	.LASF109
 846 0425 01       		.byte	0x1
 847 0426 6B       		.byte	0x6b
 848 0427 CB040000 		.4byte	0x4cb
 849 042b 03       		.uleb128 0x3
 850 042c 91       		.byte	0x91
 851 042d F87D     		.sleb128 -264
 852 042f 11       		.uleb128 0x11
 853 0430 0E000000 		.4byte	.LVL10
 854 0434 7C050000 		.4byte	0x57c
 855 0438 4E040000 		.4byte	0x44e
 856 043c 12       		.uleb128 0x12
 857 043d 01       		.uleb128 0x1
 858 043e 50       		.byte	0x50
 859 043f 02       		.uleb128 0x2
 860 0440 7D       		.byte	0x7d
 861 0441 00       		.sleb128 0
 862 0442 12       		.uleb128 0x12
 863 0443 01       		.uleb128 0x1
 864 0444 51       		.byte	0x51
 865 0445 01       		.uleb128 0x1
 866 0446 30       		.byte	0x30
 867 0447 12       		.uleb128 0x12
 868 0448 01       		.uleb128 0x1
 869 0449 52       		.byte	0x52
 870 044a 02       		.uleb128 0x2
 871 044b 08       		.byte	0x8
 872 044c FF       		.byte	0xff
 873 044d 00       		.byte	0
 874 044e 11       		.uleb128 0x11
 875 044f 16000000 		.4byte	.LVL11
 876 0453 85050000 		.4byte	0x585
 877 0457 65040000 		.4byte	0x465
 878 045b 12       		.uleb128 0x12
 879 045c 01       		.uleb128 0x1
 880 045d 50       		.byte	0x50
 881 045e 05       		.uleb128 0x5
 882 045f 03       		.byte	0x3
 883 0460 00000000 		.4byte	AppCallBack
 884 0464 00       		.byte	0
 885 0465 16       		.uleb128 0x16
 886 0466 1A000000 		.4byte	.LVL12
 887 046a 91050000 		.4byte	0x591
 888 046e 11       		.uleb128 0x11
ARM GAS  C:\Users\jupac\AppData\Local\Temp\ccfYsui9.s 			page 19


 889 046f 20000000 		.4byte	.LVL13
 890 0473 9C050000 		.4byte	0x59c
 891 0477 85040000 		.4byte	0x485
 892 047b 12       		.uleb128 0x12
 893 047c 01       		.uleb128 0x1
 894 047d 50       		.byte	0x50
 895 047e 05       		.uleb128 0x5
 896 047f 03       		.byte	0x3
 897 0480 00000000 		.4byte	.LC3
 898 0484 00       		.byte	0
 899 0485 16       		.uleb128 0x16
 900 0486 24000000 		.4byte	.LVL14
 901 048a A7050000 		.4byte	0x5a7
 902 048e 16       		.uleb128 0x16
 903 048f 28000000 		.4byte	.LVL15
 904 0493 B3050000 		.4byte	0x5b3
 905 0497 11       		.uleb128 0x11
 906 0498 3A000000 		.4byte	.LVL16
 907 049c BE050000 		.4byte	0x5be
 908 04a0 BA040000 		.4byte	0x4ba
 909 04a4 12       		.uleb128 0x12
 910 04a5 01       		.uleb128 0x1
 911 04a6 50       		.byte	0x50
 912 04a7 02       		.uleb128 0x2
 913 04a8 7D       		.byte	0x7d
 914 04a9 00       		.sleb128 0
 915 04aa 12       		.uleb128 0x12
 916 04ab 01       		.uleb128 0x1
 917 04ac 51       		.byte	0x51
 918 04ad 02       		.uleb128 0x2
 919 04ae 08       		.byte	0x8
 920 04af FF       		.byte	0xff
 921 04b0 12       		.uleb128 0x12
 922 04b1 01       		.uleb128 0x1
 923 04b2 52       		.byte	0x52
 924 04b3 05       		.uleb128 0x5
 925 04b4 03       		.byte	0x3
 926 04b5 14000000 		.4byte	.LC6
 927 04b9 00       		.byte	0
 928 04ba 13       		.uleb128 0x13
 929 04bb 40000000 		.4byte	.LVL17
 930 04bf 9C050000 		.4byte	0x59c
 931 04c3 12       		.uleb128 0x12
 932 04c4 01       		.uleb128 0x1
 933 04c5 50       		.byte	0x50
 934 04c6 02       		.uleb128 0x2
 935 04c7 7D       		.byte	0x7d
 936 04c8 00       		.sleb128 0
 937 04c9 00       		.byte	0
 938 04ca 00       		.byte	0
 939 04cb 17       		.uleb128 0x17
 940 04cc C9000000 		.4byte	0xc9
 941 04d0 DB040000 		.4byte	0x4db
 942 04d4 18       		.uleb128 0x18
 943 04d5 D7000000 		.4byte	0xd7
 944 04d9 FE       		.byte	0xfe
 945 04da 00       		.byte	0
ARM GAS  C:\Users\jupac\AppData\Local\Temp\ccfYsui9.s 			page 20


 946 04db 19       		.uleb128 0x19
 947 04dc F1080000 		.4byte	.LASF110
 948 04e0 01       		.byte	0x1
 949 04e1 10       		.byte	0x10
 950 04e2 8C000000 		.4byte	0x8c
 951 04e6 05       		.uleb128 0x5
 952 04e7 03       		.byte	0x3
 953 04e8 00000000 		.4byte	contador
 954 04ec 19       		.uleb128 0x19
 955 04ed D2070000 		.4byte	.LASF111
 956 04f1 01       		.byte	0x1
 957 04f2 11       		.byte	0x11
 958 04f3 CB040000 		.4byte	0x4cb
 959 04f7 05       		.uleb128 0x5
 960 04f8 03       		.byte	0x3
 961 04f9 00000000 		.4byte	databeacon
 962 04fd 19       		.uleb128 0x19
 963 04fe 370A0000 		.4byte	.LASF112
 964 0502 01       		.byte	0x1
 965 0503 15       		.byte	0x15
 966 0504 0E050000 		.4byte	0x50e
 967 0508 05       		.uleb128 0x5
 968 0509 03       		.byte	0x3
 969 050a 00000000 		.4byte	BEACON_LENGHT
 970 050e 1A       		.uleb128 0x1a
 971 050f 81000000 		.4byte	0x81
 972 0513 17       		.uleb128 0x17
 973 0514 0E050000 		.4byte	0x50e
 974 0518 23050000 		.4byte	0x523
 975 051c 18       		.uleb128 0x18
 976 051d D7000000 		.4byte	0xd7
 977 0521 18       		.byte	0x18
 978 0522 00       		.byte	0
 979 0523 19       		.uleb128 0x19
 980 0524 6D080000 		.4byte	.LASF113
 981 0528 01       		.byte	0x1
 982 0529 16       		.byte	0x16
 983 052a 34050000 		.4byte	0x534
 984 052e 05       		.uleb128 0x5
 985 052f 03       		.byte	0x3
 986 0530 00000000 		.4byte	HEADER_AND_UUID_BEACONX
 987 0534 1A       		.uleb128 0x1a
 988 0535 13050000 		.4byte	0x513
 989 0539 19       		.uleb128 0x19
 990 053a 85080000 		.4byte	.LASF114
 991 053e 01       		.byte	0x1
 992 053f 17       		.byte	0x17
 993 0540 4A050000 		.4byte	0x54a
 994 0544 05       		.uleb128 0x5
 995 0545 03       		.byte	0x3
 996 0546 00000000 		.4byte	HEADER_AND_UUID_BEACONY
 997 054a 1A       		.uleb128 0x1a
 998 054b 13050000 		.4byte	0x513
 999 054f 19       		.uleb128 0x19
 1000 0550 9D080000 		.4byte	.LASF115
 1001 0554 01       		.byte	0x1
 1002 0555 18       		.byte	0x18
ARM GAS  C:\Users\jupac\AppData\Local\Temp\ccfYsui9.s 			page 21


 1003 0556 60050000 		.4byte	0x560
 1004 055a 05       		.uleb128 0x5
 1005 055b 03       		.byte	0x3
 1006 055c 00000000 		.4byte	HEADER_AND_UUID_BEACONZ
 1007 0560 1A       		.uleb128 0x1a
 1008 0561 13050000 		.4byte	0x513
 1009 0565 1B       		.uleb128 0x1b
 1010 0566 9C0B0000 		.4byte	.LASF116
 1011 056a 9C0B0000 		.4byte	.LASF116
 1012 056e 07       		.byte	0x7
 1013 056f 8802     		.2byte	0x288
 1014 0571 1C       		.uleb128 0x1c
 1015 0572 860A0000 		.4byte	.LASF117
 1016 0576 860A0000 		.4byte	.LASF117
 1017 057a 08       		.byte	0x8
 1018 057b 16       		.byte	0x16
 1019 057c 1D       		.uleb128 0x1d
 1020 057d 570B0000 		.4byte	.LASF129
 1021 0581 570B0000 		.4byte	.LASF129
 1022 0585 1B       		.uleb128 0x1b
 1023 0586 F3050000 		.4byte	.LASF118
 1024 058a F3050000 		.4byte	.LASF118
 1025 058e 07       		.byte	0x7
 1026 058f 6B02     		.2byte	0x26b
 1027 0591 1C       		.uleb128 0x1c
 1028 0592 EF010000 		.4byte	.LASF119
 1029 0596 EF010000 		.4byte	.LASF119
 1030 059a 09       		.byte	0x9
 1031 059b 54       		.byte	0x54
 1032 059c 1C       		.uleb128 0x1c
 1033 059d B00B0000 		.4byte	.LASF120
 1034 05a1 B00B0000 		.4byte	.LASF120
 1035 05a5 09       		.byte	0x9
 1036 05a6 8B       		.byte	0x8b
 1037 05a7 1B       		.uleb128 0x1b
 1038 05a8 A2070000 		.4byte	.LASF121
 1039 05ac A2070000 		.4byte	.LASF121
 1040 05b0 05       		.byte	0x5
 1041 05b1 CF07     		.2byte	0x7cf
 1042 05b3 1C       		.uleb128 0x1c
 1043 05b4 690B0000 		.4byte	.LASF122
 1044 05b8 690B0000 		.4byte	.LASF122
 1045 05bc 0A       		.byte	0xa
 1046 05bd 32       		.byte	0x32
 1047 05be 1C       		.uleb128 0x1c
 1048 05bf 300B0000 		.4byte	.LASF123
 1049 05c3 300B0000 		.4byte	.LASF123
 1050 05c7 0B       		.byte	0xb
 1051 05c8 FD       		.byte	0xfd
 1052 05c9 00       		.byte	0
 1053              		.section	.debug_abbrev,"",%progbits
 1054              	.Ldebug_abbrev0:
 1055 0000 01       		.uleb128 0x1
 1056 0001 11       		.uleb128 0x11
 1057 0002 01       		.byte	0x1
 1058 0003 25       		.uleb128 0x25
 1059 0004 0E       		.uleb128 0xe
ARM GAS  C:\Users\jupac\AppData\Local\Temp\ccfYsui9.s 			page 22


 1060 0005 13       		.uleb128 0x13
 1061 0006 0B       		.uleb128 0xb
 1062 0007 03       		.uleb128 0x3
 1063 0008 0E       		.uleb128 0xe
 1064 0009 1B       		.uleb128 0x1b
 1065 000a 0E       		.uleb128 0xe
 1066 000b 55       		.uleb128 0x55
 1067 000c 17       		.uleb128 0x17
 1068 000d 11       		.uleb128 0x11
 1069 000e 01       		.uleb128 0x1
 1070 000f 10       		.uleb128 0x10
 1071 0010 17       		.uleb128 0x17
 1072 0011 00       		.byte	0
 1073 0012 00       		.byte	0
 1074 0013 02       		.uleb128 0x2
 1075 0014 24       		.uleb128 0x24
 1076 0015 00       		.byte	0
 1077 0016 0B       		.uleb128 0xb
 1078 0017 0B       		.uleb128 0xb
 1079 0018 3E       		.uleb128 0x3e
 1080 0019 0B       		.uleb128 0xb
 1081 001a 03       		.uleb128 0x3
 1082 001b 0E       		.uleb128 0xe
 1083 001c 00       		.byte	0
 1084 001d 00       		.byte	0
 1085 001e 03       		.uleb128 0x3
 1086 001f 16       		.uleb128 0x16
 1087 0020 00       		.byte	0
 1088 0021 03       		.uleb128 0x3
 1089 0022 0E       		.uleb128 0xe
 1090 0023 3A       		.uleb128 0x3a
 1091 0024 0B       		.uleb128 0xb
 1092 0025 3B       		.uleb128 0x3b
 1093 0026 0B       		.uleb128 0xb
 1094 0027 49       		.uleb128 0x49
 1095 0028 13       		.uleb128 0x13
 1096 0029 00       		.byte	0
 1097 002a 00       		.byte	0
 1098 002b 04       		.uleb128 0x4
 1099 002c 24       		.uleb128 0x24
 1100 002d 00       		.byte	0
 1101 002e 0B       		.uleb128 0xb
 1102 002f 0B       		.uleb128 0xb
 1103 0030 3E       		.uleb128 0x3e
 1104 0031 0B       		.uleb128 0xb
 1105 0032 03       		.uleb128 0x3
 1106 0033 08       		.uleb128 0x8
 1107 0034 00       		.byte	0
 1108 0035 00       		.byte	0
 1109 0036 05       		.uleb128 0x5
 1110 0037 16       		.uleb128 0x16
 1111 0038 00       		.byte	0
 1112 0039 03       		.uleb128 0x3
 1113 003a 0E       		.uleb128 0xe
 1114 003b 3A       		.uleb128 0x3a
 1115 003c 0B       		.uleb128 0xb
 1116 003d 3B       		.uleb128 0x3b
ARM GAS  C:\Users\jupac\AppData\Local\Temp\ccfYsui9.s 			page 23


 1117 003e 05       		.uleb128 0x5
 1118 003f 49       		.uleb128 0x49
 1119 0040 13       		.uleb128 0x13
 1120 0041 00       		.byte	0
 1121 0042 00       		.byte	0
 1122 0043 06       		.uleb128 0x6
 1123 0044 0F       		.uleb128 0xf
 1124 0045 00       		.byte	0
 1125 0046 0B       		.uleb128 0xb
 1126 0047 0B       		.uleb128 0xb
 1127 0048 00       		.byte	0
 1128 0049 00       		.byte	0
 1129 004a 07       		.uleb128 0x7
 1130 004b 04       		.uleb128 0x4
 1131 004c 01       		.byte	0x1
 1132 004d 0B       		.uleb128 0xb
 1133 004e 0B       		.uleb128 0xb
 1134 004f 49       		.uleb128 0x49
 1135 0050 13       		.uleb128 0x13
 1136 0051 3A       		.uleb128 0x3a
 1137 0052 0B       		.uleb128 0xb
 1138 0053 3B       		.uleb128 0x3b
 1139 0054 05       		.uleb128 0x5
 1140 0055 01       		.uleb128 0x1
 1141 0056 13       		.uleb128 0x13
 1142 0057 00       		.byte	0
 1143 0058 00       		.byte	0
 1144 0059 08       		.uleb128 0x8
 1145 005a 28       		.uleb128 0x28
 1146 005b 00       		.byte	0
 1147 005c 03       		.uleb128 0x3
 1148 005d 0E       		.uleb128 0xe
 1149 005e 1C       		.uleb128 0x1c
 1150 005f 0B       		.uleb128 0xb
 1151 0060 00       		.byte	0
 1152 0061 00       		.byte	0
 1153 0062 09       		.uleb128 0x9
 1154 0063 0F       		.uleb128 0xf
 1155 0064 00       		.byte	0
 1156 0065 0B       		.uleb128 0xb
 1157 0066 0B       		.uleb128 0xb
 1158 0067 49       		.uleb128 0x49
 1159 0068 13       		.uleb128 0x13
 1160 0069 00       		.byte	0
 1161 006a 00       		.byte	0
 1162 006b 0A       		.uleb128 0xa
 1163 006c 04       		.uleb128 0x4
 1164 006d 01       		.byte	0x1
 1165 006e 0B       		.uleb128 0xb
 1166 006f 0B       		.uleb128 0xb
 1167 0070 49       		.uleb128 0x49
 1168 0071 13       		.uleb128 0x13
 1169 0072 3A       		.uleb128 0x3a
 1170 0073 0B       		.uleb128 0xb
 1171 0074 3B       		.uleb128 0x3b
 1172 0075 0B       		.uleb128 0xb
 1173 0076 01       		.uleb128 0x1
ARM GAS  C:\Users\jupac\AppData\Local\Temp\ccfYsui9.s 			page 24


 1174 0077 13       		.uleb128 0x13
 1175 0078 00       		.byte	0
 1176 0079 00       		.byte	0
 1177 007a 0B       		.uleb128 0xb
 1178 007b 13       		.uleb128 0x13
 1179 007c 01       		.byte	0x1
 1180 007d 0B       		.uleb128 0xb
 1181 007e 0B       		.uleb128 0xb
 1182 007f 3A       		.uleb128 0x3a
 1183 0080 0B       		.uleb128 0xb
 1184 0081 3B       		.uleb128 0x3b
 1185 0082 05       		.uleb128 0x5
 1186 0083 01       		.uleb128 0x1
 1187 0084 13       		.uleb128 0x13
 1188 0085 00       		.byte	0
 1189 0086 00       		.byte	0
 1190 0087 0C       		.uleb128 0xc
 1191 0088 0D       		.uleb128 0xd
 1192 0089 00       		.byte	0
 1193 008a 03       		.uleb128 0x3
 1194 008b 0E       		.uleb128 0xe
 1195 008c 3A       		.uleb128 0x3a
 1196 008d 0B       		.uleb128 0xb
 1197 008e 3B       		.uleb128 0x3b
 1198 008f 05       		.uleb128 0x5
 1199 0090 49       		.uleb128 0x49
 1200 0091 13       		.uleb128 0x13
 1201 0092 38       		.uleb128 0x38
 1202 0093 0B       		.uleb128 0xb
 1203 0094 00       		.byte	0
 1204 0095 00       		.byte	0
 1205 0096 0D       		.uleb128 0xd
 1206 0097 2E       		.uleb128 0x2e
 1207 0098 01       		.byte	0x1
 1208 0099 3F       		.uleb128 0x3f
 1209 009a 19       		.uleb128 0x19
 1210 009b 03       		.uleb128 0x3
 1211 009c 0E       		.uleb128 0xe
 1212 009d 3A       		.uleb128 0x3a
 1213 009e 0B       		.uleb128 0xb
 1214 009f 3B       		.uleb128 0x3b
 1215 00a0 0B       		.uleb128 0xb
 1216 00a1 27       		.uleb128 0x27
 1217 00a2 19       		.uleb128 0x19
 1218 00a3 11       		.uleb128 0x11
 1219 00a4 01       		.uleb128 0x1
 1220 00a5 12       		.uleb128 0x12
 1221 00a6 06       		.uleb128 0x6
 1222 00a7 40       		.uleb128 0x40
 1223 00a8 18       		.uleb128 0x18
 1224 00a9 9742     		.uleb128 0x2117
 1225 00ab 19       		.uleb128 0x19
 1226 00ac 01       		.uleb128 0x1
 1227 00ad 13       		.uleb128 0x13
 1228 00ae 00       		.byte	0
 1229 00af 00       		.byte	0
 1230 00b0 0E       		.uleb128 0xe
ARM GAS  C:\Users\jupac\AppData\Local\Temp\ccfYsui9.s 			page 25


 1231 00b1 05       		.uleb128 0x5
 1232 00b2 00       		.byte	0
 1233 00b3 03       		.uleb128 0x3
 1234 00b4 0E       		.uleb128 0xe
 1235 00b5 3A       		.uleb128 0x3a
 1236 00b6 0B       		.uleb128 0xb
 1237 00b7 3B       		.uleb128 0x3b
 1238 00b8 0B       		.uleb128 0xb
 1239 00b9 49       		.uleb128 0x49
 1240 00ba 13       		.uleb128 0x13
 1241 00bb 02       		.uleb128 0x2
 1242 00bc 17       		.uleb128 0x17
 1243 00bd 00       		.byte	0
 1244 00be 00       		.byte	0
 1245 00bf 0F       		.uleb128 0xf
 1246 00c0 0B       		.uleb128 0xb
 1247 00c1 01       		.byte	0x1
 1248 00c2 11       		.uleb128 0x11
 1249 00c3 01       		.uleb128 0x1
 1250 00c4 12       		.uleb128 0x12
 1251 00c5 06       		.uleb128 0x6
 1252 00c6 00       		.byte	0
 1253 00c7 00       		.byte	0
 1254 00c8 10       		.uleb128 0x10
 1255 00c9 34       		.uleb128 0x34
 1256 00ca 00       		.byte	0
 1257 00cb 03       		.uleb128 0x3
 1258 00cc 0E       		.uleb128 0xe
 1259 00cd 3A       		.uleb128 0x3a
 1260 00ce 0B       		.uleb128 0xb
 1261 00cf 3B       		.uleb128 0x3b
 1262 00d0 0B       		.uleb128 0xb
 1263 00d1 49       		.uleb128 0x49
 1264 00d2 13       		.uleb128 0x13
 1265 00d3 02       		.uleb128 0x2
 1266 00d4 17       		.uleb128 0x17
 1267 00d5 00       		.byte	0
 1268 00d6 00       		.byte	0
 1269 00d7 11       		.uleb128 0x11
 1270 00d8 898201   		.uleb128 0x4109
 1271 00db 01       		.byte	0x1
 1272 00dc 11       		.uleb128 0x11
 1273 00dd 01       		.uleb128 0x1
 1274 00de 31       		.uleb128 0x31
 1275 00df 13       		.uleb128 0x13
 1276 00e0 01       		.uleb128 0x1
 1277 00e1 13       		.uleb128 0x13
 1278 00e2 00       		.byte	0
 1279 00e3 00       		.byte	0
 1280 00e4 12       		.uleb128 0x12
 1281 00e5 8A8201   		.uleb128 0x410a
 1282 00e8 00       		.byte	0
 1283 00e9 02       		.uleb128 0x2
 1284 00ea 18       		.uleb128 0x18
 1285 00eb 9142     		.uleb128 0x2111
 1286 00ed 18       		.uleb128 0x18
 1287 00ee 00       		.byte	0
ARM GAS  C:\Users\jupac\AppData\Local\Temp\ccfYsui9.s 			page 26


 1288 00ef 00       		.byte	0
 1289 00f0 13       		.uleb128 0x13
 1290 00f1 898201   		.uleb128 0x4109
 1291 00f4 01       		.byte	0x1
 1292 00f5 11       		.uleb128 0x11
 1293 00f6 01       		.uleb128 0x1
 1294 00f7 31       		.uleb128 0x31
 1295 00f8 13       		.uleb128 0x13
 1296 00f9 00       		.byte	0
 1297 00fa 00       		.byte	0
 1298 00fb 14       		.uleb128 0x14
 1299 00fc 2E       		.uleb128 0x2e
 1300 00fd 01       		.byte	0x1
 1301 00fe 3F       		.uleb128 0x3f
 1302 00ff 19       		.uleb128 0x19
 1303 0100 03       		.uleb128 0x3
 1304 0101 0E       		.uleb128 0xe
 1305 0102 3A       		.uleb128 0x3a
 1306 0103 0B       		.uleb128 0xb
 1307 0104 3B       		.uleb128 0x3b
 1308 0105 0B       		.uleb128 0xb
 1309 0106 27       		.uleb128 0x27
 1310 0107 19       		.uleb128 0x19
 1311 0108 49       		.uleb128 0x49
 1312 0109 13       		.uleb128 0x13
 1313 010a 11       		.uleb128 0x11
 1314 010b 01       		.uleb128 0x1
 1315 010c 12       		.uleb128 0x12
 1316 010d 06       		.uleb128 0x6
 1317 010e 40       		.uleb128 0x40
 1318 010f 18       		.uleb128 0x18
 1319 0110 9742     		.uleb128 0x2117
 1320 0112 19       		.uleb128 0x19
 1321 0113 01       		.uleb128 0x1
 1322 0114 13       		.uleb128 0x13
 1323 0115 00       		.byte	0
 1324 0116 00       		.byte	0
 1325 0117 15       		.uleb128 0x15
 1326 0118 34       		.uleb128 0x34
 1327 0119 00       		.byte	0
 1328 011a 03       		.uleb128 0x3
 1329 011b 0E       		.uleb128 0xe
 1330 011c 3A       		.uleb128 0x3a
 1331 011d 0B       		.uleb128 0xb
 1332 011e 3B       		.uleb128 0x3b
 1333 011f 0B       		.uleb128 0xb
 1334 0120 49       		.uleb128 0x49
 1335 0121 13       		.uleb128 0x13
 1336 0122 02       		.uleb128 0x2
 1337 0123 18       		.uleb128 0x18
 1338 0124 00       		.byte	0
 1339 0125 00       		.byte	0
 1340 0126 16       		.uleb128 0x16
 1341 0127 898201   		.uleb128 0x4109
 1342 012a 00       		.byte	0
 1343 012b 11       		.uleb128 0x11
 1344 012c 01       		.uleb128 0x1
ARM GAS  C:\Users\jupac\AppData\Local\Temp\ccfYsui9.s 			page 27


 1345 012d 31       		.uleb128 0x31
 1346 012e 13       		.uleb128 0x13
 1347 012f 00       		.byte	0
 1348 0130 00       		.byte	0
 1349 0131 17       		.uleb128 0x17
 1350 0132 01       		.uleb128 0x1
 1351 0133 01       		.byte	0x1
 1352 0134 49       		.uleb128 0x49
 1353 0135 13       		.uleb128 0x13
 1354 0136 01       		.uleb128 0x1
 1355 0137 13       		.uleb128 0x13
 1356 0138 00       		.byte	0
 1357 0139 00       		.byte	0
 1358 013a 18       		.uleb128 0x18
 1359 013b 21       		.uleb128 0x21
 1360 013c 00       		.byte	0
 1361 013d 49       		.uleb128 0x49
 1362 013e 13       		.uleb128 0x13
 1363 013f 2F       		.uleb128 0x2f
 1364 0140 0B       		.uleb128 0xb
 1365 0141 00       		.byte	0
 1366 0142 00       		.byte	0
 1367 0143 19       		.uleb128 0x19
 1368 0144 34       		.uleb128 0x34
 1369 0145 00       		.byte	0
 1370 0146 03       		.uleb128 0x3
 1371 0147 0E       		.uleb128 0xe
 1372 0148 3A       		.uleb128 0x3a
 1373 0149 0B       		.uleb128 0xb
 1374 014a 3B       		.uleb128 0x3b
 1375 014b 0B       		.uleb128 0xb
 1376 014c 49       		.uleb128 0x49
 1377 014d 13       		.uleb128 0x13
 1378 014e 3F       		.uleb128 0x3f
 1379 014f 19       		.uleb128 0x19
 1380 0150 02       		.uleb128 0x2
 1381 0151 18       		.uleb128 0x18
 1382 0152 00       		.byte	0
 1383 0153 00       		.byte	0
 1384 0154 1A       		.uleb128 0x1a
 1385 0155 26       		.uleb128 0x26
 1386 0156 00       		.byte	0
 1387 0157 49       		.uleb128 0x49
 1388 0158 13       		.uleb128 0x13
 1389 0159 00       		.byte	0
 1390 015a 00       		.byte	0
 1391 015b 1B       		.uleb128 0x1b
 1392 015c 2E       		.uleb128 0x2e
 1393 015d 00       		.byte	0
 1394 015e 3F       		.uleb128 0x3f
 1395 015f 19       		.uleb128 0x19
 1396 0160 3C       		.uleb128 0x3c
 1397 0161 19       		.uleb128 0x19
 1398 0162 6E       		.uleb128 0x6e
 1399 0163 0E       		.uleb128 0xe
 1400 0164 03       		.uleb128 0x3
 1401 0165 0E       		.uleb128 0xe
ARM GAS  C:\Users\jupac\AppData\Local\Temp\ccfYsui9.s 			page 28


 1402 0166 3A       		.uleb128 0x3a
 1403 0167 0B       		.uleb128 0xb
 1404 0168 3B       		.uleb128 0x3b
 1405 0169 05       		.uleb128 0x5
 1406 016a 00       		.byte	0
 1407 016b 00       		.byte	0
 1408 016c 1C       		.uleb128 0x1c
 1409 016d 2E       		.uleb128 0x2e
 1410 016e 00       		.byte	0
 1411 016f 3F       		.uleb128 0x3f
 1412 0170 19       		.uleb128 0x19
 1413 0171 3C       		.uleb128 0x3c
 1414 0172 19       		.uleb128 0x19
 1415 0173 6E       		.uleb128 0x6e
 1416 0174 0E       		.uleb128 0xe
 1417 0175 03       		.uleb128 0x3
 1418 0176 0E       		.uleb128 0xe
 1419 0177 3A       		.uleb128 0x3a
 1420 0178 0B       		.uleb128 0xb
 1421 0179 3B       		.uleb128 0x3b
 1422 017a 0B       		.uleb128 0xb
 1423 017b 00       		.byte	0
 1424 017c 00       		.byte	0
 1425 017d 1D       		.uleb128 0x1d
 1426 017e 2E       		.uleb128 0x2e
 1427 017f 00       		.byte	0
 1428 0180 3F       		.uleb128 0x3f
 1429 0181 19       		.uleb128 0x19
 1430 0182 3C       		.uleb128 0x3c
 1431 0183 19       		.uleb128 0x19
 1432 0184 6E       		.uleb128 0x6e
 1433 0185 0E       		.uleb128 0xe
 1434 0186 03       		.uleb128 0x3
 1435 0187 0E       		.uleb128 0xe
 1436 0188 00       		.byte	0
 1437 0189 00       		.byte	0
 1438 018a 00       		.byte	0
 1439              		.section	.debug_loc,"",%progbits
 1440              	.Ldebug_loc0:
 1441              	.LLST0:
 1442 0000 00000000 		.4byte	.LVL0
 1443 0004 0E000000 		.4byte	.LVL1
 1444 0008 0100     		.2byte	0x1
 1445 000a 50       		.byte	0x50
 1446 000b 0E000000 		.4byte	.LVL1
 1447 000f 14000000 		.4byte	.LVL3
 1448 0013 0400     		.2byte	0x4
 1449 0015 F3       		.byte	0xf3
 1450 0016 01       		.uleb128 0x1
 1451 0017 50       		.byte	0x50
 1452 0018 9F       		.byte	0x9f
 1453 0019 14000000 		.4byte	.LVL3
 1454 001d 22000000 		.4byte	.LVL5
 1455 0021 0100     		.2byte	0x1
 1456 0023 50       		.byte	0x50
 1457 0024 22000000 		.4byte	.LVL5
 1458 0028 5C000000 		.4byte	.LFE36
ARM GAS  C:\Users\jupac\AppData\Local\Temp\ccfYsui9.s 			page 29


 1459 002c 0400     		.2byte	0x4
 1460 002e F3       		.byte	0xf3
 1461 002f 01       		.uleb128 0x1
 1462 0030 50       		.byte	0x50
 1463 0031 9F       		.byte	0x9f
 1464 0032 00000000 		.4byte	0
 1465 0036 00000000 		.4byte	0
 1466              	.LLST1:
 1467 003a 00000000 		.4byte	.LVL0
 1468 003e 11000000 		.4byte	.LVL2-1
 1469 0042 0100     		.2byte	0x1
 1470 0044 51       		.byte	0x51
 1471 0045 11000000 		.4byte	.LVL2-1
 1472 0049 14000000 		.4byte	.LVL3
 1473 004d 0400     		.2byte	0x4
 1474 004f F3       		.byte	0xf3
 1475 0050 01       		.uleb128 0x1
 1476 0051 51       		.byte	0x51
 1477 0052 9F       		.byte	0x9f
 1478 0053 14000000 		.4byte	.LVL3
 1479 0057 20000000 		.4byte	.LVL4
 1480 005b 0100     		.2byte	0x1
 1481 005d 51       		.byte	0x51
 1482 005e 20000000 		.4byte	.LVL4
 1483 0062 5C000000 		.4byte	.LFE36
 1484 0066 0400     		.2byte	0x4
 1485 0068 F3       		.byte	0xf3
 1486 0069 01       		.uleb128 0x1
 1487 006a 51       		.byte	0x51
 1488 006b 9F       		.byte	0x9f
 1489 006c 00000000 		.4byte	0
 1490 0070 00000000 		.4byte	0
 1491              	.LLST2:
 1492 0074 14000000 		.4byte	.LVL3
 1493 0078 20000000 		.4byte	.LVL4
 1494 007c 0100     		.2byte	0x1
 1495 007e 51       		.byte	0x51
 1496 007f 20000000 		.4byte	.LVL4
 1497 0083 52000000 		.4byte	.LVL9
 1498 0087 0400     		.2byte	0x4
 1499 0089 F3       		.byte	0xf3
 1500 008a 01       		.uleb128 0x1
 1501 008b 51       		.byte	0x51
 1502 008c 9F       		.byte	0x9f
 1503 008d 00000000 		.4byte	0
 1504 0091 00000000 		.4byte	0
 1505              		.section	.debug_aranges,"",%progbits
 1506 0000 24000000 		.4byte	0x24
 1507 0004 0200     		.2byte	0x2
 1508 0006 00000000 		.4byte	.Ldebug_info0
 1509 000a 04       		.byte	0x4
 1510 000b 00       		.byte	0
 1511 000c 0000     		.2byte	0
 1512 000e 0000     		.2byte	0
 1513 0010 00000000 		.4byte	.LFB36
 1514 0014 5C000000 		.4byte	.LFE36-.LFB36
 1515 0018 00000000 		.4byte	.LFB37
ARM GAS  C:\Users\jupac\AppData\Local\Temp\ccfYsui9.s 			page 30


 1516 001c 58000000 		.4byte	.LFE37-.LFB37
 1517 0020 00000000 		.4byte	0
 1518 0024 00000000 		.4byte	0
 1519              		.section	.debug_ranges,"",%progbits
 1520              	.Ldebug_ranges0:
 1521 0000 00000000 		.4byte	.LFB36
 1522 0004 5C000000 		.4byte	.LFE36
 1523 0008 00000000 		.4byte	.LFB37
 1524 000c 58000000 		.4byte	.LFE37
 1525 0010 00000000 		.4byte	0
 1526 0014 00000000 		.4byte	0
 1527              		.section	.debug_line,"",%progbits
 1528              	.Ldebug_line0:
 1529 0000 47020000 		.section	.debug_str,"MS",%progbits,1
 1529      0200FD01 
 1529      00000201 
 1529      FB0E0D00 
 1529      01010101 
 1530              	.LASF85:
 1531 0000 4359424C 		.ascii	"CYBLE_EVT_L2CAP_CBFC_RX_CREDIT_IND\000"
 1531      455F4556 
 1531      545F4C32 
 1531      4341505F 
 1531      43424643 
 1532              	.LASF26:
 1533 0023 4359424C 		.ascii	"CYBLE_EVT_STACK_BUSY_STATUS\000"
 1533      455F4556 
 1533      545F5354 
 1533      41434B5F 
 1533      42555359 
 1534              	.LASF84:
 1535 003f 4359424C 		.ascii	"CYBLE_EVT_L2CAP_CBFC_DATA_READ\000"
 1535      455F4556 
 1535      545F4C32 
 1535      4341505F 
 1535      43424643 
 1536              	.LASF109:
 1537 005e 5072696E 		.ascii	"PrintBuffer\000"
 1537      74427566 
 1537      66657200 
 1538              	.LASF97:
 1539 006a 4359424C 		.ascii	"CYBLE_GAPC_SCAN_RSP\000"
 1539      455F4741 
 1539      50435F53 
 1539      43414E5F 
 1539      52535000 
 1540              	.LASF38:
 1541 007e 4359424C 		.ascii	"CYBLE_EVT_GAP_CONNECTION_UPDATE_COMPLETE\000"
 1541      455F4556 
 1541      545F4741 
 1541      505F434F 
 1541      4E4E4543 
 1542              	.LASF83:
 1543 00a7 4359424C 		.ascii	"CYBLE_EVT_L2CAP_CBFC_DISCONN_CNF\000"
 1543      455F4556 
 1543      545F4C32 
 1543      4341505F 
ARM GAS  C:\Users\jupac\AppData\Local\Temp\ccfYsui9.s 			page 31


 1543      43424643 
 1544              	.LASF43:
 1545 00c8 4359424C 		.ascii	"CYBLE_EVT_GAP_OOB_GENERATED_NOTIFICATION\000"
 1545      455F4556 
 1545      545F4741 
 1545      505F4F4F 
 1545      425F4745 
 1546              	.LASF63:
 1547 00f1 4359424C 		.ascii	"CYBLE_EVT_GATTC_READ_MULTI_RSP\000"
 1547      455F4556 
 1547      545F4741 
 1547      5454435F 
 1547      52454144 
 1548              	.LASF3:
 1549 0110 5F5F7569 		.ascii	"__uint8_t\000"
 1549      6E74385F 
 1549      7400
 1550              	.LASF23:
 1551 011a 4359424C 		.ascii	"CYBLE_EVT_TIMEOUT\000"
 1551      455F4556 
 1551      545F5449 
 1551      4D454F55 
 1551      5400
 1552              	.LASF6:
 1553 012c 6C6F6E67 		.ascii	"long int\000"
 1553      20696E74 
 1553      00
 1554              	.LASF124:
 1555 0135 474E5520 		.ascii	"GNU C11 5.4.1 20160609 (release) [ARM/embedded-5-br"
 1555      43313120 
 1555      352E342E 
 1555      31203230 
 1555      31363036 
 1556 0168 616E6368 		.ascii	"anch revision 237715] -mcpu=cortex-m0 -mthumb -g -O"
 1556      20726576 
 1556      6973696F 
 1556      6E203233 
 1556      37373135 
 1557 019b 67202D66 		.ascii	"g -ffunction-sections -ffat-lto-objects\000"
 1557      66756E63 
 1557      74696F6E 
 1557      2D736563 
 1557      74696F6E 
 1558              	.LASF9:
 1559 01c3 6C6F6E67 		.ascii	"long long unsigned int\000"
 1559      206C6F6E 
 1559      6720756E 
 1559      7369676E 
 1559      65642069 
 1560              	.LASF25:
 1561 01da 4359424C 		.ascii	"CYBLE_EVT_HCI_STATUS\000"
 1561      455F4556 
 1561      545F4843 
 1561      495F5354 
 1561      41545553 
 1562              	.LASF119:
 1563 01ef 55415254 		.ascii	"UART_Start\000"
ARM GAS  C:\Users\jupac\AppData\Local\Temp\ccfYsui9.s 			page 32


 1563      5F537461 
 1563      727400
 1564              	.LASF103:
 1565 01fa 64617461 		.ascii	"data\000"
 1565      00
 1566              	.LASF88:
 1567 01ff 4359424C 		.ascii	"CYBLE_EVT_PENDING_FLASH_WRITE\000"
 1567      455F4556 
 1567      545F5045 
 1567      4E44494E 
 1567      475F464C 
 1568              	.LASF77:
 1569 021d 4359424C 		.ascii	"CYBLE_EVT_L2CAP_CONN_PARAM_UPDATE_REQ\000"
 1569      455F4556 
 1569      545F4C32 
 1569      4341505F 
 1569      434F4E4E 
 1570              	.LASF37:
 1571 0243 4359424C 		.ascii	"CYBLE_EVT_GAP_ENCRYPT_CHANGE\000"
 1571      455F4556 
 1571      545F4741 
 1571      505F454E 
 1571      43525950 
 1572              	.LASF41:
 1573 0260 4359424C 		.ascii	"CYBLE_EVT_GAP_NUMERIC_COMPARISON_REQUEST\000"
 1573      455F4556 
 1573      545F4741 
 1573      505F4E55 
 1573      4D455249 
 1574              	.LASF8:
 1575 0289 6C6F6E67 		.ascii	"long long int\000"
 1575      206C6F6E 
 1575      6720696E 
 1575      7400
 1576              	.LASF0:
 1577 0297 7369676E 		.ascii	"signed char\000"
 1577      65642063 
 1577      68617200 
 1578              	.LASF22:
 1579 02a3 4359424C 		.ascii	"CYBLE_EVT_STACK_ON\000"
 1579      455F4556 
 1579      545F5354 
 1579      41434B5F 
 1579      4F4E00
 1580              	.LASF39:
 1581 02b6 4359424C 		.ascii	"CYBLE_EVT_GAPC_SCAN_START_STOP\000"
 1581      455F4556 
 1581      545F4741 
 1581      50435F53 
 1581      43414E5F 
 1582              	.LASF29:
 1583 02d5 4359424C 		.ascii	"CYBLE_EVT_GAP_AUTH_REQ\000"
 1583      455F4556 
 1583      545F4741 
 1583      505F4155 
 1583      54485F52 
 1584              	.LASF61:
ARM GAS  C:\Users\jupac\AppData\Local\Temp\ccfYsui9.s 			page 33


 1585 02ec 4359424C 		.ascii	"CYBLE_EVT_GATTC_READ_RSP\000"
 1585      455F4556 
 1585      545F4741 
 1585      5454435F 
 1585      52454144 
 1586              	.LASF66:
 1587 0305 4359424C 		.ascii	"CYBLE_EVT_GATTS_WRITE_CMD_REQ\000"
 1587      455F4556 
 1587      545F4741 
 1587      5454535F 
 1587      57524954 
 1588              	.LASF34:
 1589 0323 4359424C 		.ascii	"CYBLE_EVT_GAPP_ADVERTISEMENT_START_STOP\000"
 1589      455F4556 
 1589      545F4741 
 1589      50505F41 
 1589      44564552 
 1590              	.LASF13:
 1591 034b 75696E74 		.ascii	"uint8\000"
 1591      3800
 1592              	.LASF101:
 1593 0351 70656572 		.ascii	"peerBdAddr\000"
 1593      42644164 
 1593      647200
 1594              	.LASF69:
 1595 035c 4359424C 		.ascii	"CYBLE_EVT_GATTC_EXEC_WRITE_RSP\000"
 1595      455F4556 
 1595      545F4741 
 1595      5454435F 
 1595      45584543 
 1596              	.LASF17:
 1597 037b 646F7562 		.ascii	"double\000"
 1597      6C6500
 1598              	.LASF14:
 1599 0382 75696E74 		.ascii	"uint32\000"
 1599      333200
 1600              	.LASF92:
 1601 0389 4359424C 		.ascii	"CYBLE_EVT_MAX\000"
 1601      455F4556 
 1601      545F4D41 
 1601      5800
 1602              	.LASF102:
 1603 0397 64617461 		.ascii	"dataLen\000"
 1603      4C656E00 
 1604              	.LASF87:
 1605 039f 4359424C 		.ascii	"CYBLE_EVT_L2CAP_CBFC_DATA_WRITE_IND\000"
 1605      455F4556 
 1605      545F4C32 
 1605      4341505F 
 1605      43424643 
 1606              	.LASF49:
 1607 03c3 4359424C 		.ascii	"CYBLE_EVT_GAP_SCAN_REQ_RECVD\000"
 1607      455F4556 
 1607      545F4741 
 1607      505F5343 
 1607      414E5F52 
 1608              	.LASF94:
ARM GAS  C:\Users\jupac\AppData\Local\Temp\ccfYsui9.s 			page 34


 1609 03e0 4359424C 		.ascii	"CYBLE_GAPC_CONN_DIRECTED_ADV\000"
 1609      455F4741 
 1609      50435F43 
 1609      4F4E4E5F 
 1609      44495245 
 1610              	.LASF74:
 1611 03fd 4359424C 		.ascii	"CYBLE_EVT_GATTC_STOP_CMD_COMPLETE\000"
 1611      455F4556 
 1611      545F4741 
 1611      5454435F 
 1611      53544F50 
 1612              	.LASF10:
 1613 041f 756E7369 		.ascii	"unsigned int\000"
 1613      676E6564 
 1613      20696E74 
 1613      00
 1614              	.LASF89:
 1615 042c 4359424C 		.ascii	"CYBLE_EVT_LE_PING_AUTH_TIMEOUT\000"
 1615      455F4556 
 1615      545F4C45 
 1615      5F50494E 
 1615      475F4155 
 1616              	.LASF12:
 1617 044b 75696E74 		.ascii	"uint16_t\000"
 1617      31365F74 
 1617      00
 1618              	.LASF7:
 1619 0454 6C6F6E67 		.ascii	"long unsigned int\000"
 1619      20756E73 
 1619      69676E65 
 1619      6420696E 
 1619      7400
 1620              	.LASF48:
 1621 0466 4359424C 		.ascii	"CYBLE_EVT_GAP_CONN_ESTB\000"
 1621      455F4556 
 1621      545F4741 
 1621      505F434F 
 1621      4E4E5F45 
 1622              	.LASF64:
 1623 047e 4359424C 		.ascii	"CYBLE_EVT_GATTS_WRITE_REQ\000"
 1623      455F4556 
 1623      545F4741 
 1623      5454535F 
 1623      57524954 
 1624              	.LASF56:
 1625 0498 4359424C 		.ascii	"CYBLE_EVT_GATTC_XCHNG_MTU_RSP\000"
 1625      455F4556 
 1625      545F4741 
 1625      5454435F 
 1625      5843484E 
 1626              	.LASF73:
 1627 04b6 4359424C 		.ascii	"CYBLE_EVT_GATTS_DATA_SIGNED_CMD_REQ\000"
 1627      455F4556 
 1627      545F4741 
 1627      5454535F 
 1627      44415441 
 1628              	.LASF76:
ARM GAS  C:\Users\jupac\AppData\Local\Temp\ccfYsui9.s 			page 35


 1629 04da 4359424C 		.ascii	"CYBLE_EVT_GATTC_LONG_PROCEDURE_END\000"
 1629      455F4556 
 1629      545F4741 
 1629      5454435F 
 1629      4C4F4E47 
 1630              	.LASF106:
 1631 04fd 6576656E 		.ascii	"event\000"
 1631      7400
 1632              	.LASF5:
 1633 0503 73686F72 		.ascii	"short unsigned int\000"
 1633      7420756E 
 1633      7369676E 
 1633      65642069 
 1633      6E7400
 1634              	.LASF21:
 1635 0516 4359424C 		.ascii	"CYBLE_EVT_HOST_INVALID\000"
 1635      455F4556 
 1635      545F484F 
 1635      53545F49 
 1635      4E56414C 
 1636              	.LASF59:
 1637 052d 4359424C 		.ascii	"CYBLE_EVT_GATTC_FIND_INFO_RSP\000"
 1637      455F4556 
 1637      545F4741 
 1637      5454435F 
 1637      46494E44 
 1638              	.LASF27:
 1639 054b 4359424C 		.ascii	"CYBLE_EVT_MEMORY_REQUEST\000"
 1639      455F4556 
 1639      545F4D45 
 1639      4D4F5259 
 1639      5F524551 
 1640              	.LASF15:
 1641 0564 696E7438 		.ascii	"int8\000"
 1641      00
 1642              	.LASF68:
 1643 0569 4359424C 		.ascii	"CYBLE_EVT_GATTS_EXEC_WRITE_REQ\000"
 1643      455F4556 
 1643      545F4741 
 1643      5454535F 
 1643      45584543 
 1644              	.LASF30:
 1645 0588 4359424C 		.ascii	"CYBLE_EVT_GAP_PASSKEY_ENTRY_REQUEST\000"
 1645      455F4556 
 1645      545F4741 
 1645      505F5041 
 1645      53534B45 
 1646              	.LASF35:
 1647 05ac 4359424C 		.ascii	"CYBLE_EVT_GAP_DEVICE_CONNECTED\000"
 1647      455F4556 
 1647      545F4741 
 1647      505F4445 
 1647      56494345 
 1648              	.LASF125:
 1649 05cb 6D61696E 		.ascii	"main.c\000"
 1649      2E6300
 1650              	.LASF50:
ARM GAS  C:\Users\jupac\AppData\Local\Temp\ccfYsui9.s 			page 36


 1651 05d2 4359424C 		.ascii	"CYBLE_EVT_GAP_AUTH_REQ_REPLY_ERR\000"
 1651      455F4556 
 1651      545F4741 
 1651      505F4155 
 1651      54485F52 
 1652              	.LASF118:
 1653 05f3 4379426C 		.ascii	"CyBle_Start\000"
 1653      655F5374 
 1653      61727400 
 1654              	.LASF31:
 1655 05ff 4359424C 		.ascii	"CYBLE_EVT_GAP_PASSKEY_DISPLAY_REQUEST\000"
 1655      455F4556 
 1655      545F4741 
 1655      505F5041 
 1655      53534B45 
 1656              	.LASF53:
 1657 0625 4359424C 		.ascii	"CYBLE_EVT_GATT_CONNECT_IND\000"
 1657      455F4556 
 1657      545F4741 
 1657      54545F43 
 1657      4F4E4E45 
 1658              	.LASF79:
 1659 0640 4359424C 		.ascii	"CYBLE_EVT_L2CAP_COMMAND_REJ\000"
 1659      455F4556 
 1659      545F4C32 
 1659      4341505F 
 1659      434F4D4D 
 1660              	.LASF28:
 1661 065c 4359424C 		.ascii	"CYBLE_EVT_GAPC_SCAN_PROGRESS_RESULT\000"
 1661      455F4556 
 1661      545F4741 
 1661      50435F53 
 1661      43414E5F 
 1662              	.LASF96:
 1663 0680 4359424C 		.ascii	"CYBLE_GAPC_NON_CONN_UNDIRECTED_ADV\000"
 1663      455F4741 
 1663      50435F4E 
 1663      4F4E5F43 
 1663      4F4E4E5F 
 1664              	.LASF51:
 1665 06a3 4359424C 		.ascii	"CYBLE_EVT_GAP_SMP_LOC_P256_KEYS_GEN_AND_SET_COMPLET"
 1665      455F4556 
 1665      545F4741 
 1665      505F534D 
 1665      505F4C4F 
 1666 06d6 4500     		.ascii	"E\000"
 1667              	.LASF80:
 1668 06d8 4359424C 		.ascii	"CYBLE_EVT_L2CAP_CBFC_CONN_IND\000"
 1668      455F4556 
 1668      545F4C32 
 1668      4341505F 
 1668      43424643 
 1669              	.LASF58:
 1670 06f6 4359424C 		.ascii	"CYBLE_EVT_GATTC_READ_BY_TYPE_RSP\000"
 1670      455F4556 
 1670      545F4741 
 1670      5454435F 
ARM GAS  C:\Users\jupac\AppData\Local\Temp\ccfYsui9.s 			page 37


 1670      52454144 
 1671              	.LASF20:
 1672 0717 73697A65 		.ascii	"sizetype\000"
 1672      74797065 
 1672      00
 1673              	.LASF33:
 1674 0720 4359424C 		.ascii	"CYBLE_EVT_GAP_AUTH_FAILED\000"
 1674      455F4556 
 1674      545F4741 
 1674      505F4155 
 1674      54485F46 
 1675              	.LASF65:
 1676 073a 4359424C 		.ascii	"CYBLE_EVT_GATTC_WRITE_RSP\000"
 1676      455F4556 
 1676      545F4741 
 1676      5454435F 
 1676      57524954 
 1677              	.LASF127:
 1678 0754 41707043 		.ascii	"AppCallBack\000"
 1678      616C6C42 
 1678      61636B00 
 1679              	.LASF46:
 1680 0760 4359424C 		.ascii	"CYBLE_EVT_GAPC_DIRECT_ADV_REPORT\000"
 1680      455F4556 
 1680      545F4741 
 1680      50435F44 
 1680      49524543 
 1681              	.LASF44:
 1682 0781 4359424C 		.ascii	"CYBLE_EVT_GAP_DATA_LENGTH_CHANGE\000"
 1682      455F4556 
 1682      545F4741 
 1682      505F4441 
 1682      54415F4C 
 1683              	.LASF121:
 1684 07a2 4379426C 		.ascii	"CyBle_ProcessEvents\000"
 1684      655F5072 
 1684      6F636573 
 1684      73457665 
 1684      6E747300 
 1685              	.LASF32:
 1686 07b6 4359424C 		.ascii	"CYBLE_EVT_GAP_AUTH_COMPLETE\000"
 1686      455F4556 
 1686      545F4741 
 1686      505F4155 
 1686      54485F43 
 1687              	.LASF111:
 1688 07d2 64617461 		.ascii	"databeacon\000"
 1688      62656163 
 1688      6F6E00
 1689              	.LASF70:
 1690 07dd 4359424C 		.ascii	"CYBLE_EVT_GATTC_HANDLE_VALUE_NTF\000"
 1690      455F4556 
 1690      545F4741 
 1690      5454435F 
 1690      48414E44 
 1691              	.LASF98:
 1692 07fe 4359424C 		.ascii	"CYBLE_GAPC_ADV_EVENT_T\000"
ARM GAS  C:\Users\jupac\AppData\Local\Temp\ccfYsui9.s 			page 38


 1692      455F4741 
 1692      50435F41 
 1692      44565F45 
 1692      56454E54 
 1693              	.LASF81:
 1694 0815 4359424C 		.ascii	"CYBLE_EVT_L2CAP_CBFC_CONN_CNF\000"
 1694      455F4556 
 1694      545F4C32 
 1694      4341505F 
 1694      43424643 
 1695              	.LASF57:
 1696 0833 4359424C 		.ascii	"CYBLE_EVT_GATTC_READ_BY_GROUP_TYPE_RSP\000"
 1696      455F4556 
 1696      545F4741 
 1696      5454435F 
 1696      52454144 
 1697              	.LASF100:
 1698 085a 70656572 		.ascii	"peerAddrType\000"
 1698      41646472 
 1698      54797065 
 1698      00
 1699              	.LASF16:
 1700 0867 666C6F61 		.ascii	"float\000"
 1700      7400
 1701              	.LASF113:
 1702 086d 48454144 		.ascii	"HEADER_AND_UUID_BEACONX\000"
 1702      45525F41 
 1702      4E445F55 
 1702      5549445F 
 1702      42454143 
 1703              	.LASF114:
 1704 0885 48454144 		.ascii	"HEADER_AND_UUID_BEACONY\000"
 1704      45525F41 
 1704      4E445F55 
 1704      5549445F 
 1704      42454143 
 1705              	.LASF115:
 1706 089d 48454144 		.ascii	"HEADER_AND_UUID_BEACONZ\000"
 1706      45525F41 
 1706      4E445F55 
 1706      5549445F 
 1706      42454143 
 1707              	.LASF1:
 1708 08b5 756E7369 		.ascii	"unsigned char\000"
 1708      676E6564 
 1708      20636861 
 1708      7200
 1709              	.LASF42:
 1710 08c3 4359424C 		.ascii	"CYBLE_EVT_GAP_KEYPRESS_NOTIFICATION\000"
 1710      455F4556 
 1710      545F4741 
 1710      505F4B45 
 1710      59505245 
 1711              	.LASF2:
 1712 08e7 73686F72 		.ascii	"short int\000"
 1712      7420696E 
 1712      7400
ARM GAS  C:\Users\jupac\AppData\Local\Temp\ccfYsui9.s 			page 39


 1713              	.LASF110:
 1714 08f1 636F6E74 		.ascii	"contador\000"
 1714      61646F72 
 1714      00
 1715              	.LASF71:
 1716 08fa 4359424C 		.ascii	"CYBLE_EVT_GATTC_HANDLE_VALUE_IND\000"
 1716      455F4556 
 1716      545F4741 
 1716      5454435F 
 1716      48414E44 
 1717              	.LASF90:
 1718 091b 4359424C 		.ascii	"CYBLE_EVT_HCI_PKT\000"
 1718      455F4556 
 1718      545F4843 
 1718      495F504B 
 1718      5400
 1719              	.LASF67:
 1720 092d 4359424C 		.ascii	"CYBLE_EVT_GATTS_PREP_WRITE_REQ\000"
 1720      455F4556 
 1720      545F4741 
 1720      5454535F 
 1720      50524550 
 1721              	.LASF72:
 1722 094c 4359424C 		.ascii	"CYBLE_EVT_GATTS_HANDLE_VALUE_CNF\000"
 1722      455F4556 
 1722      545F4741 
 1722      5454535F 
 1722      48414E44 
 1723              	.LASF52:
 1724 096d 4359424C 		.ascii	"CYBLE_EVT_GATTC_ERROR_RSP\000"
 1724      455F4556 
 1724      545F4741 
 1724      5454435F 
 1724      4552524F 
 1725              	.LASF47:
 1726 0987 4359424C 		.ascii	"CYBLE_EVT_GAP_SMP_NEGOTIATED_AUTH_INFO\000"
 1726      455F4556 
 1726      545F4741 
 1726      505F534D 
 1726      505F4E45 
 1727              	.LASF108:
 1728 09ae 61647652 		.ascii	"advReport\000"
 1728      65706F72 
 1728      7400
 1729              	.LASF19:
 1730 09b8 6C6F6E67 		.ascii	"long double\000"
 1730      20646F75 
 1730      626C6500 
 1731              	.LASF91:
 1732 09c4 4359424C 		.ascii	"CYBLE_EVT_FLASH_CORRUPT\000"
 1732      455F4556 
 1732      545F464C 
 1732      4153485F 
 1732      434F5252 
 1733              	.LASF18:
 1734 09dc 63686172 		.ascii	"char\000"
 1734      00
ARM GAS  C:\Users\jupac\AppData\Local\Temp\ccfYsui9.s 			page 40


 1735              	.LASF36:
 1736 09e1 4359424C 		.ascii	"CYBLE_EVT_GAP_DEVICE_DISCONNECTED\000"
 1736      455F4556 
 1736      545F4741 
 1736      505F4445 
 1736      56494345 
 1737              	.LASF4:
 1738 0a03 5F5F7569 		.ascii	"__uint16_t\000"
 1738      6E743136 
 1738      5F7400
 1739              	.LASF75:
 1740 0a0e 4359424C 		.ascii	"CYBLE_EVT_GATTS_READ_CHAR_VAL_ACCESS_REQ\000"
 1740      455F4556 
 1740      545F4741 
 1740      5454535F 
 1740      52454144 
 1741              	.LASF112:
 1742 0a37 42454143 		.ascii	"BEACON_LENGHT\000"
 1742      4F4E5F4C 
 1742      454E4748 
 1742      5400
 1743              	.LASF86:
 1744 0a45 4359424C 		.ascii	"CYBLE_EVT_L2CAP_CBFC_TX_CREDIT_IND\000"
 1744      455F4556 
 1744      545F4C32 
 1744      4341505F 
 1744      43424643 
 1745              	.LASF62:
 1746 0a68 4359424C 		.ascii	"CYBLE_EVT_GATTC_READ_BLOB_RSP\000"
 1746      455F4556 
 1746      545F4741 
 1746      5454435F 
 1746      52454144 
 1747              	.LASF117:
 1748 0a86 6D656D63 		.ascii	"memcmp\000"
 1748      6D7000
 1749              	.LASF126:
 1750 0a8d 433A5C55 		.ascii	"C:\\Users\\jupac\\Documents\\Telecofinal\\EntregaTF"
 1750      73657273 
 1750      5C6A7570 
 1750      61635C44 
 1750      6F63756D 
 1751 0abb 475F4A75 		.ascii	"G_JuanPabloCanoLopez\\Proyecto_Programado\\Workspac"
 1751      616E5061 
 1751      626C6F43 
 1751      616E6F4C 
 1751      6F70657A 
 1752 0aec 6550315C 		.ascii	"eP1\\Scan_All.cydsn\000"
 1752      5363616E 
 1752      5F416C6C 
 1752      2E637964 
 1752      736E00
 1753              	.LASF24:
 1754 0aff 4359424C 		.ascii	"CYBLE_EVT_HARDWARE_ERROR\000"
 1754      455F4556 
 1754      545F4841 
 1754      52445741 
ARM GAS  C:\Users\jupac\AppData\Local\Temp\ccfYsui9.s 			page 41


 1754      52455F45 
 1755              	.LASF105:
 1756 0b18 4359424C 		.ascii	"CYBLE_GAPC_ADV_REPORT_T\000"
 1756      455F4741 
 1756      50435F41 
 1756      44565F52 
 1756      45504F52 
 1757              	.LASF123:
 1758 0b30 736E7072 		.ascii	"snprintf\000"
 1758      696E7466 
 1758      00
 1759              	.LASF55:
 1760 0b39 4359424C 		.ascii	"CYBLE_EVT_GATTS_XCNHG_MTU_REQ\000"
 1760      455F4556 
 1760      545F4741 
 1760      5454535F 
 1760      58434E48 
 1761              	.LASF129:
 1762 0b57 6D656D73 		.ascii	"memset\000"
 1762      657400
 1763              	.LASF107:
 1764 0b5e 6576656E 		.ascii	"eventParam\000"
 1764      74506172 
 1764      616D00
 1765              	.LASF122:
 1766 0b69 42555454 		.ascii	"BUTTON_Read\000"
 1766      4F4E5F52 
 1766      65616400 
 1767              	.LASF95:
 1768 0b75 4359424C 		.ascii	"CYBLE_GAPC_SCAN_UNDIRECTED_ADV\000"
 1768      455F4741 
 1768      50435F53 
 1768      43414E5F 
 1768      554E4449 
 1769              	.LASF11:
 1770 0b94 75696E74 		.ascii	"uint8_t\000"
 1770      385F7400 
 1771              	.LASF116:
 1772 0b9c 4379426C 		.ascii	"CyBle_GapcStartScan\000"
 1772      655F4761 
 1772      70635374 
 1772      61727453 
 1772      63616E00 
 1773              	.LASF120:
 1774 0bb0 55415254 		.ascii	"UART_PutString\000"
 1774      5F507574 
 1774      53747269 
 1774      6E6700
 1775              	.LASF60:
 1776 0bbf 4359424C 		.ascii	"CYBLE_EVT_GATTC_FIND_BY_TYPE_VALUE_RSP\000"
 1776      455F4556 
 1776      545F4741 
 1776      5454435F 
 1776      46494E44 
 1777              	.LASF40:
 1778 0be6 4359424C 		.ascii	"CYBLE_EVT_GAP_KEYINFO_EXCHNGE_CMPLT\000"
 1778      455F4556 
ARM GAS  C:\Users\jupac\AppData\Local\Temp\ccfYsui9.s 			page 42


 1778      545F4741 
 1778      505F4B45 
 1778      59494E46 
 1779              	.LASF99:
 1780 0c0a 6576656E 		.ascii	"eventType\000"
 1780      74547970 
 1780      6500
 1781              	.LASF82:
 1782 0c14 4359424C 		.ascii	"CYBLE_EVT_L2CAP_CBFC_DISCONN_IND\000"
 1782      455F4556 
 1782      545F4C32 
 1782      4341505F 
 1782      43424643 
 1783              	.LASF104:
 1784 0c35 72737369 		.ascii	"rssi\000"
 1784      00
 1785              	.LASF78:
 1786 0c3a 4359424C 		.ascii	"CYBLE_EVT_L2CAP_CONN_PARAM_UPDATE_RSP\000"
 1786      455F4556 
 1786      545F4C32 
 1786      4341505F 
 1786      434F4E4E 
 1787              	.LASF128:
 1788 0c60 6D61696E 		.ascii	"main\000"
 1788      00
 1789              	.LASF45:
 1790 0c65 4359424C 		.ascii	"CYBLE_EVT_GAP_ENHANCE_CONN_COMPLETE\000"
 1790      455F4556 
 1790      545F4741 
 1790      505F454E 
 1790      48414E43 
 1791              	.LASF54:
 1792 0c89 4359424C 		.ascii	"CYBLE_EVT_GATT_DISCONNECT_IND\000"
 1792      455F4556 
 1792      545F4741 
 1792      54545F44 
 1792      4953434F 
 1793              	.LASF93:
 1794 0ca7 4359424C 		.ascii	"CYBLE_GAPC_CONN_UNDIRECTED_ADV\000"
 1794      455F4741 
 1794      50435F43 
 1794      4F4E4E5F 
 1794      554E4449 
 1795              		.ident	"GCC: (GNU Tools for ARM Embedded Processors) 5.4.1 20160609 (release) [ARM/embedded-5-bran
